#
# A fatal error has been detected by the Java Runtime Environment:
#
#  Internal Error (0xc000000d), pid=18312, tid=0x0000000000002380
#
# JRE version: Java(TM) SE Runtime Environment (8.0_202-b08) (build 1.8.0_202-b08)
# Java VM: Java HotSpot(TM) 64-Bit Server VM (25.202-b08 mixed mode windows-amd64 compressed oops)
# Problematic frame:
# C  [ntdll.dll+0x112174]
#
# Failed to write core dump. Minidumps are not enabled by default on client versions of Windows
#
# If you would like to submit a bug report, please visit:
#   http://bugreport.java.com/bugreport/crash.jsp
#

---------------  T H R E A D  ---------------

Current thread (0x000000001c0d2000):  VMThread [stack: 0x000000001e1e0000,0x000000001e2e0000] [id=9088]

siginfo: ExceptionCode=0xc000000d

Registers:
RAX=0x0000000000000000, RBX=0x0000000000000000, RCX=0x0000000000000000, RDX=0x0000000000000000
RSP=0x000000001e2de8e0, RBP=0x0000000000000003, RSI=0x000000000000102c, RDI=0x0000000025da9290
R8 =0x0000000000000000, R9 =0x0000000000000000, R10=0x0000000000000000, R11=0x0000000000000000
R12=0x000000000000102c, R13=0x00007ff9d628e540, R14=0x0000000000000000, R15=0x000000000000102c
RIP=0x00007ffa064a2174, EFLAGS=0x0000000000000206

Top of Stack: (sp=0x000000001e2de8e0)
0x000000001e2de8e0:   0000000000000057 0000000000000000
0x000000001e2de8f0:   000000000000102c 0000000000470000
0x000000001e2de900:   00000000c000000d 0000000000000000
0x000000001e2de910:   00007ffa064a2174 0000000000000000
0x000000001e2de920:   0000000000000000 0000000000000000
0x000000001e2de930:   0000000000000000 0000000000000000
0x000000001e2de940:   0000000000000000 0000000000000000
0x000000001e2de950:   0000000000000000 0000000000000000
0x000000001e2de960:   0000000000000000 0000000000000000
0x000000001e2de970:   0000000000000000 0000000000000000
0x000000001e2de980:   0000000000000000 0000000000000000
0x000000001e2de990:   0000000000000000 00007ffa063e07b0
0x000000001e2de9a0:   00005d989b60f384 00007ffa063b47b1
0x000000001e2de9b0:   0000000000400000 00007ffa0643c44f
0x000000001e2de9c0:   0000000000000001 00007ff9f9b3949b
0x000000001e2de9d0:   00007ff9d628e540 000000000000102c 

Instructions: (pc=0x00007ffa064a2174)
0x00007ffa064a2154:   1c f9 ff c7 44 24 20 0d 00 00 c0 b9 57 00 00 00
0x00007ffa064a2164:   e8 07 e6 f3 ff 90 48 8d 4c 24 20 e8 ac ee f3 ff
0x00007ffa064a2174:   eb 00 48 8b 8c 24 c0 00 00 00 48 33 cc e8 aa a0
0x00007ffa064a2184:   f7 ff 48 81 c4 d8 00 00 00 c3 cc 40 55 48 83 ec 


Register to memory mapping:

RAX=0x0000000000000000 is an unknown value
RBX=0x0000000000000000 is an unknown value
RCX=0x0000000000000000 is an unknown value
RDX=0x0000000000000000 is an unknown value
RSP=0x000000001e2de8e0 is an unknown value
RBP=0x0000000000000003 is an unknown value
RSI=0x000000000000102c is an unknown value
RDI=0x0000000025da9290 is an unknown value
R8 =0x0000000000000000 is an unknown value
R9 =0x0000000000000000 is an unknown value
R10=0x0000000000000000 is an unknown value
R11=0x0000000000000000 is an unknown value
R12=0x000000000000102c is an unknown value
R13=0x00007ff9d628e540 is an unknown value
R14=0x0000000000000000 is an unknown value
R15=0x000000000000102c is an unknown value


Stack: [0x000000001e1e0000,0x000000001e2e0000],  sp=0x000000001e2de8e0,  free space=1018k
Native frames: (J=compiled Java code, j=interpreted, Vv=VM code, C=native code)
C  [ntdll.dll+0x112174]
C  [ntdll.dll+0xac44f]
C  [ntdll.dll+0x11d95]
C  [RTWorkQ.DLL+0x7123]
C  [RTWorkQ.DLL+0x6fd5]
C  [RTWorkQ.DLL+0x6e8e]
C  [FrameServerClient.dll+0x407bc]
C  [FrameServerClient.dll+0x27c42]
C  [FrameServerClient.dll+0x40ca5]
C  [RTWorkQ.DLL+0x16713]
C  [RTWorkQ.DLL+0x8169]
C  [RTWorkQ.DLL+0xcf03]
C  [RTWorkQ.DLL+0xce3a]
C  [FrameServerClient.dll+0x40869]
C  [FrameServerClient.dll+0x27500]
C  [FrameServerClient.dll+0x24057]
C  [FrameServerClient.dll+0x1f3a4]
C  [FrameServerClient.dll+0x16a79]
C  [FrameServerClient.dll+0x11313]
C  [FrameServerClient.dll+0xc95e]
C  [FrameServerClient.dll+0x86f2]
C  [MFCORE.dll+0x2d6540]
C  [MFCORE.dll+0x2d20af]
C  [MFCORE.dll+0x2d5b29]
C  [MFReadWrite.dll+0xec05]
C  [MFReadWrite.dll+0x25bef]
C  [ATL.DLL+0x3411]
C  [mfksproxy.dll+0x13815]
C  [mfksproxy.dll+0x149a4]
C  [ATL.DLL+0x3411]
C  [mfksproxy.dll+0x2160]
C  [mfksproxy.dll+0x1ee4]
C  [mfksproxy.dll+0x3326b]
C  [opencv_videoio310.dll+0x222b3]
C  [opencv_videoio310.dll+0x2182f]
C  [opencv_videoio310.dll+0x2d6e0]
C  [opencv_videoio310.dll+0x296a0]
C  [opencv_videoio310.dll+0x29922]
C  [ntdll.dll+0x19a1d]
C  [ntdll.dll+0x5db91]
C  [ntdll.dll+0x5da2d]
C  [KERNEL32.DLL+0x1e0ab]
C  [msvcr100.dll+0x20ccd]
V  [jvm.dll+0x214045]
V  [jvm.dll+0x24d5d7]
V  [jvm.dll+0x24c876]
V  [jvm.dll+0x24cd11]
V  [jvm.dll+0x24cf2e]
V  [jvm.dll+0x29fc6a]
C  [msvcr100.dll+0x21d9f]
C  [msvcr100.dll+0x21e3b]
C  [KERNEL32.DLL+0x17034]
C  [ntdll.dll+0x52651]

VM_Operation (0x000000002d68cde0): Exit, mode: safepoint, requested by thread 0x0000000025397000


---------------  P R O C E S S  ---------------

Java Threads: ( => current thread )
  0x0000000025397000 JavaThread "AWT-EventQueue-0" [_thread_blocked, id=28144, stack(0x000000002d590000,0x000000002d690000)]
  0x0000000025396000 JavaThread "AWT-Shutdown" [_thread_blocked, id=32924, stack(0x000000002c9a0000,0x000000002caa0000)]
  0x000000002538f800 JavaThread "Java2D Disposer" daemon [_thread_blocked, id=29136, stack(0x000000002c8a0000,0x000000002c9a0000)]
  0x0000000025395800 JavaThread "rebel-change-detector-thread" daemon [_thread_blocked, id=33740, stack(0x00000000261e0000,0x00000000262e0000)]
  0x0000000025394800 JavaThread "rebel-debugger-thread" daemon [_thread_blocked, id=15152, stack(0x00000000260e0000,0x00000000261e0000)]
  0x0000000025394000 JavaThread "rebel-debugger-attach-notifier" daemon [_thread_blocked, id=13076, stack(0x0000000025fe0000,0x00000000260e0000)]
  0x000000002538e000 JavaThread "rebel-heartbeat-thread" daemon [_thread_blocked, id=22476, stack(0x0000000025ee0000,0x0000000025fe0000)]
  0x00000000207e4800 JavaThread "rebel-redeploy-thread" daemon [_thread_blocked, id=31900, stack(0x0000000025de0000,0x0000000025ee0000)]
  0x00000000207e9800 JavaThread "rebel-leaseManager-1" daemon [_thread_blocked, id=33644, stack(0x0000000021900000,0x0000000021a00000)]
  0x00000000207e9000 JavaThread "rebel-messaging-executor-42" daemon [_thread_blocked, id=30132, stack(0x0000000021800000,0x0000000021900000)]
  0x00000000207e8000 JavaThread "rebel-IDENotificationsImpl-PostCycle" daemon [_thread_blocked, id=13356, stack(0x000000001f940000,0x000000001fa40000)]
  0x00000000207e7800 JavaThread "rebel-weak-reaper" daemon [_thread_blocked, id=19564, stack(0x000000001f840000,0x000000001f940000)]
  0x00000000207e6800 JavaThread "rebel-cache-writer" daemon [_thread_blocked, id=33116, stack(0x000000001f540000,0x000000001f640000)]
  0x000000002000c800 JavaThread "rebel-CacheKeepAlive" daemon [_thread_blocked, id=20644, stack(0x0000000021110000,0x0000000021210000)]
  0x000000001fe82800 JavaThread "rebel-logger" daemon [_thread_blocked, id=15748, stack(0x0000000020e10000,0x0000000020f10000)]
  0x000000001eb17000 JavaThread "Service Thread" daemon [_thread_blocked, id=8536, stack(0x000000001f340000,0x000000001f440000)]
  0x000000001ea77800 JavaThread "C1 CompilerThread3" daemon [_thread_blocked, id=2664, stack(0x000000001f240000,0x000000001f340000)]
  0x000000001ea72800 JavaThread "C2 CompilerThread2" daemon [_thread_blocked, id=33328, stack(0x000000001f140000,0x000000001f240000)]
  0x000000001ea72000 JavaThread "C2 CompilerThread1" daemon [_thread_blocked, id=28120, stack(0x000000001f040000,0x000000001f140000)]
  0x000000001ea6b000 JavaThread "C2 CompilerThread0" daemon [_thread_blocked, id=10844, stack(0x000000001ef40000,0x000000001f040000)]
  0x000000001d3f0000 JavaThread "Attach Listener" daemon [_thread_blocked, id=9540, stack(0x000000001e640000,0x000000001e740000)]
  0x000000001d3ef000 JavaThread "Signal Dispatcher" daemon [_thread_blocked, id=22960, stack(0x000000001e540000,0x000000001e640000)]
  0x000000001c0d7800 JavaThread "Finalizer" daemon [_thread_blocked, id=7460, stack(0x000000001e3e0000,0x000000001e4e0000)]
  0x000000001c0d6000 JavaThread "Reference Handler" daemon [_thread_blocked, id=18552, stack(0x000000001e2e0000,0x000000001e3e0000)]
  0x0000000002737000 JavaThread "main" [_thread_blocked, id=17280, stack(0x0000000002630000,0x0000000002730000)]

Other Threads:
=>0x000000001c0d2000 VMThread [stack: 0x000000001e1e0000,0x000000001e2e0000] [id=9088]

VM state:at safepoint (shutting down)

VM Mutex/Monitor currently owned by a thread:  ([mutex/lock_event])
[0x00000000027344a0] Threads_lock - owner thread: 0x000000001c0d2000

heap address: 0x00000006c4a00000, size: 4022 MB, Compressed Oops mode: Zero based, Oop shift amount: 3
Narrow klass base: 0x0000000000000000, Narrow klass shift: 3
Compressed class space size: 1073741824 Address: 0x00000007c0000000

Heap:
 PSYoungGen      total 139776K, used 15919K [0x000000076c380000, 0x0000000777500000, 0x00000007c0000000)
  eden space 129024K, 12% used [0x000000076c380000,0x000000076d30bf38,0x0000000774180000)
  from space 10752K, 0% used [0x0000000774180000,0x0000000774180000,0x0000000774c00000)
  to   space 10752K, 0% used [0x0000000776a80000,0x0000000776a80000,0x0000000777500000)
 ParOldGen       total 203776K, used 18695K [0x00000006c4a00000, 0x00000006d1100000, 0x000000076c380000)
  object space 203776K, 9% used [0x00000006c4a00000,0x00000006c5c41d48,0x00000006d1100000)
 Metaspace       used 35286K, capacity 36420K, committed 36648K, reserved 1081344K
  class space    used 4174K, capacity 4460K, committed 4480K, reserved 1048576K

Card table byte_map: [0x0000000011bf0000,0x00000000123d0000] byte_map_base: 0x000000000e5cb000

Marking Bits: (ParMarkBitMap*) 0x00000000755e5ce0
 Begin Bits: [0x0000000013110000, 0x0000000016fe8000)
 End Bits:   [0x0000000016fe8000, 0x000000001aec0000)

Polling page: 0x0000000000490000

CodeCache: size=245760Kb used=9881Kb max_used=12008Kb free=235878Kb
 bounds [0x0000000002830000, 0x0000000003400000, 0x0000000011830000]
 total_blobs=3899 nmethods=3220 adapters=591
 compilation: enabled

Compilation events (10 events):
Event: 17.973 Thread 0x000000001ea6b000 3902       4       com.zeroturnaround.javarebel.bd::b (16 bytes)
Event: 17.975 Thread 0x000000001ea6b000 nmethod 3902 0x0000000002c1d990 code [0x0000000002c1dae0, 0x0000000002c1dd18]
Event: 17.976 Thread 0x000000001ea72800 3903       4       com.zeroturnaround.javarebel.fxz::a (244 bytes)
Event: 17.979 Thread 0x000000001ea72000 3904       4       com.zeroturnaround.javarebel.bd::c (16 bytes)
Event: 17.979 Thread 0x000000001ea6b000 3905       4       com.zeroturnaround.javarebel.bd::d (16 bytes)
Event: 17.982 Thread 0x000000001ea77800 3906       3       java.lang.Thread::_jr$ig$group (8 bytes)
Event: 17.982 Thread 0x000000001ea77800 nmethod 3906 0x0000000002c1d550 code [0x0000000002c1d6c0, 0x0000000002c1d8f0]
Event: 17.983 Thread 0x000000001ea6b000 nmethod 3905 0x0000000002c1ced0 code [0x0000000002c1d020, 0x0000000002c1d258]
Event: 17.984 Thread 0x000000001ea72000 nmethod 3904 0x0000000002c85c10 code [0x0000000002c85d60, 0x0000000002c85f98]
Event: 18.021 Thread 0x000000001ea72800 nmethod 3903 0x0000000002a4a9d0 code [0x0000000002a4aba0, 0x0000000002a4cac8]

GC Heap History (10 events):
Event: 0.417 GC heap before
{Heap before GC invocations=1 (full 0):
 PSYoungGen      total 75264K, used 64512K [0x000000076c380000, 0x0000000771780000, 0x00000007c0000000)
  eden space 64512K, 100% used [0x000000076c380000,0x0000000770280000,0x0000000770280000)
  from space 10752K, 0% used [0x0000000770d00000,0x0000000770d00000,0x0000000771780000)
  to   space 10752K, 0% used [0x0000000770280000,0x0000000770280000,0x0000000770d00000)
 ParOldGen       total 172032K, used 0K [0x00000006c4a00000, 0x00000006cf200000, 0x000000076c380000)
  object space 172032K, 0% used [0x00000006c4a00000,0x00000006c4a00000,0x00000006cf200000)
 Metaspace       used 13211K, capacity 14134K, committed 14208K, reserved 1060864K
  class space    used 1630K, capacity 1906K, committed 1920K, reserved 1048576K
Event: 0.423 GC heap after
Heap after GC invocations=1 (full 0):
 PSYoungGen      total 75264K, used 10035K [0x000000076c380000, 0x0000000775680000, 0x00000007c0000000)
  eden space 64512K, 0% used [0x000000076c380000,0x000000076c380000,0x0000000770280000)
  from space 10752K, 93% used [0x0000000770280000,0x0000000770c4cd38,0x0000000770d00000)
  to   space 10752K, 0% used [0x0000000774c00000,0x0000000774c00000,0x0000000775680000)
 ParOldGen       total 172032K, used 16K [0x00000006c4a00000, 0x00000006cf200000, 0x000000076c380000)
  object space 172032K, 0% used [0x00000006c4a00000,0x00000006c4a04000,0x00000006cf200000)
 Metaspace       used 13211K, capacity 14134K, committed 14208K, reserved 1060864K
  class space    used 1630K, capacity 1906K, committed 1920K, reserved 1048576K
}
Event: 1.001 GC heap before
{Heap before GC invocations=2 (full 0):
 PSYoungGen      total 75264K, used 72209K [0x000000076c380000, 0x0000000775680000, 0x00000007c0000000)
  eden space 64512K, 96% used [0x000000076c380000,0x0000000770037868,0x0000000770280000)
  from space 10752K, 93% used [0x0000000770280000,0x0000000770c4cd38,0x0000000770d00000)
  to   space 10752K, 0% used [0x0000000774c00000,0x0000000774c00000,0x0000000775680000)
 ParOldGen       total 172032K, used 16K [0x00000006c4a00000, 0x00000006cf200000, 0x000000076c380000)
  object space 172032K, 0% used [0x00000006c4a00000,0x00000006c4a04000,0x00000006cf200000)
 Metaspace       used 20126K, capacity 21140K, committed 21296K, reserved 1067008K
  class space    used 2568K, capacity 2869K, committed 2944K, reserved 1048576K
Event: 1.010 GC heap after
Heap after GC invocations=2 (full 0):
 PSYoungGen      total 139776K, used 10732K [0x000000076c380000, 0x0000000775680000, 0x00000007c0000000)
  eden space 129024K, 0% used [0x000000076c380000,0x000000076c380000,0x0000000774180000)
  from space 10752K, 99% used [0x0000000774c00000,0x000000077567b320,0x0000000775680000)
  to   space 10752K, 0% used [0x0000000774180000,0x0000000774180000,0x0000000774c00000)
 ParOldGen       total 172032K, used 3498K [0x00000006c4a00000, 0x00000006cf200000, 0x000000076c380000)
  object space 172032K, 2% used [0x00000006c4a00000,0x00000006c4d6a900,0x00000006cf200000)
 Metaspace       used 20126K, capacity 21140K, committed 21296K, reserved 1067008K
  class space    used 2568K, capacity 2869K, committed 2944K, reserved 1048576K
}
Event: 1.010 GC heap before
{Heap before GC invocations=3 (full 1):
 PSYoungGen      total 139776K, used 10732K [0x000000076c380000, 0x0000000775680000, 0x00000007c0000000)
  eden space 129024K, 0% used [0x000000076c380000,0x000000076c380000,0x0000000774180000)
  from space 10752K, 99% used [0x0000000774c00000,0x000000077567b320,0x0000000775680000)
  to   space 10752K, 0% used [0x0000000774180000,0x0000000774180000,0x0000000774c00000)
 ParOldGen       total 172032K, used 3498K [0x00000006c4a00000, 0x00000006cf200000, 0x000000076c380000)
  object space 172032K, 2% used [0x00000006c4a00000,0x00000006c4d6a900,0x00000006cf200000)
 Metaspace       used 20126K, capacity 21140K, committed 21296K, reserved 1067008K
  class space    used 2568K, capacity 2869K, committed 2944K, reserved 1048576K
Event: 1.041 GC heap after
Heap after GC invocations=3 (full 1):
 PSYoungGen      total 139776K, used 0K [0x000000076c380000, 0x0000000775680000, 0x00000007c0000000)
  eden space 129024K, 0% used [0x000000076c380000,0x000000076c380000,0x0000000774180000)
  from space 10752K, 0% used [0x0000000774c00000,0x0000000774c00000,0x0000000775680000)
  to   space 10752K, 0% used [0x0000000774180000,0x0000000774180000,0x0000000774c00000)
 ParOldGen       total 127488K, used 13954K [0x00000006c4a00000, 0x00000006cc680000, 0x000000076c380000)
  object space 127488K, 10% used [0x00000006c4a00000,0x00000006c57a08f8,0x00000006cc680000)
 Metaspace       used 20125K, capacity 21138K, committed 21296K, reserved 1067008K
  class space    used 2567K, capacity 2868K, committed 2944K, reserved 1048576K
}
Event: 9.311 GC heap before
{Heap before GC invocations=4 (full 1):
 PSYoungGen      total 139776K, used 78394K [0x000000076c380000, 0x0000000775680000, 0x00000007c0000000)
  eden space 129024K, 60% used [0x000000076c380000,0x000000077100eb08,0x0000000774180000)
  from space 10752K, 0% used [0x0000000774c00000,0x0000000774c00000,0x0000000775680000)
  to   space 10752K, 0% used [0x0000000774180000,0x0000000774180000,0x0000000774c00000)
 ParOldGen       total 127488K, used 13954K [0x00000006c4a00000, 0x00000006cc680000, 0x000000076c380000)
  object space 127488K, 10% used [0x00000006c4a00000,0x00000006c57a08f8,0x00000006cc680000)
 Metaspace       used 34091K, capacity 35194K, committed 35496K, reserved 1081344K
  class space    used 4049K, capacity 4331K, committed 4352K, reserved 1048576K
Event: 9.315 GC heap after
Heap after GC invocations=4 (full 1):
 PSYoungGen      total 139776K, used 7053K [0x000000076c380000, 0x0000000777500000, 0x00000007c0000000)
  eden space 129024K, 0% used [0x000000076c380000,0x000000076c380000,0x0000000774180000)
  from space 10752K, 65% used [0x0000000774180000,0x00000007748634c8,0x0000000774c00000)
  to   space 10752K, 0% used [0x0000000776a80000,0x0000000776a80000,0x0000000777500000)
 ParOldGen       total 127488K, used 13962K [0x00000006c4a00000, 0x00000006cc680000, 0x000000076c380000)
  object space 127488K, 10% used [0x00000006c4a00000,0x00000006c57a28f8,0x00000006cc680000)
 Metaspace       used 34091K, capacity 35194K, committed 35496K, reserved 1081344K
  class space    used 4049K, capacity 4331K, committed 4352K, reserved 1048576K
}
Event: 9.315 GC heap before
{Heap before GC invocations=5 (full 2):
 PSYoungGen      total 139776K, used 7053K [0x000000076c380000, 0x0000000777500000, 0x00000007c0000000)
  eden space 129024K, 0% used [0x000000076c380000,0x000000076c380000,0x0000000774180000)
  from space 10752K, 65% used [0x0000000774180000,0x00000007748634c8,0x0000000774c00000)
  to   space 10752K, 0% used [0x0000000776a80000,0x0000000776a80000,0x0000000777500000)
 ParOldGen       total 127488K, used 13962K [0x00000006c4a00000, 0x00000006cc680000, 0x000000076c380000)
  object space 127488K, 10% used [0x00000006c4a00000,0x00000006c57a28f8,0x00000006cc680000)
 Metaspace       used 34091K, capacity 35194K, committed 35496K, reserved 1081344K
  class space    used 4049K, capacity 4331K, committed 4352K, reserved 1048576K
Event: 9.360 GC heap after
Heap after GC invocations=5 (full 2):
 PSYoungGen      total 139776K, used 0K [0x000000076c380000, 0x0000000777500000, 0x00000007c0000000)
  eden space 129024K, 0% used [0x000000076c380000,0x000000076c380000,0x0000000774180000)
  from space 10752K, 0% used [0x0000000774180000,0x0000000774180000,0x0000000774c00000)
  to   space 10752K, 0% used [0x0000000776a80000,0x0000000776a80000,0x0000000777500000)
 ParOldGen       total 203776K, used 18695K [0x00000006c4a00000, 0x00000006d1100000, 0x000000076c380000)
  object space 203776K, 9% used [0x00000006c4a00000,0x00000006c5c41d48,0x00000006d1100000)
 Metaspace       used 34091K, capacity 35194K, committed 35496K, reserved 1081344K
  class space    used 4049K, capacity 4331K, committed 4352K, reserved 1048576K
}

Deoptimization events (10 events):
Event: 2.252 Thread 0x000000002538f800 Uncommon trap: reason=unstable_if action=reinterpret pc=0x00000000031b9804 method=java.util.HashMap$HashIterator.<init>(Ljava/util/HashMap;)V @ 45
Event: 2.252 Thread 0x000000002538f800 Uncommon trap: reason=unstable_if action=reinterpret pc=0x0000000003186c64 method=java.util.HashMap$HashIterator.<init>(Ljava/util/HashMap;)V @ 45
Event: 9.227 Thread 0x0000000002737000 Uncommon trap: reason=unstable_if action=reinterpret pc=0x0000000002ed8158 method=com.zeroturnaround.javarebel.fnc.<init>([BIZ)V @ 354
Event: 9.227 Thread 0x0000000002737000 Uncommon trap: reason=unstable_if action=reinterpret pc=0x0000000002e4e294 method=java.lang.ref.ReferenceQueue.poll()Ljava/lang/ref/Reference; @ 8
Event: 9.245 Thread 0x0000000002737000 Uncommon trap: reason=bimorphic action=maybe_recompile pc=0x0000000002ce6478 method=java.util.Hashtable.put(Ljava/lang/Object;Ljava/lang/Object;)Ljava/lang/Object; @ 37
Event: 9.259 Thread 0x0000000002737000 Uncommon trap: reason=bimorphic action=maybe_recompile pc=0x0000000002ce6478 method=java.util.Hashtable.put(Ljava/lang/Object;Ljava/lang/Object;)Ljava/lang/Object; @ 37
Event: 9.273 Thread 0x0000000002737000 Uncommon trap: reason=bimorphic action=maybe_recompile pc=0x0000000002ce6478 method=java.util.Hashtable.put(Ljava/lang/Object;Ljava/lang/Object;)Ljava/lang/Object; @ 37
Event: 9.277 Thread 0x0000000002737000 Uncommon trap: reason=bimorphic action=maybe_recompile pc=0x0000000002ce6478 method=java.util.Hashtable.put(Ljava/lang/Object;Ljava/lang/Object;)Ljava/lang/Object; @ 37
Event: 9.277 Thread 0x0000000002737000 Uncommon trap: reason=class_check action=maybe_recompile pc=0x000000000328dc50 method=java.io.FilterInputStream.read([BII)I @ 11
Event: 9.473 Thread 0x0000000002737000 Uncommon trap: reason=unstable_if action=reinterpret pc=0x0000000002951150 method=org.bytedeco.javacv.Java2DFrameConverter.flipCopyWithGamma(Ljava/nio/ByteBuffer;ILjava/nio/ByteBuffer;IZDZI)V @ 59

Classes redefined (8 events):
Event: 0.466 Thread 0x000000001c0d2000 redefined class name=com.zeroturnaround.jrebelbase.facade.ba, count=1
Event: 0.468 Thread 0x000000001c0d2000 redefined class name=com.zeroturnaround.jrebelbase.facade.au, count=1
Event: 0.470 Thread 0x000000001c0d2000 redefined class name=com.zeroturnaround.jrebelbase.facade.a, count=1
Event: 0.471 Thread 0x000000001c0d2000 redefined class name=com.zeroturnaround.jrebelbase.d, count=1
Event: 0.472 Thread 0x000000001c0d2000 redefined class name=com.zeroturnaround.jrebelbase.facade.f, count=1
Event: 0.473 Thread 0x000000001c0d2000 redefined class name=com.zeroturnaround.jrebelbase.facade.e, count=1
Event: 0.474 Thread 0x000000001c0d2000 redefined class name=com.zeroturnaround.jrebelbase.facade.g, count=1
Event: 0.475 Thread 0x000000001c0d2000 redefined class name=com.zeroturnaround.jrebelbase.facade.ad, count=1

Internal exceptions (10 events):
Event: 7.636 Thread 0x0000000002737000 Exception <a 'java/lang/UnsatisfiedLinkError'> (0x000000076ea36b38) thrown at [C:\re\workspace\8-2-build-windows-amd64-cygwin\jdk8u202\12323\hotspot\src\share\vm\oops\instanceKlass.cpp, line 959]
Event: 7.636 Thread 0x0000000002737000 Exception <a 'java/lang/reflect/InvocationTargetException'> (0x000000076ea37478) thrown at [C:\re\workspace\8-2-build-windows-amd64-cygwin\jdk8u202\12323\hotspot\src\share\vm\runtime\reflection.cpp, line 1092]
Event: 8.238 Thread 0x0000000002737000 Exception <a 'java/lang/reflect/InvocationTargetException'> (0x0000000770033b98) thrown at [C:\re\workspace\8-2-build-windows-amd64-cygwin\jdk8u202\12323\hotspot\src\share\vm\runtime\reflection.cpp, line 1092]
Event: 9.199 Thread 0x0000000002737000 Exception <a 'java/lang/ClassNotFoundException'> (0x00000007704d86a0) thrown at [C:\re\workspace\8-2-build-windows-amd64-cygwin\jdk8u202\12323\hotspot\src\share\vm\prims\jni.cpp, line 710]
Event: 9.200 Thread 0x0000000002737000 Exception <a 'java/lang/ExceptionInInitializerError'> (0x00000007704d9890) thrown at [C:\re\workspace\8-2-build-windows-amd64-cygwin\jdk8u202\12323\hotspot\src\share\vm\oops\instanceKlass.cpp, line 964]
Event: 9.200 Thread 0x0000000002737000 Exception <a 'java/lang/reflect/InvocationTargetException'> (0x00000007704e9558) thrown at [C:\re\workspace\8-2-build-windows-amd64-cygwin\jdk8u202\12323\hotspot\src\share\vm\runtime\reflection.cpp, line 1092]
Event: 9.227 Thread 0x0000000002737000 Exception <a 'java/io/FileNotFoundException'> (0x000000077071c868) thrown at [C:\re\workspace\8-2-build-windows-amd64-cygwin\jdk8u202\12323\hotspot\src\share\vm\prims\jni.cpp, line 710]
Event: 9.242 Thread 0x0000000002737000 Exception <a 'java/io/FileNotFoundException'> (0x0000000770917d78) thrown at [C:\re\workspace\8-2-build-windows-amd64-cygwin\jdk8u202\12323\hotspot\src\share\vm\prims\jni.cpp, line 710]
Event: 9.361 Thread 0x0000000025397000 Exception <a 'java/io/FileNotFoundException'> (0x000000076c389fc8) thrown at [C:\re\workspace\8-2-build-windows-amd64-cygwin\jdk8u202\12323\hotspot\src\share\vm\prims\jni.cpp, line 710]
Event: 9.361 Thread 0x0000000025397000 Exception <a 'java/lang/NullPointerException'> (0x000000076c38a600) thrown at [C:\re\workspace\8-2-build-windows-amd64-cygwin\jdk8u202\12323\hotspot\src\share\vm\interpreter\linkResolver.cpp, line 1185]

Events (10 events):
Event: 17.970 Thread 0x0000000025391000 Thread exited: 0x0000000025391000
Event: 17.980 Thread 0x0000000025399000 Thread exited: 0x0000000025399000
Event: 17.982 Thread 0x000000002539d000 Thread exited: 0x000000002539d000
Event: 17.985 Thread 0x00000000207e6000 DEOPT PACKING pc=0x0000000002a9542c sp=0x00000000217fedb0
Event: 17.985 Thread 0x00000000207e6000 DEOPT UNPACKING pc=0x0000000002877890 sp=0x00000000217feb48 mode 0
Event: 17.985 Thread 0x00000000207e3000 Thread exited: 0x00000000207e3000
Event: 17.985 Thread 0x00000000207e6000 Thread exited: 0x00000000207e6000
Event: 17.986 Thread 0x00000000207e5000 Thread exited: 0x00000000207e5000
Event: 18.062 Thread 0x000000002539a000 Thread exited: 0x000000002539a000
Event: 18.069 Executing VM operation: Exit


Dynamic libraries:
0x00007ff6d58b0000 - 0x00007ff6d58e7000 	C:\Program Files\Java\jdk1.8.0_202\bin\javaw.exe
0x00007ffa06390000 - 0x00007ffa06585000 	C:\Windows\SYSTEM32\ntdll.dll
0x00007ffa05850000 - 0x00007ffa0590e000 	C:\Windows\System32\KERNEL32.DLL
0x00007ffa03c70000 - 0x00007ffa03f38000 	C:\Windows\System32\KERNELBASE.dll
0x00007ffa05bb0000 - 0x00007ffa05c5e000 	C:\Windows\System32\ADVAPI32.dll
0x00007ffa05910000 - 0x00007ffa059ae000 	C:\Windows\System32\msvcrt.dll
0x00007ffa05b10000 - 0x00007ffa05bac000 	C:\Windows\System32\sechost.dll
0x00007ffa05300000 - 0x00007ffa05425000 	C:\Windows\System32\RPCRT4.dll
0x00007ffa061a0000 - 0x00007ffa06341000 	C:\Windows\System32\USER32.dll
0x00007ffa03aa0000 - 0x00007ffa03ac2000 	C:\Windows\System32\win32u.dll
0x00007ffa05a10000 - 0x00007ffa05a3b000 	C:\Windows\System32\GDI32.dll
0x00007ffa040a0000 - 0x00007ffa041ad000 	C:\Windows\System32\gdi32full.dll
0x00007ffa03ad0000 - 0x00007ffa03b6d000 	C:\Windows\System32\msvcp_win.dll
0x00007ffa03b70000 - 0x00007ffa03c70000 	C:\Windows\System32\ucrtbase.dll
0x00007ff9ed220000 - 0x00007ff9ed4ba000 	C:\Windows\WinSxS\amd64_microsoft.windows.common-controls_6595b64144ccf1df_6.0.19041.1110_none_60b5254171f9507e\COMCTL32.dll
0x00007ffa05490000 - 0x00007ffa054c0000 	C:\Windows\System32\IMM32.DLL
0x0000000075670000 - 0x0000000075742000 	C:\Program Files\Java\jdk1.8.0_202\jre\bin\msvcr100.dll
0x0000000074dc0000 - 0x0000000075665000 	C:\Program Files\Java\jdk1.8.0_202\jre\bin\server\jvm.dll
0x00007ffa05570000 - 0x00007ffa05578000 	C:\Windows\System32\PSAPI.DLL
0x00007ff9e5de0000 - 0x00007ff9e5de9000 	C:\Windows\SYSTEM32\WSOCK32.dll
0x00007ffa05c60000 - 0x00007ffa05ccb000 	C:\Windows\System32\WS2_32.dll
0x00007ff9d6890000 - 0x00007ff9d68b7000 	C:\Windows\SYSTEM32\WINMM.dll
0x00007ff9f71b0000 - 0x00007ff9f71ba000 	C:\Windows\SYSTEM32\VERSION.dll
0x00007ff9f9d50000 - 0x00007ff9f9d5f000 	C:\Program Files\Java\jdk1.8.0_202\jre\bin\verify.dll
0x00007ff9f9600000 - 0x00007ff9f9629000 	C:\Program Files\Java\jdk1.8.0_202\jre\bin\java.dll
0x00007ff9e5c20000 - 0x00007ff9e5c6d000 	D:\datas\huachuan\eclipse\plugins\org.zeroturnaround.eclipse.embedder_2021.4.0.RELEASE\jrebel\lib\jrebel64.dll
0x00007ffa04580000 - 0x00007ffa04cc4000 	C:\Windows\System32\SHELL32.dll
0x00007ffa03460000 - 0x00007ffa0346c000 	C:\Windows\SYSTEM32\CRYPTBASE.DLL
0x00007ffa054c0000 - 0x00007ffa0556d000 	C:\Windows\System32\shcore.dll
0x00007ffa05e40000 - 0x00007ffa06195000 	C:\Windows\System32\combase.dll
0x00007ff9f9730000 - 0x00007ff9f9746000 	C:\Program Files\Java\jdk1.8.0_202\jre\bin\zip.dll
0x00007ffa01b70000 - 0x00007ffa02305000 	C:\Windows\SYSTEM32\windows.storage.dll
0x00007ffa034f0000 - 0x00007ffa0351e000 	C:\Windows\SYSTEM32\Wldp.dll
0x00007ffa057f0000 - 0x00007ffa05845000 	C:\Windows\System32\shlwapi.dll
0x00007ffa039e0000 - 0x00007ffa039ff000 	C:\Windows\SYSTEM32\profapi.dll
0x00007ff9f99b0000 - 0x00007ff9f99bd000 	C:\Program Files\Java\jdk1.8.0_202\jre\bin\management.dll
0x00007ff9f9700000 - 0x00007ff9f971a000 	C:\Program Files\Java\jdk1.8.0_202\jre\bin\net.dll
0x00007ff9f2630000 - 0x00007ff9f281b000 	C:\Windows\SYSTEM32\urlmon.dll
0x00007ff9f4050000 - 0x00007ff9f4300000 	C:\Windows\SYSTEM32\iertutil.dll
0x00007ffa02f30000 - 0x00007ffa02f3c000 	C:\Windows\SYSTEM32\netutils.dll
0x00007ff9f2600000 - 0x00007ff9f2628000 	C:\Windows\SYSTEM32\srvcli.dll
0x00007ffa03250000 - 0x00007ffa032ba000 	C:\Windows\system32\mswsock.dll
0x00007ff9f7250000 - 0x00007ff9f7262000 	C:\Program Files\Java\jdk1.8.0_202\jre\bin\nio.dll
0x00007ff9ec000000 - 0x00007ff9ec024000 	C:\Program Files\Java\jdk1.8.0_202\jre\bin\sunec.dll
0x00007ff9f9760000 - 0x00007ff9f976b000 	C:\Program Files\Java\jdk1.8.0_202\jre\bin\sunmscapi.dll
0x00007ffa03f40000 - 0x00007ffa04096000 	C:\Windows\System32\CRYPT32.dll
0x00007ff9ebc30000 - 0x00007ff9ebc4b000 	C:\Users\Lenovo\.jrebel\jrebel-temp\ver-e8f91f94\IdeaWin64.dll
0x00007ffa03440000 - 0x00007ffa03458000 	C:\Windows\SYSTEM32\CRYPTSP.dll
0x00007ffa02b60000 - 0x00007ffa02b94000 	C:\Windows\system32\rsaenh.dll
0x00007ffa04310000 - 0x00007ffa04337000 	C:\Windows\System32\bcrypt.dll
0x00007ffa03960000 - 0x00007ffa0398e000 	C:\Windows\SYSTEM32\USERENV.dll
0x00007ffa04340000 - 0x00007ffa043c2000 	C:\Windows\System32\bcryptprimitives.dll
0x00007ffa02ef0000 - 0x00007ffa02f2b000 	C:\Windows\SYSTEM32\IPHLPAPI.DLL
0x00007ffa05e30000 - 0x00007ffa05e38000 	C:\Windows\System32\NSI.dll
0x00007ff9f71e0000 - 0x00007ff9f71f7000 	C:\Windows\SYSTEM32\dhcpcsvc6.DLL
0x00007ff9f71c0000 - 0x00007ff9f71dd000 	C:\Windows\SYSTEM32\dhcpcsvc.DLL
0x00007ffa02f40000 - 0x00007ffa0300b000 	C:\Windows\SYSTEM32\DNSAPI.dll
0x00007ff9c5c60000 - 0x00007ff9c5c77000 	C:\Windows\system32\napinsp.dll
0x00007ff9c5c00000 - 0x00007ff9c5c1b000 	C:\Windows\system32\pnrpnsp.dll
0x00007ff9d74a0000 - 0x00007ff9d74b5000 	C:\Windows\system32\wshbth.dll
0x00007ff9fb330000 - 0x00007ff9fb34d000 	C:\Windows\system32\NLAapi.dll
0x00007ff9c5be0000 - 0x00007ff9c5bf2000 	C:\Windows\System32\winrnr.dll
0x00007ff9f9b00000 - 0x00007ff9f9b0a000 	C:\Windows\System32\rasadhlp.dll
0x00007ff9f4c80000 - 0x00007ff9f4cff000 	C:\Windows\System32\fwpuclnt.dll
0x000000006b600000 - 0x000000006b640000 	C:\Users\Lenovo\AppData\Local\Temp\javacpp297578732982700\libusb-1.0.dll
0x0000000074da0000 - 0x0000000074db5000 	C:\Users\Lenovo\AppData\Local\Temp\javacpp297578732982700\libusb0.dll
0x00007ffa04cd0000 - 0x00007ffa05142000 	C:\Windows\System32\SETUPAPI.dll
0x00007ffa04210000 - 0x00007ffa0425e000 	C:\Windows\System32\cfgmgr32.dll
0x00007ff9e5bb0000 - 0x00007ff9e5be4000 	C:\Users\Lenovo\AppData\Local\Temp\javacpp297578732982700\freenect.dll
0x00007ff9eb710000 - 0x00007ff9eb729000 	C:\Users\Lenovo\AppData\Local\Temp\javacpp297578732982700\pthreadVC2.dll
0x00007ff9d92b0000 - 0x00007ff9d93da000 	C:\Users\Lenovo\AppData\Local\Temp\javacpp297578732982700\ole32.dll
0x00007ff9da680000 - 0x00007ff9da74d000 	C:\Users\Lenovo\AppData\Local\Temp\javacpp297578732982700\oleaut32.dll
0x00007ff9d8660000 - 0x00007ff9d874f000 	C:\Users\Lenovo\AppData\Local\Temp\javacpp297578732982700\msvcr120.dll
0x00007ff9d9cc0000 - 0x00007ff9d9d66000 	C:\Users\Lenovo\AppData\Local\Temp\javacpp297578732982700\msvcp120.dll
0x00007ff9bd120000 - 0x00007ff9bd399000 	C:\Users\Lenovo\AppData\Local\Temp\javacpp297578732982700\opencv_core310.dll
0x00007ff9bcdd0000 - 0x00007ff9bd111000 	C:\Users\Lenovo\AppData\Local\Temp\javacpp297578732982700\opencv_imgproc310.dll
0x00007ff9c1440000 - 0x00007ff9c1638000 	C:\Users\Lenovo\AppData\Local\Temp\javacpp297578732982700\jniopencv_core.dll
0x00007ff9d85b0000 - 0x00007ff9d8656000 	C:\Users\Lenovo\AppData\Local\Temp\javacpp297578732982700\jniopencv_imgproc.dll
0x00007ff9bcb00000 - 0x00007ff9bcdc8000 	C:\Users\Lenovo\AppData\Local\Temp\javacpp297578732982700\opencv_imgcodecs310.dll
0x00007ff9e5b90000 - 0x00007ff9e5bac000 	C:\Users\Lenovo\AppData\Local\Temp\javacpp297578732982700\jniopencv_imgcodecs.dll
0x00007ff9da3f0000 - 0x00007ff9da443000 	C:\Users\Lenovo\AppData\Local\Temp\javacpp297578732982700\opencv_videoio310.dll
0x00007ff9d9a00000 - 0x00007ff9d9a2b000 	C:\Windows\SYSTEM32\MSVFW32.dll
0x00007ff9d9280000 - 0x00007ff9d92a1000 	C:\Windows\SYSTEM32\AVIFIL32.dll
0x00007ff9e5b70000 - 0x00007ff9e5b89000 	C:\Windows\SYSTEM32\AVICAP32.dll
0x00007ff9fb480000 - 0x00007ff9fb49e000 	C:\Windows\SYSTEM32\MSACM32.dll
0x00007ff9e7230000 - 0x00007ff9e7256000 	C:\Windows\SYSTEM32\winmmbase.dll
0x00007ff9dbde0000 - 0x00007ff9dbdf7000 	C:\Users\Lenovo\AppData\Local\Temp\javacpp297578732982700\jniopencv_videoio.dll
0x00007ff9d9250000 - 0x00007ff9d927c000 	C:\Users\Lenovo\AppData\Local\Temp\javacpp297578732982700\opencv_highgui310.dll
0x00007ffa05d50000 - 0x00007ffa05e2a000 	C:\Windows\System32\COMDLG32.dll
0x00007ff9d9210000 - 0x00007ff9d9245000 	C:\Users\Lenovo\AppData\Local\Temp\javacpp297578732982700\jniopencv_highgui.dll
0x00007ffa02320000 - 0x00007ffa02332000 	C:\Windows\SYSTEM32\kernel.appcore.dll
0x00007ff9fd3b0000 - 0x00007ff9fd44e000 	C:\Windows\system32\uxtheme.dll
0x00007ffa05a40000 - 0x00007ffa05ae9000 	C:\Windows\System32\clbcatq.dll
0x00007ff9dbbc0000 - 0x00007ff9dbbdd000 	C:\Windows\System32\devenum.dll
0x00007ffa02790000 - 0x00007ffa027c3000 	C:\Windows\SYSTEM32\ntmarta.dll
0x00007ffa03840000 - 0x00007ffa03874000 	C:\Windows\SYSTEM32\DEVOBJ.dll
0x00007ffa041b0000 - 0x00007ffa04210000 	C:\Windows\System32\WINTRUST.dll
0x00007ffa03680000 - 0x00007ffa03692000 	C:\Windows\SYSTEM32\MSASN1.dll
0x00007ff9fb680000 - 0x00007ff9fb68b000 	C:\Windows\SYSTEM32\msdmo.dll
0x00007ff9d8140000 - 0x00007ff9d8176000 	C:\Windows\System32\qcap.dll
0x00007ff9a8280000 - 0x00007ff9a8450000 	C:\Windows\System32\quartz.dll
0x00007ffa043d0000 - 0x00007ffa044e5000 	C:\Windows\System32\MSCTF.dll
0x00007ff9d62a0000 - 0x00007ff9d62ed000 	C:\Windows\System32\mfksproxy.dll
0x00007ff9d9bf0000 - 0x00007ff9d9c0d000 	C:\Windows\System32\ATL.DLL
0x00007ff9f93a0000 - 0x00007ff9f955c000 	C:\Windows\System32\MFPlat.DLL
0x00007ff9f9b30000 - 0x00007ff9f9b66000 	C:\Windows\System32\RTWorkQ.DLL
0x00007ff9a7de0000 - 0x00007ff9a8271000 	C:\Windows\System32\MFCORE.dll
0x00007ffa03060000 - 0x00007ffa030ab000 	C:\Windows\SYSTEM32\powrprof.dll
0x00007ff9f9d00000 - 0x00007ff9f9d09000 	C:\Windows\System32\ksuser.dll
0x00007ffa02ed0000 - 0x00007ffa02ee2000 	C:\Windows\SYSTEM32\UMPDC.dll
0x00007ff9d6230000 - 0x00007ff9d62a0000 	C:\Windows\System32\FrameServerClient.dll
0x00007ff9f9de0000 - 0x00007ff9f9e47000 	C:\Windows\System32\MFSENSORGROUP.dll
0x00007ff9faa40000 - 0x00007ff9faa4a000 	C:\Windows\System32\AVRT.dll
0x00007ff9f95f0000 - 0x00007ff9f95fd000 	C:\Windows\System32\vidcap.ax
0x00007ff9d7f30000 - 0x00007ff9d7f57000 	C:\Windows\System32\kswdmcap.ax
0x00007ff9a7a20000 - 0x00007ff9a7b8c000 	C:\Windows\System32\MFC42.dll
0x00007ff9a7910000 - 0x00007ff9a7a1a000 	C:\Windows\System32\MFReadWrite.dll
0x00007ff9d3230000 - 0x00007ff9d32d8000 	C:\Windows\System32\qedit.dll
0x00007ff9cdc80000 - 0x00007ff9cde29000 	C:\Windows\WinSxS\amd64_microsoft.windows.gdiplus_6595b64144ccf1df_1.1.19041.1466_none_91a4907ccc87e3b8\gdiplus.dll
0x00007ff9a7810000 - 0x00007ff9a790b000 	C:\Windows\System32\DDRAW.dll
0x00007ffa02390000 - 0x00007ffa02484000 	C:\Windows\System32\dxgi.dll
0x00007ff9ed200000 - 0x00007ff9ed209000 	C:\Windows\System32\DCIMAN32.dll
0x00007ff9f7270000 - 0x00007ff9f72ab000 	C:\Windows\SYSTEM32\dxcore.dll
0x00007ff9c4d60000 - 0x00007ff9c4e0d000 	C:\Users\Lenovo\AppData\Local\Temp\javacpp297578732982700\avutil-55.dll
0x00007ff9a7670000 - 0x00007ff9a7809000 	C:\Program Files\Java\jdk1.8.0_202\jre\bin\awt.dll
0x00007ff9fd1e0000 - 0x00007ff9fd270000 	C:\Windows\SYSTEM32\apphelp.dll
0x00007ffa00e10000 - 0x00007ffa00e3f000 	C:\Windows\system32\DWMAPI.DLL
0x00007ff9d7730000 - 0x00007ff9d7855000 	C:\Windows\system32\opengl32.dll

VM Arguments:
jvm_args: -Drebel.base=C:\Users\Lenovo\.jrebel -Drebel.env.ide.plugin.version=2021.4.0 -Drebel.env.ide.version=4.7.2 -Drebel.env.ide.product=Eclipse -Drebel.env.ide=eclipse -Drebel.notification.url=http://localhost:55247 -Drebel.workspace.path=D:\WorkSpace\HC -Drebel.properties=C:\Users\Lenovo\.jrebel\jrebel.properties -agentpath:D:\datas\huachuan\eclipse\plugins\org.zeroturnaround.eclipse.embedder_2021.4.0.RELEASE\jrebel\lib\jrebel64.dll -Dfile.encoding=UTF-8 
java_command: com.km.voide.VoidUtil
java_class_path (initial): C:\Program Files\Java\jdk1.8.0_202\jre\lib\resources.jar;C:\Program Files\Java\jdk1.8.0_202\jre\lib\rt.jar;C:\Program Files\Java\jdk1.8.0_202\jre\lib\jsse.jar;C:\Program Files\Java\jdk1.8.0_202\jre\lib\jce.jar;C:\Program Files\Java\jdk1.8.0_202\jre\lib\charsets.jar;C:\Program Files\Java\jdk1.8.0_202\jre\lib\jfr.jar;C:\Program Files\Java\jdk1.8.0_202\jre\lib\ext\access-bridge-64.jar;C:\Program Files\Java\jdk1.8.0_202\jre\lib\ext\cldrdata.jar;C:\Program Files\Java\jdk1.8.0_202\jre\lib\ext\dnsns.jar;C:\Program Files\Java\jdk1.8.0_202\jre\lib\ext\jaccess.jar;C:\Program Files\Java\jdk1.8.0_202\jre\lib\ext\jfxrt.jar;C:\Program Files\Java\jdk1.8.0_202\jre\lib\ext\localedata.jar;C:\Program Files\Java\jdk1.8.0_202\jre\lib\ext\nashorn.jar;C:\Program Files\Java\jdk1.8.0_202\jre\lib\ext\sunec.jar;C:\Program Files\Java\jdk1.8.0_202\jre\lib\ext\sunjce_provider.jar;C:\Program Files\Java\jdk1.8.0_202\jre\lib\ext\sunmscapi.jar;C:\Program Files\Java\jdk1.8.0_202\jre\lib\ext\sunpkcs11.jar;C:\Program Files\Java\jdk1.8.0_202\jre\lib\ext\zipfs.jar;D:\WorkSpace\HC\spring5gxl\build\classes;D:\sworf\apache-tomcat-8.5.73\lib\annotations-api.jar;D:\sworf\apache-tomcat-8.5.73\lib\catalina-ant.jar;D:\sworf\apache-tomcat-8.5.73\lib\catalina-ha.jar;D:\sworf\apache-tomcat-8.5.73\lib\catalina-storeconfig.jar;D:\sworf\apache-tomcat-8.5.73\lib\catalina-tribes.jar;D:\sworf\apache-tomcat-8.5.73\lib\catalina.jar;D:\sworf\apache-tomcat-8.5.73\lib\ecj-4.6.3.jar;D:\sworf\apache-tomcat-8.5.73\lib\el-api.jar;D:\sworf\apache-tomcat-8.5.73\lib\jasper-el.jar;D:\sworf\apache-tomcat-8.5.73\lib\jasper.jar;D:\sworf\apache-tomcat-8.5.73\lib\jaspic-api.jar;D:\sworf\apache-tomcat-8.5.73\lib\jsp-api.jar;D:\sworf\apache-tomcat-8.5.73\lib\servlet-api.jar;D:\sworf\apache-tomcat-8.5.73\lib\tomcat-api.jar;D:\sworf\apache-tomcat-8.5.73\lib\tomcat-coyote.jar;D:\sworf\apache-tomcat-8.5.73\lib\tomcat-dbcp.jar;D:\sworf\apache-tomcat-8.5.73\lib\tomcat-i18n-de.jar;D:\sworf\apache-tomcat-8.5.73\lib\tomc
Launcher Type: SUN_STANDARD

Environment Variables:
PATH=C:/Program Files/Java/jre1.8.0_202/bin/server;C:/Program Files/Java/jre1.8.0_202/bin;C:/Program Files/Java/jre1.8.0_202/lib/amd64;C:\Program Files (x86)\Common Files\Oracle\Java\javapath;C:\Windows\system32;C:\Windows;C:\Windows\System32\Wbem;C:\Windows\System32\WindowsPowerShell\v1.0\;C:\Windows\System32\OpenSSH\;C:\Program Files (x86)\MySQL\MySQL Server 5.5\bin;C:\Users\Lenovo\AppData\Local\Microsoft\WindowsApps;;D:\datas\Microsoft VS Code\bin;D:\datas\huachuan\eclipse;
USERNAME=Lenovo
OS=Windows_NT
PROCESSOR_IDENTIFIER=Intel64 Family 6 Model 140 Stepping 1, GenuineIntel



---------------  S Y S T E M  ---------------

OS: Windows 10.0 , 64 bit Build 19041 (10.0.19041.1466)

CPU:total 8 (initial active 8) (4 cores per cpu, 2 threads per core) family 6 model 140 stepping 1, cmov, cx8, fxsr, mmx, sse, sse2, sse3, ssse3, sse4.1, sse4.2, popcnt, avx, avx2, aes, clmul, erms, 3dnowpref, lzcnt, ht, tsc, tscinvbit, bmi1, bmi2, adx

Memory: 4k page, physical 16468084k(5103628k free), swap 24594548k(9053296k free)

vm_info: Java HotSpot(TM) 64-Bit Server VM (25.202-b08) for windows-amd64 JRE (1.8.0_202-b08), built on Dec 15 2018 19:54:30 by "java_re" with MS VC++ 10.0 (VS2010)

time: Mon Jan 24 11:03:37 2022
timezone: ÖĐąú±ę×ĽĘ±Ľä
elapsed time: 19 seconds (0d 0h 0m 19s)

