#
# A fatal error has been detected by the Java Runtime Environment:
#
#  Internal Error (0xc000000d), pid=28456, tid=0x0000000000004578
#
# JRE version: Java(TM) SE Runtime Environment (8.0_202-b08) (build 1.8.0_202-b08)
# Java VM: Java HotSpot(TM) 64-Bit Server VM (25.202-b08 mixed mode windows-amd64 compressed oops)
# Problematic frame:
# C  [ntdll.dll+0x112174]
#
# Failed to write core dump. Minidumps are not enabled by default on client versions of Windows
#
# If you would like to submit a bug report, please visit:
#   http://bugreport.java.com/bugreport/crash.jsp
#

---------------  T H R E A D  ---------------

Current thread (0x000000001cc52000):  VMThread [stack: 0x000000001ed60000,0x000000001ee60000] [id=17784]

siginfo: ExceptionCode=0xc000000d

Registers:
RAX=0x0000000000000000, RBX=0x0000000000000000, RCX=0x0000000000000000, RDX=0x0000000000000000
RSP=0x000000001ee5e680, RBP=0x0000000000000003, RSI=0x000000000000102c, RDI=0x000000002688f110
R8 =0x0000000000000000, R9 =0x0000000000000000, R10=0x0000000000000000, R11=0x0000000000000000
R12=0x000000000000102c, R13=0x00007ff9d5c4e540, R14=0x0000000000000000, R15=0x000000000000102c
RIP=0x00007ffa064a2174, EFLAGS=0x0000000000000206

Top of Stack: (sp=0x000000001ee5e680)
0x000000001ee5e680:   0000000000000057 0000000000000000
0x000000001ee5e690:   000000000000102c 0000000001530000
0x000000001ee5e6a0:   00000000c000000d 0000000000000000
0x000000001ee5e6b0:   00007ffa064a2174 0000000000000000
0x000000001ee5e6c0:   0000000000000000 0000000000000000
0x000000001ee5e6d0:   0000000000000000 0000000000000000
0x000000001ee5e6e0:   0000000000000000 0000000000000000
0x000000001ee5e6f0:   0000000000000000 0000000000000000
0x000000001ee5e700:   0000000000000000 0000000000000000
0x000000001ee5e710:   0000000000000000 0000000000000000
0x000000001ee5e720:   0000000000000000 0000000000000000
0x000000001ee5e730:   0000000000000000 00007ffa063e07b0
0x000000001ee5e740:   0000446800f76e98 00007ffa063b47b1
0x000000001ee5e750:   0000000001430000 00007ffa0643c44f
0x000000001ee5e760:   0000000000000001 00007ff9f9b3949b
0x000000001ee5e770:   00007ff9d5c4e540 000000000000102c 

Instructions: (pc=0x00007ffa064a2174)
0x00007ffa064a2154:   1c f9 ff c7 44 24 20 0d 00 00 c0 b9 57 00 00 00
0x00007ffa064a2164:   e8 07 e6 f3 ff 90 48 8d 4c 24 20 e8 ac ee f3 ff
0x00007ffa064a2174:   eb 00 48 8b 8c 24 c0 00 00 00 48 33 cc e8 aa a0
0x00007ffa064a2184:   f7 ff 48 81 c4 d8 00 00 00 c3 cc 40 55 48 83 ec 


Register to memory mapping:

RAX=0x0000000000000000 is an unknown value
RBX=0x0000000000000000 is an unknown value
RCX=0x0000000000000000 is an unknown value
RDX=0x0000000000000000 is an unknown value
RSP=0x000000001ee5e680 is an unknown value
RBP=0x0000000000000003 is an unknown value
RSI=0x000000000000102c is an unknown value
RDI=0x000000002688f110 is an unknown value
R8 =0x0000000000000000 is an unknown value
R9 =0x0000000000000000 is an unknown value
R10=0x0000000000000000 is an unknown value
R11=0x0000000000000000 is an unknown value
R12=0x000000000000102c is an unknown value
R13=0x00007ff9d5c4e540 is an unknown value
R14=0x0000000000000000 is an unknown value
R15=0x000000000000102c is an unknown value


Stack: [0x000000001ed60000,0x000000001ee60000],  sp=0x000000001ee5e680,  free space=1017k
Native frames: (J=compiled Java code, j=interpreted, Vv=VM code, C=native code)
C  [ntdll.dll+0x112174]
C  [ntdll.dll+0xac44f]
C  [ntdll.dll+0x11d95]
C  [RTWorkQ.DLL+0x7123]
C  [RTWorkQ.DLL+0x6fd5]
C  [RTWorkQ.DLL+0x6e8e]
C  [FrameServerClient.dll+0x407bc]
C  [FrameServerClient.dll+0x27c42]
C  [FrameServerClient.dll+0x40ca5]
C  [RTWorkQ.DLL+0x16713]
C  [RTWorkQ.DLL+0x8169]
C  [RTWorkQ.DLL+0xcf03]
C  [RTWorkQ.DLL+0xce3a]
C  [FrameServerClient.dll+0x40869]
C  [FrameServerClient.dll+0x27500]
C  [FrameServerClient.dll+0x24057]
C  [FrameServerClient.dll+0x1f3a4]
C  [FrameServerClient.dll+0x16a79]
C  [FrameServerClient.dll+0x11313]
C  [FrameServerClient.dll+0xc95e]
C  [FrameServerClient.dll+0x86f2]
C  [MFCORE.dll+0x2d6540]
C  [MFCORE.dll+0x2d20af]
C  [MFCORE.dll+0x2d5b29]
C  [MFReadWrite.dll+0xec05]
C  [MFReadWrite.dll+0x25bef]
C  [ATL.DLL+0x3411]
C  [mfksproxy.dll+0x13815]
C  [mfksproxy.dll+0x149a4]
C  [ATL.DLL+0x3411]
C  [mfksproxy.dll+0x2160]
C  [mfksproxy.dll+0x1ee4]
C  [mfksproxy.dll+0x3326b]
C  [opencv_videoio310.dll+0x222b3]
C  [opencv_videoio310.dll+0x2182f]
C  [opencv_videoio310.dll+0x2d6e0]
C  [opencv_videoio310.dll+0x296a0]
C  [opencv_videoio310.dll+0x29922]
C  [ntdll.dll+0x19a1d]
C  [ntdll.dll+0x5db91]
C  [ntdll.dll+0x5da2d]
C  [KERNEL32.DLL+0x1e0ab]
C  [msvcr100.dll+0x20ccd]
V  [jvm.dll+0x214045]
V  [jvm.dll+0x24d5d7]
V  [jvm.dll+0x24c876]
V  [jvm.dll+0x24cd11]
V  [jvm.dll+0x24cf2e]
V  [jvm.dll+0x29fc6a]
C  [msvcr100.dll+0x21d9f]
C  [msvcr100.dll+0x21e3b]
C  [KERNEL32.DLL+0x17034]
C  [ntdll.dll+0x52651]

VM_Operation (0x000000002f18cd40): Exit, mode: safepoint, requested by thread 0x0000000025936800


---------------  P R O C E S S  ---------------

Java Threads: ( => current thread )
  0x0000000025936800 JavaThread "AWT-EventQueue-0" [_thread_blocked, id=25636, stack(0x000000002f090000,0x000000002f190000)]
  0x0000000025935800 JavaThread "AWT-Shutdown" [_thread_blocked, id=27028, stack(0x000000002e4a0000,0x000000002e5a0000)]
  0x000000002592f000 JavaThread "Java2D Disposer" daemon [_thread_blocked, id=15520, stack(0x000000002e3a0000,0x000000002e4a0000)]
  0x000000002592e000 JavaThread "rebel-change-detector-thread" daemon [_thread_blocked, id=32772, stack(0x0000000026d10000,0x0000000026e10000)]
  0x0000000025935000 JavaThread "rebel-debugger-thread" daemon [_thread_blocked, id=30264, stack(0x0000000026c10000,0x0000000026d10000)]
  0x0000000025934000 JavaThread "rebel-debugger-attach-notifier" daemon [_thread_blocked, id=30620, stack(0x0000000026b10000,0x0000000026c10000)]
  0x0000000025933800 JavaThread "rebel-heartbeat-thread" daemon [_thread_blocked, id=24864, stack(0x0000000026a10000,0x0000000026b10000)]
  0x0000000025932800 JavaThread "rebel-redeploy-thread" daemon [_thread_blocked, id=16556, stack(0x0000000026910000,0x0000000026a10000)]
  0x000000001f6e2800 JavaThread "rebel-leaseManager-1" daemon [_thread_blocked, id=30120, stack(0x0000000022440000,0x0000000022540000)]
  0x000000001f6e1000 JavaThread "rebel-messaging-executor-42" daemon [_thread_blocked, id=13800, stack(0x0000000022340000,0x0000000022440000)]
  0x000000001f6e8000 JavaThread "rebel-IDENotificationsImpl-PostCycle" daemon [_thread_blocked, id=27204, stack(0x0000000020470000,0x0000000020570000)]
  0x000000001f6e5000 JavaThread "rebel-weak-reaper" daemon [_thread_blocked, id=31332, stack(0x0000000020370000,0x0000000020470000)]
  0x000000001f6e7000 JavaThread "rebel-cache-writer" daemon [_thread_blocked, id=288, stack(0x0000000020070000,0x0000000020170000)]
  0x000000001f6e5800 JavaThread "rebel-CacheKeepAlive" daemon [_thread_blocked, id=27140, stack(0x0000000021c40000,0x0000000021d40000)]
  0x000000001f6e2000 JavaThread "rebel-logger" daemon [_thread_blocked, id=8764, stack(0x0000000021940000,0x0000000021a40000)]
  0x000000001f642000 JavaThread "Service Thread" daemon [_thread_blocked, id=24396, stack(0x000000001fe70000,0x000000001ff70000)]
  0x000000001f5a5000 JavaThread "C1 CompilerThread3" daemon [_thread_blocked, id=32656, stack(0x000000001fd70000,0x000000001fe70000)]
  0x000000001f561000 JavaThread "C2 CompilerThread2" daemon [_thread_blocked, id=18040, stack(0x000000001fc70000,0x000000001fd70000)]
  0x000000001f556800 JavaThread "C2 CompilerThread1" daemon [_thread_blocked, id=32208, stack(0x000000001fb70000,0x000000001fc70000)]
  0x000000001f555800 JavaThread "C2 CompilerThread0" daemon [_thread_blocked, id=30528, stack(0x000000001fa70000,0x000000001fb70000)]
  0x000000001df90800 JavaThread "Attach Listener" daemon [_thread_blocked, id=21304, stack(0x000000001f170000,0x000000001f270000)]
  0x000000001cc6e800 JavaThread "Signal Dispatcher" daemon [_thread_blocked, id=28220, stack(0x000000001f070000,0x000000001f170000)]
  0x000000001cc57800 JavaThread "Finalizer" daemon [_thread_blocked, id=17776, stack(0x000000001ef60000,0x000000001f060000)]
  0x000000001cc56800 JavaThread "Reference Handler" daemon [_thread_blocked, id=17348, stack(0x000000001ee60000,0x000000001ef60000)]
  0x0000000003307000 JavaThread "main" [_thread_blocked, id=32784, stack(0x0000000003120000,0x0000000003220000)]

Other Threads:
=>0x000000001cc52000 VMThread [stack: 0x000000001ed60000,0x000000001ee60000] [id=17784]

VM state:at safepoint (shutting down)

VM Mutex/Monitor currently owned by a thread:  ([mutex/lock_event])
[0x00000000033046a0] Threads_lock - owner thread: 0x000000001cc52000

heap address: 0x00000006c4a00000, size: 4022 MB, Compressed Oops mode: Zero based, Oop shift amount: 3
Narrow klass base: 0x0000000000000000, Narrow klass shift: 3
Compressed class space size: 1073741824 Address: 0x00000007c0000000

Heap:
 PSYoungGen      total 139776K, used 16716K [0x000000076c380000, 0x0000000777380000, 0x00000007c0000000)
  eden space 129024K, 12% used [0x000000076c380000,0x000000076d3d33c0,0x0000000774180000)
  from space 10752K, 0% used [0x0000000774180000,0x0000000774180000,0x0000000774c00000)
  to   space 10752K, 0% used [0x0000000776900000,0x0000000776900000,0x0000000777380000)
 ParOldGen       total 205824K, used 18703K [0x00000006c4a00000, 0x00000006d1300000, 0x000000076c380000)
  object space 205824K, 9% used [0x00000006c4a00000,0x00000006c5c43ef8,0x00000006d1300000)
 Metaspace       used 35129K, capacity 36160K, committed 36480K, reserved 1081344K
  class space    used 4172K, capacity 4460K, committed 4480K, reserved 1048576K

Card table byte_map: [0x00000000127c0000,0x0000000012fa0000] byte_map_base: 0x000000000f19b000

Marking Bits: (ParMarkBitMap*) 0x00000000755e5ce0
 Begin Bits: [0x0000000013ce0000, 0x0000000017bb8000)
 End Bits:   [0x0000000017bb8000, 0x000000001ba90000)

Polling page: 0x0000000001520000

CodeCache: size=245760Kb used=9636Kb max_used=11965Kb free=236123Kb
 bounds [0x0000000003400000, 0x0000000003fc0000, 0x0000000012400000]
 total_blobs=3742 nmethods=3063 adapters=591
 compilation: enabled

Compilation events (10 events):
Event: 13.128 Thread 0x000000001f5a5000 3681       3       org.bytedeco.javacpp.Pointer$DeallocatorReference::<init> (38 bytes)
Event: 13.128 Thread 0x000000001f5a5000 nmethod 3681 0x0000000003542890 code [0x0000000003542a20, 0x0000000003542f68]
Event: 13.128 Thread 0x000000001f5a5000 3682       3       org.bytedeco.javacpp.Pointer::access$000 (4 bytes)
Event: 13.128 Thread 0x000000001f5a5000 nmethod 3682 0x000000000361e4d0 code [0x000000000361e620, 0x000000000361e750]
Event: 13.129 Thread 0x000000001f5a5000 3683       3       org.bytedeco.javacv.CanvasFrame::_jr$ig$canvas (8 bytes)
Event: 13.130 Thread 0x000000001f5a5000 nmethod 3683 0x00000000035de350 code [0x00000000035de4c0, 0x00000000035de6f0]
Event: 13.130 Thread 0x000000001f5a5000 3684       3       sun.java2d.SunGraphics2D::_jr$ig$imageComp (8 bytes)
Event: 13.130 Thread 0x000000001f5a5000 nmethod 3684 0x00000000035c1250 code [0x00000000035c13c0, 0x00000000035c15f0]
Event: 13.130 Thread 0x000000001f5a5000 3685       3       org.bytedeco.javacpp.Pointer::<init> (86 bytes)
Event: 13.130 Thread 0x000000001f5a5000 nmethod 3685 0x0000000003559610 code [0x00000000035597c0, 0x0000000003559e50]

GC Heap History (10 events):
Event: 0.419 GC heap before
{Heap before GC invocations=1 (full 0):
 PSYoungGen      total 75264K, used 64512K [0x000000076c380000, 0x0000000771780000, 0x00000007c0000000)
  eden space 64512K, 100% used [0x000000076c380000,0x0000000770280000,0x0000000770280000)
  from space 10752K, 0% used [0x0000000770d00000,0x0000000770d00000,0x0000000771780000)
  to   space 10752K, 0% used [0x0000000770280000,0x0000000770280000,0x0000000770d00000)
 ParOldGen       total 172032K, used 0K [0x00000006c4a00000, 0x00000006cf200000, 0x000000076c380000)
  object space 172032K, 0% used [0x00000006c4a00000,0x00000006c4a00000,0x00000006cf200000)
 Metaspace       used 13200K, capacity 14134K, committed 14208K, reserved 1060864K
  class space    used 1630K, capacity 1906K, committed 1920K, reserved 1048576K
Event: 0.425 GC heap after
Heap after GC invocations=1 (full 0):
 PSYoungGen      total 75264K, used 10681K [0x000000076c380000, 0x0000000775680000, 0x00000007c0000000)
  eden space 64512K, 0% used [0x000000076c380000,0x000000076c380000,0x0000000770280000)
  from space 10752K, 99% used [0x0000000770280000,0x0000000770cee630,0x0000000770d00000)
  to   space 10752K, 0% used [0x0000000774c00000,0x0000000774c00000,0x0000000775680000)
 ParOldGen       total 172032K, used 16K [0x00000006c4a00000, 0x00000006cf200000, 0x000000076c380000)
  object space 172032K, 0% used [0x00000006c4a00000,0x00000006c4a04000,0x00000006cf200000)
 Metaspace       used 13200K, capacity 14134K, committed 14208K, reserved 1060864K
  class space    used 1630K, capacity 1906K, committed 1920K, reserved 1048576K
}
Event: 1.027 GC heap before
{Heap before GC invocations=2 (full 0):
 PSYoungGen      total 75264K, used 71066K [0x000000076c380000, 0x0000000775680000, 0x00000007c0000000)
  eden space 64512K, 93% used [0x000000076c380000,0x000000076fe78380,0x0000000770280000)
  from space 10752K, 99% used [0x0000000770280000,0x0000000770cee630,0x0000000770d00000)
  to   space 10752K, 0% used [0x0000000774c00000,0x0000000774c00000,0x0000000775680000)
 ParOldGen       total 172032K, used 16K [0x00000006c4a00000, 0x00000006cf200000, 0x000000076c380000)
  object space 172032K, 0% used [0x00000006c4a00000,0x00000006c4a04000,0x00000006cf200000)
 Metaspace       used 20119K, capacity 21140K, committed 21296K, reserved 1067008K
  class space    used 2566K, capacity 2869K, committed 2944K, reserved 1048576K
Event: 1.035 GC heap after
Heap after GC invocations=2 (full 0):
 PSYoungGen      total 139776K, used 10748K [0x000000076c380000, 0x0000000775680000, 0x00000007c0000000)
  eden space 129024K, 0% used [0x000000076c380000,0x000000076c380000,0x0000000774180000)
  from space 10752K, 99% used [0x0000000774c00000,0x000000077567f330,0x0000000775680000)
  to   space 10752K, 0% used [0x0000000774180000,0x0000000774180000,0x0000000774c00000)
 ParOldGen       total 172032K, used 3495K [0x00000006c4a00000, 0x00000006cf200000, 0x000000076c380000)
  object space 172032K, 2% used [0x00000006c4a00000,0x00000006c4d69e50,0x00000006cf200000)
 Metaspace       used 20119K, capacity 21140K, committed 21296K, reserved 1067008K
  class space    used 2566K, capacity 2869K, committed 2944K, reserved 1048576K
}
Event: 1.035 GC heap before
{Heap before GC invocations=3 (full 1):
 PSYoungGen      total 139776K, used 10748K [0x000000076c380000, 0x0000000775680000, 0x00000007c0000000)
  eden space 129024K, 0% used [0x000000076c380000,0x000000076c380000,0x0000000774180000)
  from space 10752K, 99% used [0x0000000774c00000,0x000000077567f330,0x0000000775680000)
  to   space 10752K, 0% used [0x0000000774180000,0x0000000774180000,0x0000000774c00000)
 ParOldGen       total 172032K, used 3495K [0x00000006c4a00000, 0x00000006cf200000, 0x000000076c380000)
  object space 172032K, 2% used [0x00000006c4a00000,0x00000006c4d69e50,0x00000006cf200000)
 Metaspace       used 20119K, capacity 21140K, committed 21296K, reserved 1067008K
  class space    used 2566K, capacity 2869K, committed 2944K, reserved 1048576K
Event: 1.066 GC heap after
Heap after GC invocations=3 (full 1):
 PSYoungGen      total 139776K, used 0K [0x000000076c380000, 0x0000000775680000, 0x00000007c0000000)
  eden space 129024K, 0% used [0x000000076c380000,0x000000076c380000,0x0000000774180000)
  from space 10752K, 0% used [0x0000000774c00000,0x0000000774c00000,0x0000000775680000)
  to   space 10752K, 0% used [0x0000000774180000,0x0000000774180000,0x0000000774c00000)
 ParOldGen       total 128000K, used 13951K [0x00000006c4a00000, 0x00000006cc700000, 0x000000076c380000)
  object space 128000K, 10% used [0x00000006c4a00000,0x00000006c579fe80,0x00000006cc700000)
 Metaspace       used 20118K, capacity 21138K, committed 21296K, reserved 1067008K
  class space    used 2566K, capacity 2868K, committed 2944K, reserved 1048576K
}
Event: 9.267 GC heap before
{Heap before GC invocations=4 (full 1):
 PSYoungGen      total 139776K, used 81056K [0x000000076c380000, 0x0000000775680000, 0x00000007c0000000)
  eden space 129024K, 62% used [0x000000076c380000,0x00000007712a8160,0x0000000774180000)
  from space 10752K, 0% used [0x0000000774c00000,0x0000000774c00000,0x0000000775680000)
  to   space 10752K, 0% used [0x0000000774180000,0x0000000774180000,0x0000000774c00000)
 ParOldGen       total 128000K, used 13951K [0x00000006c4a00000, 0x00000006cc700000, 0x000000076c380000)
  object space 128000K, 10% used [0x00000006c4a00000,0x00000006c579fe80,0x00000006cc700000)
 Metaspace       used 34096K, capacity 35162K, committed 35456K, reserved 1081344K
  class space    used 4057K, capacity 4363K, committed 4480K, reserved 1048576K
Event: 9.272 GC heap after
Heap after GC invocations=4 (full 1):
 PSYoungGen      total 139776K, used 7059K [0x000000076c380000, 0x0000000777380000, 0x00000007c0000000)
  eden space 129024K, 0% used [0x000000076c380000,0x000000076c380000,0x0000000774180000)
  from space 10752K, 65% used [0x0000000774180000,0x0000000774864f00,0x0000000774c00000)
  to   space 10752K, 0% used [0x0000000776900000,0x0000000776900000,0x0000000777380000)
 ParOldGen       total 128000K, used 13959K [0x00000006c4a00000, 0x00000006cc700000, 0x000000076c380000)
  object space 128000K, 10% used [0x00000006c4a00000,0x00000006c57a1e80,0x00000006cc700000)
 Metaspace       used 34096K, capacity 35162K, committed 35456K, reserved 1081344K
  class space    used 4057K, capacity 4363K, committed 4480K, reserved 1048576K
}
Event: 9.272 GC heap before
{Heap before GC invocations=5 (full 2):
 PSYoungGen      total 139776K, used 7059K [0x000000076c380000, 0x0000000777380000, 0x00000007c0000000)
  eden space 129024K, 0% used [0x000000076c380000,0x000000076c380000,0x0000000774180000)
  from space 10752K, 65% used [0x0000000774180000,0x0000000774864f00,0x0000000774c00000)
  to   space 10752K, 0% used [0x0000000776900000,0x0000000776900000,0x0000000777380000)
 ParOldGen       total 128000K, used 13959K [0x00000006c4a00000, 0x00000006cc700000, 0x000000076c380000)
  object space 128000K, 10% used [0x00000006c4a00000,0x00000006c57a1e80,0x00000006cc700000)
 Metaspace       used 34096K, capacity 35162K, committed 35456K, reserved 1081344K
  class space    used 4057K, capacity 4363K, committed 4480K, reserved 1048576K
Event: 9.314 GC heap after
Heap after GC invocations=5 (full 2):
 PSYoungGen      total 139776K, used 0K [0x000000076c380000, 0x0000000777380000, 0x00000007c0000000)
  eden space 129024K, 0% used [0x000000076c380000,0x000000076c380000,0x0000000774180000)
  from space 10752K, 0% used [0x0000000774180000,0x0000000774180000,0x0000000774c00000)
  to   space 10752K, 0% used [0x0000000776900000,0x0000000776900000,0x0000000777380000)
 ParOldGen       total 205824K, used 18703K [0x00000006c4a00000, 0x00000006d1300000, 0x000000076c380000)
  object space 205824K, 9% used [0x00000006c4a00000,0x00000006c5c43ef8,0x00000006d1300000)
 Metaspace       used 34096K, capacity 35162K, committed 35456K, reserved 1081344K
  class space    used 4057K, capacity 4363K, committed 4480K, reserved 1048576K
}

Deoptimization events (10 events):
Event: 2.318 Thread 0x0000000025935800 Uncommon trap: reason=unstable_if action=reinterpret pc=0x0000000003d91284 method=java.util.HashMap$HashIterator.<init>(Ljava/util/HashMap;)V @ 45
Event: 2.318 Thread 0x0000000025935800 Uncommon trap: reason=unstable_if action=reinterpret pc=0x0000000003d5a524 method=java.util.HashMap$HashIterator.<init>(Ljava/util/HashMap;)V @ 45
Event: 9.187 Thread 0x0000000003307000 Uncommon trap: reason=unstable_if action=reinterpret pc=0x0000000003a93d58 method=com.zeroturnaround.javarebel.fnc.<init>([BIZ)V @ 354
Event: 9.187 Thread 0x0000000003307000 Uncommon trap: reason=unstable_if action=reinterpret pc=0x0000000003927e58 method=java.util.concurrent.ConcurrentHashMap.addCount(JI)V @ 121
Event: 9.204 Thread 0x0000000003307000 Uncommon trap: reason=bimorphic action=maybe_recompile pc=0x00000000038a656c method=java.util.Hashtable.put(Ljava/lang/Object;Ljava/lang/Object;)Ljava/lang/Object; @ 37
Event: 9.217 Thread 0x0000000003307000 Uncommon trap: reason=bimorphic action=maybe_recompile pc=0x00000000038a656c method=java.util.Hashtable.put(Ljava/lang/Object;Ljava/lang/Object;)Ljava/lang/Object; @ 37
Event: 9.231 Thread 0x0000000003307000 Uncommon trap: reason=bimorphic action=maybe_recompile pc=0x00000000038a656c method=java.util.Hashtable.put(Ljava/lang/Object;Ljava/lang/Object;)Ljava/lang/Object; @ 37
Event: 9.234 Thread 0x0000000003307000 Uncommon trap: reason=bimorphic action=maybe_recompile pc=0x00000000038a656c method=java.util.Hashtable.put(Ljava/lang/Object;Ljava/lang/Object;)Ljava/lang/Object; @ 37
Event: 9.235 Thread 0x0000000003307000 Uncommon trap: reason=class_check action=maybe_recompile pc=0x0000000003e48290 method=java.io.FilterInputStream.read([BII)I @ 11
Event: 9.419 Thread 0x0000000003307000 Uncommon trap: reason=unstable_if action=reinterpret pc=0x0000000003fb74d0 method=org.bytedeco.javacv.Java2DFrameConverter.flipCopyWithGamma(Ljava/nio/ByteBuffer;ILjava/nio/ByteBuffer;IZDZI)V @ 59

Classes redefined (8 events):
Event: 0.468 Thread 0x000000001cc52000 redefined class name=com.zeroturnaround.jrebelbase.facade.ba, count=1
Event: 0.470 Thread 0x000000001cc52000 redefined class name=com.zeroturnaround.jrebelbase.facade.au, count=1
Event: 0.472 Thread 0x000000001cc52000 redefined class name=com.zeroturnaround.jrebelbase.facade.a, count=1
Event: 0.473 Thread 0x000000001cc52000 redefined class name=com.zeroturnaround.jrebelbase.d, count=1
Event: 0.474 Thread 0x000000001cc52000 redefined class name=com.zeroturnaround.jrebelbase.facade.f, count=1
Event: 0.475 Thread 0x000000001cc52000 redefined class name=com.zeroturnaround.jrebelbase.facade.e, count=1
Event: 0.476 Thread 0x000000001cc52000 redefined class name=com.zeroturnaround.jrebelbase.facade.g, count=1
Event: 0.477 Thread 0x000000001cc52000 redefined class name=com.zeroturnaround.jrebelbase.facade.ad, count=1

Internal exceptions (10 events):
Event: 7.650 Thread 0x0000000003307000 Exception <a 'java/lang/UnsatisfiedLinkError'> (0x000000076ec82b60) thrown at [C:\re\workspace\8-2-build-windows-amd64-cygwin\jdk8u202\12323\hotspot\src\share\vm\oops\instanceKlass.cpp, line 959]
Event: 7.650 Thread 0x0000000003307000 Exception <a 'java/lang/reflect/InvocationTargetException'> (0x000000076ec834a0) thrown at [C:\re\workspace\8-2-build-windows-amd64-cygwin\jdk8u202\12323\hotspot\src\share\vm\runtime\reflection.cpp, line 1092]
Event: 8.223 Thread 0x0000000003307000 Exception <a 'java/lang/reflect/InvocationTargetException'> (0x00000007702823b8) thrown at [C:\re\workspace\8-2-build-windows-amd64-cygwin\jdk8u202\12323\hotspot\src\share\vm\runtime\reflection.cpp, line 1092]
Event: 9.158 Thread 0x0000000003307000 Exception <a 'java/lang/ClassNotFoundException'> (0x0000000770725688) thrown at [C:\re\workspace\8-2-build-windows-amd64-cygwin\jdk8u202\12323\hotspot\src\share\vm\prims\jni.cpp, line 710]
Event: 9.158 Thread 0x0000000003307000 Exception <a 'java/lang/ExceptionInInitializerError'> (0x0000000770726878) thrown at [C:\re\workspace\8-2-build-windows-amd64-cygwin\jdk8u202\12323\hotspot\src\share\vm\oops\instanceKlass.cpp, line 964]
Event: 9.158 Thread 0x0000000003307000 Exception <a 'java/lang/reflect/InvocationTargetException'> (0x0000000770736540) thrown at [C:\re\workspace\8-2-build-windows-amd64-cygwin\jdk8u202\12323\hotspot\src\share\vm\runtime\reflection.cpp, line 1092]
Event: 9.187 Thread 0x0000000003307000 Exception <a 'java/io/FileNotFoundException'> (0x00000007709698a8) thrown at [C:\re\workspace\8-2-build-windows-amd64-cygwin\jdk8u202\12323\hotspot\src\share\vm\prims\jni.cpp, line 710]
Event: 9.201 Thread 0x0000000003307000 Exception <a 'java/io/FileNotFoundException'> (0x0000000770b620a0) thrown at [C:\re\workspace\8-2-build-windows-amd64-cygwin\jdk8u202\12323\hotspot\src\share\vm\prims\jni.cpp, line 710]
Event: 9.267 Thread 0x0000000025936800 Exception <a 'java/io/FileNotFoundException'> (0x000000077126bfe8) thrown at [C:\re\workspace\8-2-build-windows-amd64-cygwin\jdk8u202\12323\hotspot\src\share\vm\prims\jni.cpp, line 710]
Event: 9.267 Thread 0x0000000025936800 Exception <a 'java/lang/NullPointerException'> (0x000000077126c620) thrown at [C:\re\workspace\8-2-build-windows-amd64-cygwin\jdk8u202\12323\hotspot\src\share\vm\interpreter\linkResolver.cpp, line 1185]

Events (10 events):
Event: 13.040 Thread 0x0000000025932000 Thread exited: 0x0000000025932000
Event: 13.046 Thread 0x000000001f6e4000 DEOPT PACKING pc=0x000000000365566c sp=0x000000002233ec80
Event: 13.046 Thread 0x000000001f6e4000 DEOPT UNPACKING pc=0x0000000003447890 sp=0x000000002233ea18 mode 0
Event: 13.046 Thread 0x000000001f6e4000 Thread exited: 0x000000001f6e4000
Event: 13.046 Thread 0x000000001f6e3800 Thread exited: 0x000000001f6e3800
Event: 13.047 Thread 0x000000001f6e6800 Thread exited: 0x000000001f6e6800
Event: 13.052 Thread 0x000000002593c800 Thread exited: 0x000000002593c800
Event: 13.053 Thread 0x000000002593d000 Thread exited: 0x000000002593d000
Event: 13.130 Thread 0x0000000025937000 Thread exited: 0x0000000025937000
Event: 13.138 Executing VM operation: Exit


Dynamic libraries:
0x00007ff6d58b0000 - 0x00007ff6d58e7000 	C:\Program Files\Java\jdk1.8.0_202\bin\javaw.exe
0x00007ffa06390000 - 0x00007ffa06585000 	C:\Windows\SYSTEM32\ntdll.dll
0x00007ffa05850000 - 0x00007ffa0590e000 	C:\Windows\System32\KERNEL32.DLL
0x00007ffa03c70000 - 0x00007ffa03f38000 	C:\Windows\System32\KERNELBASE.dll
0x00007ffa05bb0000 - 0x00007ffa05c5e000 	C:\Windows\System32\ADVAPI32.dll
0x00007ffa05910000 - 0x00007ffa059ae000 	C:\Windows\System32\msvcrt.dll
0x00007ffa05b10000 - 0x00007ffa05bac000 	C:\Windows\System32\sechost.dll
0x00007ffa05300000 - 0x00007ffa05425000 	C:\Windows\System32\RPCRT4.dll
0x00007ffa061a0000 - 0x00007ffa06341000 	C:\Windows\System32\USER32.dll
0x00007ffa03aa0000 - 0x00007ffa03ac2000 	C:\Windows\System32\win32u.dll
0x00007ffa05a10000 - 0x00007ffa05a3b000 	C:\Windows\System32\GDI32.dll
0x00007ffa040a0000 - 0x00007ffa041ad000 	C:\Windows\System32\gdi32full.dll
0x00007ffa03ad0000 - 0x00007ffa03b6d000 	C:\Windows\System32\msvcp_win.dll
0x00007ffa03b70000 - 0x00007ffa03c70000 	C:\Windows\System32\ucrtbase.dll
0x00007ff9ed220000 - 0x00007ff9ed4ba000 	C:\Windows\WinSxS\amd64_microsoft.windows.common-controls_6595b64144ccf1df_6.0.19041.1110_none_60b5254171f9507e\COMCTL32.dll
0x00007ffa05490000 - 0x00007ffa054c0000 	C:\Windows\System32\IMM32.DLL
0x0000000075670000 - 0x0000000075742000 	C:\Program Files\Java\jdk1.8.0_202\jre\bin\msvcr100.dll
0x0000000074dc0000 - 0x0000000075665000 	C:\Program Files\Java\jdk1.8.0_202\jre\bin\server\jvm.dll
0x00007ffa05570000 - 0x00007ffa05578000 	C:\Windows\System32\PSAPI.DLL
0x00007ff9e5de0000 - 0x00007ff9e5de9000 	C:\Windows\SYSTEM32\WSOCK32.dll
0x00007ff9d6890000 - 0x00007ff9d68b7000 	C:\Windows\SYSTEM32\WINMM.dll
0x00007ffa05c60000 - 0x00007ffa05ccb000 	C:\Windows\System32\WS2_32.dll
0x00007ff9f71b0000 - 0x00007ff9f71ba000 	C:\Windows\SYSTEM32\VERSION.dll
0x00007ff9fb400000 - 0x00007ff9fb40f000 	C:\Program Files\Java\jdk1.8.0_202\jre\bin\verify.dll
0x00007ff9f9670000 - 0x00007ff9f9699000 	C:\Program Files\Java\jdk1.8.0_202\jre\bin\java.dll
0x00007ff9f9620000 - 0x00007ff9f966d000 	D:\datas\huachuan\eclipse\plugins\org.zeroturnaround.eclipse.embedder_2021.4.0.RELEASE\jrebel\lib\jrebel64.dll
0x00007ffa04580000 - 0x00007ffa04cc4000 	C:\Windows\System32\SHELL32.dll
0x00007ffa03460000 - 0x00007ffa0346c000 	C:\Windows\SYSTEM32\CRYPTBASE.DLL
0x00007ffa054c0000 - 0x00007ffa0556d000 	C:\Windows\System32\shcore.dll
0x00007ffa05e40000 - 0x00007ffa06195000 	C:\Windows\System32\combase.dll
0x00007ff9f9730000 - 0x00007ff9f9746000 	C:\Program Files\Java\jdk1.8.0_202\jre\bin\zip.dll
0x00007ffa01b70000 - 0x00007ffa02305000 	C:\Windows\SYSTEM32\windows.storage.dll
0x00007ffa034f0000 - 0x00007ffa0351e000 	C:\Windows\SYSTEM32\Wldp.dll
0x00007ffa057f0000 - 0x00007ffa05845000 	C:\Windows\System32\shlwapi.dll
0x00007ffa039e0000 - 0x00007ffa039ff000 	C:\Windows\SYSTEM32\profapi.dll
0x00007ff9f9d50000 - 0x00007ff9f9d5d000 	C:\Program Files\Java\jdk1.8.0_202\jre\bin\management.dll
0x00007ff9f9700000 - 0x00007ff9f971a000 	C:\Program Files\Java\jdk1.8.0_202\jre\bin\net.dll
0x00007ff9f2630000 - 0x00007ff9f281b000 	C:\Windows\SYSTEM32\urlmon.dll
0x00007ff9f4050000 - 0x00007ff9f4300000 	C:\Windows\SYSTEM32\iertutil.dll
0x00007ff9f2600000 - 0x00007ff9f2628000 	C:\Windows\SYSTEM32\srvcli.dll
0x00007ffa02f30000 - 0x00007ffa02f3c000 	C:\Windows\SYSTEM32\netutils.dll
0x00007ffa03250000 - 0x00007ffa032ba000 	C:\Windows\system32\mswsock.dll
0x00007ff9f9600000 - 0x00007ff9f9612000 	C:\Program Files\Java\jdk1.8.0_202\jre\bin\nio.dll
0x00007ff9f95d0000 - 0x00007ff9f95f4000 	C:\Program Files\Java\jdk1.8.0_202\jre\bin\sunec.dll
0x00007ff9f99b0000 - 0x00007ff9f99bb000 	C:\Program Files\Java\jdk1.8.0_202\jre\bin\sunmscapi.dll
0x00007ffa03f40000 - 0x00007ffa04096000 	C:\Windows\System32\CRYPT32.dll
0x00007ff9f9210000 - 0x00007ff9f922b000 	C:\Users\Lenovo\.jrebel\jrebel-temp\ver-e8f91f94\IdeaWin64.dll
0x00007ffa03440000 - 0x00007ffa03458000 	C:\Windows\SYSTEM32\CRYPTSP.dll
0x00007ffa02b60000 - 0x00007ffa02b94000 	C:\Windows\system32\rsaenh.dll
0x00007ffa04310000 - 0x00007ffa04337000 	C:\Windows\System32\bcrypt.dll
0x00007ffa03960000 - 0x00007ffa0398e000 	C:\Windows\SYSTEM32\USERENV.dll
0x00007ffa04340000 - 0x00007ffa043c2000 	C:\Windows\System32\bcryptprimitives.dll
0x00007ffa02ef0000 - 0x00007ffa02f2b000 	C:\Windows\SYSTEM32\IPHLPAPI.DLL
0x00007ffa05e30000 - 0x00007ffa05e38000 	C:\Windows\System32\NSI.dll
0x00007ff9f71e0000 - 0x00007ff9f71f7000 	C:\Windows\SYSTEM32\dhcpcsvc6.DLL
0x00007ff9f71c0000 - 0x00007ff9f71dd000 	C:\Windows\SYSTEM32\dhcpcsvc.DLL
0x00007ffa02f40000 - 0x00007ffa0300b000 	C:\Windows\SYSTEM32\DNSAPI.dll
0x00007ff9c5c60000 - 0x00007ff9c5c77000 	C:\Windows\system32\napinsp.dll
0x00007ff9c5c00000 - 0x00007ff9c5c1b000 	C:\Windows\system32\pnrpnsp.dll
0x00007ff9d74a0000 - 0x00007ff9d74b5000 	C:\Windows\system32\wshbth.dll
0x00007ff9fb330000 - 0x00007ff9fb34d000 	C:\Windows\system32\NLAapi.dll
0x00007ff9c5be0000 - 0x00007ff9c5bf2000 	C:\Windows\System32\winrnr.dll
0x00007ff9f9b00000 - 0x00007ff9f9b0a000 	C:\Windows\System32\rasadhlp.dll
0x00007ff9f4c80000 - 0x00007ff9f4cff000 	C:\Windows\System32\fwpuclnt.dll
0x000000006b600000 - 0x000000006b640000 	C:\Users\Lenovo\AppData\Local\Temp\javacpp297677859326000\libusb-1.0.dll
0x0000000074da0000 - 0x0000000074db5000 	C:\Users\Lenovo\AppData\Local\Temp\javacpp297677859326000\libusb0.dll
0x00007ffa04cd0000 - 0x00007ffa05142000 	C:\Windows\System32\SETUPAPI.dll
0x00007ffa04210000 - 0x00007ffa0425e000 	C:\Windows\System32\cfgmgr32.dll
0x00007ff9e5c30000 - 0x00007ff9e5c64000 	C:\Users\Lenovo\AppData\Local\Temp\javacpp297677859326000\freenect.dll
0x00007ff9f7250000 - 0x00007ff9f7269000 	C:\Users\Lenovo\AppData\Local\Temp\javacpp297677859326000\pthreadVC2.dll
0x00007ff9d92b0000 - 0x00007ff9d93da000 	C:\Users\Lenovo\AppData\Local\Temp\javacpp297677859326000\ole32.dll
0x00007ff9d8680000 - 0x00007ff9d874d000 	C:\Users\Lenovo\AppData\Local\Temp\javacpp297677859326000\oleaut32.dll
0x00007ff9d8590000 - 0x00007ff9d867f000 	C:\Users\Lenovo\AppData\Local\Temp\javacpp297677859326000\msvcr120.dll
0x00007ff9d9cc0000 - 0x00007ff9d9d66000 	C:\Users\Lenovo\AppData\Local\Temp\javacpp297677859326000\msvcp120.dll
0x00007ff9bd120000 - 0x00007ff9bd399000 	C:\Users\Lenovo\AppData\Local\Temp\javacpp297677859326000\opencv_core310.dll
0x00007ff9bcdd0000 - 0x00007ff9bd111000 	C:\Users\Lenovo\AppData\Local\Temp\javacpp297677859326000\opencv_imgproc310.dll
0x00007ff9bcbd0000 - 0x00007ff9bcdc8000 	C:\Users\Lenovo\AppData\Local\Temp\javacpp297677859326000\jniopencv_core.dll
0x00007ff9d6240000 - 0x00007ff9d62e6000 	C:\Users\Lenovo\AppData\Local\Temp\javacpp297677859326000\jniopencv_imgproc.dll
0x00007ff9a8180000 - 0x00007ff9a8448000 	C:\Users\Lenovo\AppData\Local\Temp\javacpp297677859326000\opencv_imgcodecs310.dll
0x00007ff9ec010000 - 0x00007ff9ec02c000 	C:\Users\Lenovo\AppData\Local\Temp\javacpp297677859326000\jniopencv_imgcodecs.dll
0x00007ff9e5b90000 - 0x00007ff9e5be3000 	C:\Users\Lenovo\AppData\Local\Temp\javacpp297677859326000\opencv_videoio310.dll
0x00007ff9eb700000 - 0x00007ff9eb72b000 	C:\Windows\SYSTEM32\MSVFW32.dll
0x00007ff9da670000 - 0x00007ff9da691000 	C:\Windows\SYSTEM32\AVIFIL32.dll
0x00007ff9ebc30000 - 0x00007ff9ebc49000 	C:\Windows\SYSTEM32\AVICAP32.dll
0x00007ff9fb480000 - 0x00007ff9fb49e000 	C:\Windows\SYSTEM32\MSACM32.dll
0x00007ff9e7230000 - 0x00007ff9e7256000 	C:\Windows\SYSTEM32\winmmbase.dll
0x00007ff9e5b70000 - 0x00007ff9e5b87000 	C:\Users\Lenovo\AppData\Local\Temp\javacpp297677859326000\jniopencv_videoio.dll
0x00007ff9da420000 - 0x00007ff9da44c000 	C:\Users\Lenovo\AppData\Local\Temp\javacpp297677859326000\opencv_highgui310.dll
0x00007ffa05d50000 - 0x00007ffa05e2a000 	C:\Windows\System32\COMDLG32.dll
0x00007ff9d99f0000 - 0x00007ff9d9a25000 	C:\Users\Lenovo\AppData\Local\Temp\javacpp297677859326000\jniopencv_highgui.dll
0x00007ffa02320000 - 0x00007ffa02332000 	C:\Windows\SYSTEM32\kernel.appcore.dll
0x00007ff9fd3b0000 - 0x00007ff9fd44e000 	C:\Windows\system32\uxtheme.dll
0x00007ffa05a40000 - 0x00007ffa05ae9000 	C:\Windows\System32\clbcatq.dll
0x00007ff9dbde0000 - 0x00007ff9dbdfd000 	C:\Windows\System32\devenum.dll
0x00007ffa02790000 - 0x00007ffa027c3000 	C:\Windows\SYSTEM32\ntmarta.dll
0x00007ffa03840000 - 0x00007ffa03874000 	C:\Windows\SYSTEM32\DEVOBJ.dll
0x00007ffa041b0000 - 0x00007ffa04210000 	C:\Windows\System32\WINTRUST.dll
0x00007ffa03680000 - 0x00007ffa03692000 	C:\Windows\SYSTEM32\MSASN1.dll
0x00007ff9fb680000 - 0x00007ff9fb68b000 	C:\Windows\SYSTEM32\msdmo.dll
0x00007ff9d9270000 - 0x00007ff9d92a6000 	C:\Windows\System32\qcap.dll
0x00007ff9a7fb0000 - 0x00007ff9a8180000 	C:\Windows\System32\quartz.dll
0x00007ffa043d0000 - 0x00007ffa044e5000 	C:\Windows\System32\MSCTF.dll
0x00007ff9d9220000 - 0x00007ff9d926d000 	C:\Windows\System32\mfksproxy.dll
0x00007ff9dbbc0000 - 0x00007ff9dbbdd000 	C:\Windows\System32\ATL.DLL
0x00007ff9f93a0000 - 0x00007ff9f955c000 	C:\Windows\System32\MFPlat.DLL
0x00007ff9f9b30000 - 0x00007ff9f9b66000 	C:\Windows\System32\RTWorkQ.DLL
0x00007ff9a7b10000 - 0x00007ff9a7fa1000 	C:\Windows\System32\MFCORE.dll
0x00007ffa03060000 - 0x00007ffa030ab000 	C:\Windows\SYSTEM32\powrprof.dll
0x00007ff9f9d00000 - 0x00007ff9f9d09000 	C:\Windows\System32\ksuser.dll
0x00007ffa02ed0000 - 0x00007ffa02ee2000 	C:\Windows\SYSTEM32\UMPDC.dll
0x00007ff9d5bf0000 - 0x00007ff9d5c60000 	C:\Windows\System32\FrameServerClient.dll
0x00007ff9f9de0000 - 0x00007ff9f9e47000 	C:\Windows\System32\MFSENSORGROUP.dll
0x00007ff9faa40000 - 0x00007ff9faa4a000 	C:\Windows\System32\AVRT.dll
0x00007ff9f95c0000 - 0x00007ff9f95cd000 	C:\Windows\System32\vidcap.ax
0x00007ff9da3f0000 - 0x00007ff9da417000 	C:\Windows\System32\kswdmcap.ax
0x00007ff9a7750000 - 0x00007ff9a78bc000 	C:\Windows\System32\MFC42.dll
0x00007ff9bcac0000 - 0x00007ff9bcbca000 	C:\Windows\System32\MFReadWrite.dll
0x00007ff9d3230000 - 0x00007ff9d32d8000 	C:\Windows\System32\qedit.dll
0x00007ff9cdc80000 - 0x00007ff9cde29000 	C:\Windows\WinSxS\amd64_microsoft.windows.gdiplus_6595b64144ccf1df_1.1.19041.1466_none_91a4907ccc87e3b8\gdiplus.dll
0x00007ff9a7440000 - 0x00007ff9a753b000 	C:\Windows\System32\DDRAW.dll
0x00007ffa02390000 - 0x00007ffa02484000 	C:\Windows\System32\dxgi.dll
0x00007ff9ed200000 - 0x00007ff9ed209000 	C:\Windows\System32\DCIMAN32.dll
0x00007ff9f7270000 - 0x00007ff9f72ab000 	C:\Windows\SYSTEM32\dxcore.dll
0x00007ff9c4d60000 - 0x00007ff9c4e0d000 	C:\Users\Lenovo\AppData\Local\Temp\javacpp297677859326000\avutil-55.dll
0x00007ff9a72a0000 - 0x00007ff9a7439000 	C:\Program Files\Java\jdk1.8.0_202\jre\bin\awt.dll
0x00007ff9fd1e0000 - 0x00007ff9fd270000 	C:\Windows\SYSTEM32\apphelp.dll
0x00007ffa00e10000 - 0x00007ffa00e3f000 	C:\Windows\system32\DWMAPI.DLL
0x00007ff9d7730000 - 0x00007ff9d7855000 	C:\Windows\system32\opengl32.dll

VM Arguments:
jvm_args: -Drebel.base=C:\Users\Lenovo\.jrebel -Drebel.env.ide.plugin.version=2021.4.0 -Drebel.env.ide.version=4.7.2 -Drebel.env.ide.product=Eclipse -Drebel.env.ide=eclipse -Drebel.notification.url=http://localhost:55247 -Drebel.workspace.path=D:\WorkSpace\HC -Drebel.properties=C:\Users\Lenovo\.jrebel\jrebel.properties -agentpath:D:\datas\huachuan\eclipse\plugins\org.zeroturnaround.eclipse.embedder_2021.4.0.RELEASE\jrebel\lib\jrebel64.dll -Dfile.encoding=UTF-8 
java_command: com.km.voide.VoidUtil
java_class_path (initial): C:\Program Files\Java\jdk1.8.0_202\jre\lib\resources.jar;C:\Program Files\Java\jdk1.8.0_202\jre\lib\rt.jar;C:\Program Files\Java\jdk1.8.0_202\jre\lib\jsse.jar;C:\Program Files\Java\jdk1.8.0_202\jre\lib\jce.jar;C:\Program Files\Java\jdk1.8.0_202\jre\lib\charsets.jar;C:\Program Files\Java\jdk1.8.0_202\jre\lib\jfr.jar;C:\Program Files\Java\jdk1.8.0_202\jre\lib\ext\access-bridge-64.jar;C:\Program Files\Java\jdk1.8.0_202\jre\lib\ext\cldrdata.jar;C:\Program Files\Java\jdk1.8.0_202\jre\lib\ext\dnsns.jar;C:\Program Files\Java\jdk1.8.0_202\jre\lib\ext\jaccess.jar;C:\Program Files\Java\jdk1.8.0_202\jre\lib\ext\jfxrt.jar;C:\Program Files\Java\jdk1.8.0_202\jre\lib\ext\localedata.jar;C:\Program Files\Java\jdk1.8.0_202\jre\lib\ext\nashorn.jar;C:\Program Files\Java\jdk1.8.0_202\jre\lib\ext\sunec.jar;C:\Program Files\Java\jdk1.8.0_202\jre\lib\ext\sunjce_provider.jar;C:\Program Files\Java\jdk1.8.0_202\jre\lib\ext\sunmscapi.jar;C:\Program Files\Java\jdk1.8.0_202\jre\lib\ext\sunpkcs11.jar;C:\Program Files\Java\jdk1.8.0_202\jre\lib\ext\zipfs.jar;D:\WorkSpace\HC\spring5gxl\build\classes;D:\sworf\apache-tomcat-8.5.73\lib\annotations-api.jar;D:\sworf\apache-tomcat-8.5.73\lib\catalina-ant.jar;D:\sworf\apache-tomcat-8.5.73\lib\catalina-ha.jar;D:\sworf\apache-tomcat-8.5.73\lib\catalina-storeconfig.jar;D:\sworf\apache-tomcat-8.5.73\lib\catalina-tribes.jar;D:\sworf\apache-tomcat-8.5.73\lib\catalina.jar;D:\sworf\apache-tomcat-8.5.73\lib\ecj-4.6.3.jar;D:\sworf\apache-tomcat-8.5.73\lib\el-api.jar;D:\sworf\apache-tomcat-8.5.73\lib\jasper-el.jar;D:\sworf\apache-tomcat-8.5.73\lib\jasper.jar;D:\sworf\apache-tomcat-8.5.73\lib\jaspic-api.jar;D:\sworf\apache-tomcat-8.5.73\lib\jsp-api.jar;D:\sworf\apache-tomcat-8.5.73\lib\servlet-api.jar;D:\sworf\apache-tomcat-8.5.73\lib\tomcat-api.jar;D:\sworf\apache-tomcat-8.5.73\lib\tomcat-coyote.jar;D:\sworf\apache-tomcat-8.5.73\lib\tomcat-dbcp.jar;D:\sworf\apache-tomcat-8.5.73\lib\tomcat-i18n-de.jar;D:\sworf\apache-tomcat-8.5.73\lib\tomc
Launcher Type: SUN_STANDARD

Environment Variables:
PATH=C:/Program Files/Java/jre1.8.0_202/bin/server;C:/Program Files/Java/jre1.8.0_202/bin;C:/Program Files/Java/jre1.8.0_202/lib/amd64;C:\Program Files (x86)\Common Files\Oracle\Java\javapath;C:\Windows\system32;C:\Windows;C:\Windows\System32\Wbem;C:\Windows\System32\WindowsPowerShell\v1.0\;C:\Windows\System32\OpenSSH\;C:\Program Files (x86)\MySQL\MySQL Server 5.5\bin;C:\Users\Lenovo\AppData\Local\Microsoft\WindowsApps;;D:\datas\Microsoft VS Code\bin;D:\datas\huachuan\eclipse;
USERNAME=Lenovo
OS=Windows_NT
PROCESSOR_IDENTIFIER=Intel64 Family 6 Model 140 Stepping 1, GenuineIntel



---------------  S Y S T E M  ---------------

OS: Windows 10.0 , 64 bit Build 19041 (10.0.19041.1466)

CPU:total 8 (initial active 8) (4 cores per cpu, 2 threads per core) family 6 model 140 stepping 1, cmov, cx8, fxsr, mmx, sse, sse2, sse3, ssse3, sse4.1, sse4.2, popcnt, avx, avx2, aes, clmul, erms, 3dnowpref, lzcnt, ht, tsc, tscinvbit, bmi1, bmi2, adx

Memory: 4k page, physical 16468084k(5206348k free), swap 24594548k(9281280k free)

vm_info: Java HotSpot(TM) 64-Bit Server VM (25.202-b08) for windows-amd64 JRE (1.8.0_202-b08), built on Dec 15 2018 19:54:30 by "java_re" with MS VC++ 10.0 (VS2010)

time: Mon Jan 24 11:05:11 2022
timezone: ÖĐąú±ę×ĽĘ±Ľä
elapsed time: 14 seconds (0d 0h 0m 14s)

