#
# A fatal error has been detected by the Java Runtime Environment:
#
#  Internal Error (0xc000000d), pid=22416, tid=0x000000000000599c
#
# JRE version: Java(TM) SE Runtime Environment (8.0_202-b08) (build 1.8.0_202-b08)
# Java VM: Java HotSpot(TM) 64-Bit Server VM (25.202-b08 mixed mode windows-amd64 compressed oops)
# Problematic frame:
# C  [ntdll.dll+0x112174]
#
# Failed to write core dump. Minidumps are not enabled by default on client versions of Windows
#
# If you would like to submit a bug report, please visit:
#   http://bugreport.java.com/bugreport/crash.jsp
#

---------------  T H R E A D  ---------------

Current thread (0x000000001cbb2000):  VMThread [stack: 0x000000001ecb0000,0x000000001edb0000] [id=22940]

siginfo: ExceptionCode=0xc000000d

Registers:
RAX=0x0000000000000000, RBX=0x0000000000000000, RCX=0x0000000000000000, RDX=0x0000000000000000
RSP=0x000000001edae540, RBP=0x0000000000000003, RSI=0x0000000000001018, RDI=0x00000000272f0ad0
R8 =0x0000000000000000, R9 =0x0000000000000000, R10=0x0000000000000000, R11=0x0000000000000000
R12=0x0000000000001018, R13=0x00007ff9d928e540, R14=0x0000000000000000, R15=0x0000000000001018
RIP=0x00007ffa064a2174, EFLAGS=0x0000000000000206

Top of Stack: (sp=0x000000001edae540)
0x000000001edae540:   0000000000000057 0000000000000000
0x000000001edae550:   0000000000001018 0000000001480000
0x000000001edae560:   00000000c000000d 0000000000000000
0x000000001edae570:   00007ffa064a2174 0000000000000000
0x000000001edae580:   0000000000000000 0000000000000000
0x000000001edae590:   0000000000000000 0000000000000000
0x000000001edae5a0:   0000000000000000 0000000000000000
0x000000001edae5b0:   0000000000000000 0000000000000000
0x000000001edae5c0:   0000000000000000 0000000000000000
0x000000001edae5d0:   0000000000000000 0000000000000000
0x000000001edae5e0:   0000000000000000 0000000000000000
0x000000001edae5f0:   0000000000000000 00007ffa063e07b0
0x000000001edae600:   00000878fd4f4798 00007ffa063b47b1
0x000000001edae610:   0000000000e00000 00007ffa0643c44f
0x000000001edae620:   0000000000000001 00007ff9f9b3949b
0x000000001edae630:   00007ff9d928e540 0000000000001018 

Instructions: (pc=0x00007ffa064a2174)
0x00007ffa064a2154:   1c f9 ff c7 44 24 20 0d 00 00 c0 b9 57 00 00 00
0x00007ffa064a2164:   e8 07 e6 f3 ff 90 48 8d 4c 24 20 e8 ac ee f3 ff
0x00007ffa064a2174:   eb 00 48 8b 8c 24 c0 00 00 00 48 33 cc e8 aa a0
0x00007ffa064a2184:   f7 ff 48 81 c4 d8 00 00 00 c3 cc 40 55 48 83 ec 


Register to memory mapping:

RAX=0x0000000000000000 is an unknown value
RBX=0x0000000000000000 is an unknown value
RCX=0x0000000000000000 is an unknown value
RDX=0x0000000000000000 is an unknown value
RSP=0x000000001edae540 is an unknown value
RBP=0x0000000000000003 is an unknown value
RSI=0x0000000000001018 is an unknown value
RDI=0x00000000272f0ad0 is an unknown value
R8 =0x0000000000000000 is an unknown value
R9 =0x0000000000000000 is an unknown value
R10=0x0000000000000000 is an unknown value
R11=0x0000000000000000 is an unknown value
R12=0x0000000000001018 is an unknown value
R13=0x00007ff9d928e540 is an unknown value
R14=0x0000000000000000 is an unknown value
R15=0x0000000000001018 is an unknown value


Stack: [0x000000001ecb0000,0x000000001edb0000],  sp=0x000000001edae540,  free space=1017k
Native frames: (J=compiled Java code, j=interpreted, Vv=VM code, C=native code)
C  [ntdll.dll+0x112174]
C  [ntdll.dll+0xac44f]
C  [ntdll.dll+0x11d95]
C  [RTWorkQ.DLL+0x7123]
C  [RTWorkQ.DLL+0x6fd5]
C  [RTWorkQ.DLL+0x6e8e]
C  [FrameServerClient.dll+0x407bc]
C  [FrameServerClient.dll+0x27c42]
C  [FrameServerClient.dll+0x40ca5]
C  [RTWorkQ.DLL+0x16713]
C  [RTWorkQ.DLL+0x8169]
C  [RTWorkQ.DLL+0xcf03]
C  [RTWorkQ.DLL+0xce3a]
C  [FrameServerClient.dll+0x40869]
C  [FrameServerClient.dll+0x27500]
C  [FrameServerClient.dll+0x24057]
C  [FrameServerClient.dll+0x1f3a4]
C  [FrameServerClient.dll+0x16a79]
C  [FrameServerClient.dll+0x11313]
C  [FrameServerClient.dll+0xc95e]
C  [FrameServerClient.dll+0x86f2]
C  [MFCORE.dll+0x2d6540]
C  [MFCORE.dll+0x2d20af]
C  [MFCORE.dll+0x2d5b29]
C  [MFReadWrite.dll+0xec05]
C  [MFReadWrite.dll+0x25bef]
C  [ATL.DLL+0x3411]
C  [mfksproxy.dll+0x13815]
C  [mfksproxy.dll+0x149a4]
C  [ATL.DLL+0x3411]
C  [mfksproxy.dll+0x2160]
C  [mfksproxy.dll+0x1ee4]
C  [mfksproxy.dll+0x3326b]
C  [opencv_videoio310.dll+0x222b3]
C  [opencv_videoio310.dll+0x2182f]
C  [opencv_videoio310.dll+0x2d6e0]
C  [opencv_videoio310.dll+0x296a0]
C  [opencv_videoio310.dll+0x29922]
C  [ntdll.dll+0x19a1d]
C  [ntdll.dll+0x5db91]
C  [ntdll.dll+0x5da2d]
C  [KERNEL32.DLL+0x1e0ab]
C  [msvcr100.dll+0x20ccd]
V  [jvm.dll+0x214045]
V  [jvm.dll+0x24d5d7]
V  [jvm.dll+0x24c876]
V  [jvm.dll+0x24cd11]
V  [jvm.dll+0x24cf2e]
V  [jvm.dll+0x29fc6a]
C  [msvcr100.dll+0x21d9f]
C  [msvcr100.dll+0x21e3b]
C  [KERNEL32.DLL+0x17034]
C  [ntdll.dll+0x52651]

VM_Operation (0x000000002ff1d130): Exit, mode: safepoint, requested by thread 0x0000000025d32800


---------------  P R O C E S S  ---------------

Java Threads: ( => current thread )
  0x0000000025d32800 JavaThread "AWT-EventQueue-0" [_thread_blocked, id=5952, stack(0x000000002fe20000,0x000000002ff20000)]
  0x0000000025d38000 JavaThread "AWT-Shutdown" [_thread_blocked, id=26840, stack(0x000000002f430000,0x000000002f530000)]
  0x0000000025d30800 JavaThread "Java2D Disposer" daemon [_thread_blocked, id=19344, stack(0x000000002f330000,0x000000002f430000)]
  0x0000000025d35000 JavaThread "rebel-change-detector-thread" daemon [_thread_blocked, id=29504, stack(0x0000000026ac0000,0x0000000026bc0000)]
  0x0000000025d34000 JavaThread "rebel-debugger-thread" daemon [_thread_blocked, id=28676, stack(0x00000000269c0000,0x0000000026ac0000)]
  0x0000000025d37000 JavaThread "rebel-debugger-attach-notifier" daemon [_thread_blocked, id=17692, stack(0x00000000268c0000,0x00000000269c0000)]
  0x0000000025d36800 JavaThread "rebel-heartbeat-thread" daemon [_thread_blocked, id=23956, stack(0x00000000267c0000,0x00000000268c0000)]
  0x0000000025d33800 JavaThread "rebel-redeploy-thread" daemon [_thread_blocked, id=8048, stack(0x00000000266c0000,0x00000000267c0000)]
  0x000000001f60d800 JavaThread "rebel-leaseManager-1" daemon [_thread_blocked, id=26532, stack(0x0000000022270000,0x0000000022370000)]
  0x000000001f60f000 JavaThread "rebel-messaging-executor-42" daemon [_thread_blocked, id=7680, stack(0x00000000206b0000,0x00000000207b0000)]
  0x000000001f60d000 JavaThread "rebel-IDENotificationsImpl-PostCycle" daemon [_thread_blocked, id=31156, stack(0x00000000203b0000,0x00000000204b0000)]
  0x000000001f613000 JavaThread "rebel-weak-reaper" daemon [_thread_blocked, id=12804, stack(0x00000000202b0000,0x00000000203b0000)]
  0x000000001f611800 JavaThread "rebel-cache-writer" daemon [_thread_blocked, id=12084, stack(0x000000001ffb0000,0x00000000200b0000)]
  0x000000001f60e800 JavaThread "rebel-CacheKeepAlive" daemon [_thread_blocked, id=23904, stack(0x0000000021b80000,0x0000000021c80000)]
  0x000000001f610000 JavaThread "rebel-logger" daemon [_thread_blocked, id=17924, stack(0x0000000021880000,0x0000000021980000)]
  0x000000001f4f1800 JavaThread "Service Thread" daemon [_thread_blocked, id=680, stack(0x000000001fdb0000,0x000000001feb0000)]
  0x000000001f4e7000 JavaThread "C1 CompilerThread3" daemon [_thread_blocked, id=4336, stack(0x000000001fcb0000,0x000000001fdb0000)]
  0x000000001f483000 JavaThread "C2 CompilerThread2" daemon [_thread_blocked, id=19812, stack(0x000000001fbb0000,0x000000001fcb0000)]
  0x000000001f482800 JavaThread "C2 CompilerThread1" daemon [_thread_blocked, id=33740, stack(0x000000001fab0000,0x000000001fbb0000)]
  0x000000001f481800 JavaThread "C2 CompilerThread0" daemon [_thread_blocked, id=13076, stack(0x000000001f9b0000,0x000000001fab0000)]
  0x000000001dee0000 JavaThread "Attach Listener" daemon [_thread_blocked, id=15152, stack(0x000000001f0b0000,0x000000001f1b0000)]
  0x000000001dedf000 JavaThread "Signal Dispatcher" daemon [_thread_blocked, id=5824, stack(0x000000001efb0000,0x000000001f0b0000)]
  0x000000001cbb7000 JavaThread "Finalizer" daemon [_thread_blocked, id=13824, stack(0x000000001eeb0000,0x000000001efb0000)]
  0x000000001cbb6000 JavaThread "Reference Handler" daemon [_thread_blocked, id=29820, stack(0x000000001edb0000,0x000000001eeb0000)]
  0x0000000003267000 JavaThread "main" [_thread_blocked, id=20956, stack(0x0000000003070000,0x0000000003170000)]

Other Threads:
=>0x000000001cbb2000 VMThread [stack: 0x000000001ecb0000,0x000000001edb0000] [id=22940]

VM state:at safepoint (shutting down)

VM Mutex/Monitor currently owned by a thread:  ([mutex/lock_event])
[0x0000000003264820] Threads_lock - owner thread: 0x000000001cbb2000

heap address: 0x00000006c4a00000, size: 4022 MB, Compressed Oops mode: Zero based, Oop shift amount: 3
Narrow klass base: 0x0000000000000000, Narrow klass shift: 3
Compressed class space size: 1073741824 Address: 0x00000007c0000000

Heap:
 PSYoungGen      total 139776K, used 17007K [0x000000076c380000, 0x0000000777200000, 0x00000007c0000000)
  eden space 129024K, 13% used [0x000000076c380000,0x000000076d41bfc0,0x0000000774180000)
  from space 10752K, 0% used [0x0000000774180000,0x0000000774180000,0x0000000774c00000)
  to   space 10752K, 0% used [0x0000000776780000,0x0000000776780000,0x0000000777200000)
 ParOldGen       total 208896K, used 18896K [0x00000006c4a00000, 0x00000006d1600000, 0x000000076c380000)
  object space 208896K, 9% used [0x00000006c4a00000,0x00000006c5c74298,0x00000006d1600000)
 Metaspace       used 35588K, capacity 36634K, committed 37032K, reserved 1081344K
  class space    used 4183K, capacity 4491K, committed 4608K, reserved 1048576K

Card table byte_map: [0x0000000012720000,0x0000000012f00000] byte_map_base: 0x000000000f0fb000

Marking Bits: (ParMarkBitMap*) 0x00000000755e5ce0
 Begin Bits: [0x0000000013c40000, 0x0000000017b18000)
 End Bits:   [0x0000000017b18000, 0x000000001b9f0000)

Polling page: 0x00000000013d0000

CodeCache: size=245760Kb used=11407Kb max_used=13903Kb free=234352Kb
 bounds [0x0000000003360000, 0x0000000004100000, 0x0000000012360000]
 total_blobs=4185 nmethods=3509 adapters=588
 compilation: enabled

Compilation events (10 events):
Event: 19.503 Thread 0x000000001f4e7000 4215   !   3       org.bytedeco.javacpp.Pointer::deallocator (314 bytes)
Event: 19.506 Thread 0x000000001f4e7000 nmethod 4215 0x00000000034d3c50 code [0x00000000034d41a0, 0x00000000034d78e8]
Event: 19.530 Thread 0x000000001f4e7000 4216       3       sun.awt.image.PixelConverter$Xrgb::rgbToPixel (6 bytes)
Event: 19.530 Thread 0x000000001f4e7000 nmethod 4216 0x00000000035849d0 code [0x0000000003584b20, 0x0000000003584c70]
Event: 19.532 Thread 0x000000001f4e7000 4217       3       java.util.LinkedHashMap$LinkedKeyIterator::next (8 bytes)
Event: 19.532 Thread 0x000000001f4e7000 nmethod 4217 0x0000000003783f10 code [0x0000000003784080, 0x0000000003784328]
Event: 19.534 Thread 0x000000001f4e7000 4218       3       java.util.LinkedHashMap::_jr$ip$head (9 bytes)
Event: 19.534 Thread 0x000000001f4e7000 nmethod 4218 0x00000000039cce50 code [0x00000000039ccfc0, 0x00000000039cd210]
Event: 19.539 Thread 0x000000001f4e7000 4219       3       java.io.WinNTFileSystem::_jr$ig$cache (8 bytes)
Event: 19.540 Thread 0x000000001f4e7000 nmethod 4219 0x0000000003783a50 code [0x0000000003783bc0, 0x0000000003783df0]

GC Heap History (10 events):
Event: 0.414 GC heap before
{Heap before GC invocations=1 (full 0):
 PSYoungGen      total 75264K, used 64512K [0x000000076c380000, 0x0000000771780000, 0x00000007c0000000)
  eden space 64512K, 100% used [0x000000076c380000,0x0000000770280000,0x0000000770280000)
  from space 10752K, 0% used [0x0000000770d00000,0x0000000770d00000,0x0000000771780000)
  to   space 10752K, 0% used [0x0000000770280000,0x0000000770280000,0x0000000770d00000)
 ParOldGen       total 172032K, used 0K [0x00000006c4a00000, 0x00000006cf200000, 0x000000076c380000)
  object space 172032K, 0% used [0x00000006c4a00000,0x00000006c4a00000,0x00000006cf200000)
 Metaspace       used 13215K, capacity 14102K, committed 14208K, reserved 1060864K
  class space    used 1629K, capacity 1874K, committed 1920K, reserved 1048576K
Event: 0.419 GC heap after
Heap after GC invocations=1 (full 0):
 PSYoungGen      total 75264K, used 10696K [0x000000076c380000, 0x0000000775680000, 0x00000007c0000000)
  eden space 64512K, 0% used [0x000000076c380000,0x000000076c380000,0x0000000770280000)
  from space 10752K, 99% used [0x0000000770280000,0x0000000770cf2088,0x0000000770d00000)
  to   space 10752K, 0% used [0x0000000774c00000,0x0000000774c00000,0x0000000775680000)
 ParOldGen       total 172032K, used 16K [0x00000006c4a00000, 0x00000006cf200000, 0x000000076c380000)
  object space 172032K, 0% used [0x00000006c4a00000,0x00000006c4a04000,0x00000006cf200000)
 Metaspace       used 13215K, capacity 14102K, committed 14208K, reserved 1060864K
  class space    used 1629K, capacity 1874K, committed 1920K, reserved 1048576K
}
Event: 1.004 GC heap before
{Heap before GC invocations=2 (full 0):
 PSYoungGen      total 75264K, used 71146K [0x000000076c380000, 0x0000000775680000, 0x00000007c0000000)
  eden space 64512K, 93% used [0x000000076c380000,0x000000076fe889d0,0x0000000770280000)
  from space 10752K, 99% used [0x0000000770280000,0x0000000770cf2088,0x0000000770d00000)
  to   space 10752K, 0% used [0x0000000774c00000,0x0000000774c00000,0x0000000775680000)
 ParOldGen       total 172032K, used 16K [0x00000006c4a00000, 0x00000006cf200000, 0x000000076c380000)
  object space 172032K, 0% used [0x00000006c4a00000,0x00000006c4a04000,0x00000006cf200000)
 Metaspace       used 20118K, capacity 21140K, committed 21296K, reserved 1067008K
  class space    used 2565K, capacity 2869K, committed 2944K, reserved 1048576K
Event: 1.011 GC heap after
Heap after GC invocations=2 (full 0):
 PSYoungGen      total 139776K, used 10740K [0x000000076c380000, 0x0000000775680000, 0x00000007c0000000)
  eden space 129024K, 0% used [0x000000076c380000,0x000000076c380000,0x0000000774180000)
  from space 10752K, 99% used [0x0000000774c00000,0x000000077567d310,0x0000000775680000)
  to   space 10752K, 0% used [0x0000000774180000,0x0000000774180000,0x0000000774c00000)
 ParOldGen       total 172032K, used 3474K [0x00000006c4a00000, 0x00000006cf200000, 0x000000076c380000)
  object space 172032K, 2% used [0x00000006c4a00000,0x00000006c4d64a58,0x00000006cf200000)
 Metaspace       used 20118K, capacity 21140K, committed 21296K, reserved 1067008K
  class space    used 2565K, capacity 2869K, committed 2944K, reserved 1048576K
}
Event: 1.011 GC heap before
{Heap before GC invocations=3 (full 1):
 PSYoungGen      total 139776K, used 10740K [0x000000076c380000, 0x0000000775680000, 0x00000007c0000000)
  eden space 129024K, 0% used [0x000000076c380000,0x000000076c380000,0x0000000774180000)
  from space 10752K, 99% used [0x0000000774c00000,0x000000077567d310,0x0000000775680000)
  to   space 10752K, 0% used [0x0000000774180000,0x0000000774180000,0x0000000774c00000)
 ParOldGen       total 172032K, used 3474K [0x00000006c4a00000, 0x00000006cf200000, 0x000000076c380000)
  object space 172032K, 2% used [0x00000006c4a00000,0x00000006c4d64a58,0x00000006cf200000)
 Metaspace       used 20118K, capacity 21140K, committed 21296K, reserved 1067008K
  class space    used 2565K, capacity 2869K, committed 2944K, reserved 1048576K
Event: 1.043 GC heap after
Heap after GC invocations=3 (full 1):
 PSYoungGen      total 139776K, used 0K [0x000000076c380000, 0x0000000775680000, 0x00000007c0000000)
  eden space 129024K, 0% used [0x000000076c380000,0x000000076c380000,0x0000000774180000)
  from space 10752K, 0% used [0x0000000774c00000,0x0000000774c00000,0x0000000775680000)
  to   space 10752K, 0% used [0x0000000774180000,0x0000000774180000,0x0000000774c00000)
 ParOldGen       total 129024K, used 13927K [0x00000006c4a00000, 0x00000006cc800000, 0x000000076c380000)
  object space 129024K, 10% used [0x00000006c4a00000,0x00000006c5799da0,0x00000006cc800000)
 Metaspace       used 20117K, capacity 21138K, committed 21296K, reserved 1067008K
  class space    used 2565K, capacity 2868K, committed 2944K, reserved 1048576K
}
Event: 9.972 GC heap before
{Heap before GC invocations=4 (full 1):
 PSYoungGen      total 139776K, used 107120K [0x000000076c380000, 0x0000000775680000, 0x00000007c0000000)
  eden space 129024K, 83% used [0x000000076c380000,0x0000000772c1c2d8,0x0000000774180000)
  from space 10752K, 0% used [0x0000000774c00000,0x0000000774c00000,0x0000000775680000)
  to   space 10752K, 0% used [0x0000000774180000,0x0000000774180000,0x0000000774c00000)
 ParOldGen       total 129024K, used 13927K [0x00000006c4a00000, 0x00000006cc800000, 0x000000076c380000)
  object space 129024K, 10% used [0x00000006c4a00000,0x00000006c5799da0,0x00000006cc800000)
 Metaspace       used 34201K, capacity 35258K, committed 35496K, reserved 1081344K
  class space    used 4034K, capacity 4331K, committed 4352K, reserved 1048576K
Event: 9.977 GC heap after
Heap after GC invocations=4 (full 1):
 PSYoungGen      total 139776K, used 7325K [0x000000076c380000, 0x0000000777200000, 0x00000007c0000000)
  eden space 129024K, 0% used [0x000000076c380000,0x000000076c380000,0x0000000774180000)
  from space 10752K, 68% used [0x0000000774180000,0x00000007748a74b0,0x0000000774c00000)
  to   space 10752K, 0% used [0x0000000776780000,0x0000000776780000,0x0000000777200000)
 ParOldGen       total 129024K, used 13935K [0x00000006c4a00000, 0x00000006cc800000, 0x000000076c380000)
  object space 129024K, 10% used [0x00000006c4a00000,0x00000006c579bda0,0x00000006cc800000)
 Metaspace       used 34201K, capacity 35258K, committed 35496K, reserved 1081344K
  class space    used 4034K, capacity 4331K, committed 4352K, reserved 1048576K
}
Event: 9.977 GC heap before
{Heap before GC invocations=5 (full 2):
 PSYoungGen      total 139776K, used 7325K [0x000000076c380000, 0x0000000777200000, 0x00000007c0000000)
  eden space 129024K, 0% used [0x000000076c380000,0x000000076c380000,0x0000000774180000)
  from space 10752K, 68% used [0x0000000774180000,0x00000007748a74b0,0x0000000774c00000)
  to   space 10752K, 0% used [0x0000000776780000,0x0000000776780000,0x0000000777200000)
 ParOldGen       total 129024K, used 13935K [0x00000006c4a00000, 0x00000006cc800000, 0x000000076c380000)
  object space 129024K, 10% used [0x00000006c4a00000,0x00000006c579bda0,0x00000006cc800000)
 Metaspace       used 34201K, capacity 35258K, committed 35496K, reserved 1081344K
  class space    used 4034K, capacity 4331K, committed 4352K, reserved 1048576K
Event: 10.024 GC heap after
Heap after GC invocations=5 (full 2):
 PSYoungGen      total 139776K, used 0K [0x000000076c380000, 0x0000000777200000, 0x00000007c0000000)
  eden space 129024K, 0% used [0x000000076c380000,0x000000076c380000,0x0000000774180000)
  from space 10752K, 0% used [0x0000000774180000,0x0000000774180000,0x0000000774c00000)
  to   space 10752K, 0% used [0x0000000776780000,0x0000000776780000,0x0000000777200000)
 ParOldGen       total 208896K, used 18896K [0x00000006c4a00000, 0x00000006d1600000, 0x000000076c380000)
  object space 208896K, 9% used [0x00000006c4a00000,0x00000006c5c74298,0x00000006d1600000)
 Metaspace       used 34201K, capacity 35258K, committed 35496K, reserved 1081344K
  class space    used 4034K, capacity 4331K, committed 4352K, reserved 1048576K
}

Deoptimization events (10 events):
Event: 1.216 Thread 0x000000001f60d800 Uncommon trap: reason=class_check action=maybe_recompile pc=0x0000000003d00038 method=sun.text.normalizer.Trie._jr$ig$m_dataLength_(Ljava/lang/Object;)I @ 1
Event: 2.283 Thread 0x0000000025d31000 Uncommon trap: reason=unstable_if action=reinterpret pc=0x0000000003d89328 method=java.util.HashMap$HashIterator.<init>(Ljava/util/HashMap;)V @ 45
Event: 2.284 Thread 0x0000000025d31000 Uncommon trap: reason=unstable_if action=reinterpret pc=0x0000000003d8a4c4 method=java.util.HashMap$HashIterator.<init>(Ljava/util/HashMap;)V @ 45
Event: 2.284 Thread 0x0000000025d31000 Uncommon trap: reason=unstable_if action=reinterpret pc=0x0000000003d5a664 method=java.util.HashMap$HashIterator.<init>(Ljava/util/HashMap;)V @ 45
Event: 4.576 Thread 0x0000000003267000 Uncommon trap: reason=unstable_if action=reinterpret pc=0x0000000003c87160 method=java.lang.Integer.valueOf(I)Ljava/lang/Integer; @ 3
Event: 9.890 Thread 0x0000000003267000 Uncommon trap: reason=unstable_if action=reinterpret pc=0x0000000003a0a718 method=com.zeroturnaround.javarebel.fnc.<init>([BIZ)V @ 354
Event: 9.946 Thread 0x0000000003267000 Uncommon trap: reason=class_check action=maybe_recompile pc=0x0000000003ec1b90 method=java.io.FilterInputStream.read([BII)I @ 11
Event: 10.049 Thread 0x0000000025d32800 Uncommon trap: reason=unstable_if action=reinterpret pc=0x0000000004014f94 method=java.util.IdentityHashMap.isEmpty()Z @ 8
Event: 10.099 Thread 0x0000000025d32800 Uncommon trap: reason=unstable_if action=reinterpret pc=0x0000000004014c48 method=java.util.IdentityHashMap.keySet()Ljava/util/Set; @ 10
Event: 10.141 Thread 0x0000000003267000 Uncommon trap: reason=unstable_if action=reinterpret pc=0x0000000003481290 method=org.bytedeco.javacv.Java2DFrameConverter.flipCopyWithGamma(Ljava/nio/ByteBuffer;ILjava/nio/ByteBuffer;IZDZI)V @ 59

Classes redefined (8 events):
Event: 0.458 Thread 0x000000001cbb2000 redefined class name=com.zeroturnaround.jrebelbase.facade.ba, count=1
Event: 0.460 Thread 0x000000001cbb2000 redefined class name=com.zeroturnaround.jrebelbase.facade.au, count=1
Event: 0.462 Thread 0x000000001cbb2000 redefined class name=com.zeroturnaround.jrebelbase.facade.a, count=1
Event: 0.464 Thread 0x000000001cbb2000 redefined class name=com.zeroturnaround.jrebelbase.d, count=1
Event: 0.465 Thread 0x000000001cbb2000 redefined class name=com.zeroturnaround.jrebelbase.facade.f, count=1
Event: 0.466 Thread 0x000000001cbb2000 redefined class name=com.zeroturnaround.jrebelbase.facade.e, count=1
Event: 0.467 Thread 0x000000001cbb2000 redefined class name=com.zeroturnaround.jrebelbase.facade.g, count=1
Event: 0.468 Thread 0x000000001cbb2000 redefined class name=com.zeroturnaround.jrebelbase.facade.ad, count=1

Internal exceptions (10 events):
Event: 8.011 Thread 0x0000000003267000 Exception <a 'java/lang/UnsatisfiedLinkError'> (0x000000076f23ced8) thrown at [C:\re\workspace\8-2-build-windows-amd64-cygwin\jdk8u202\12323\hotspot\src\share\vm\oops\instanceKlass.cpp, line 959]
Event: 8.011 Thread 0x0000000003267000 Exception <a 'java/lang/reflect/InvocationTargetException'> (0x000000076f23d818) thrown at [C:\re\workspace\8-2-build-windows-amd64-cygwin\jdk8u202\12323\hotspot\src\share\vm\runtime\reflection.cpp, line 1092]
Event: 8.697 Thread 0x0000000003267000 Exception <a 'java/lang/reflect/InvocationTargetException'> (0x0000000770949f70) thrown at [C:\re\workspace\8-2-build-windows-amd64-cygwin\jdk8u202\12323\hotspot\src\share\vm\runtime\reflection.cpp, line 1092]
Event: 9.857 Thread 0x0000000003267000 Exception <a 'java/lang/ClassNotFoundException'> (0x00000007720f12f0) thrown at [C:\re\workspace\8-2-build-windows-amd64-cygwin\jdk8u202\12323\hotspot\src\share\vm\prims\jni.cpp, line 710]
Event: 9.857 Thread 0x0000000003267000 Exception <a 'java/lang/ExceptionInInitializerError'> (0x00000007720f24e0) thrown at [C:\re\workspace\8-2-build-windows-amd64-cygwin\jdk8u202\12323\hotspot\src\share\vm\oops\instanceKlass.cpp, line 964]
Event: 9.858 Thread 0x0000000003267000 Exception <a 'java/lang/reflect/InvocationTargetException'> (0x0000000772120b70) thrown at [C:\re\workspace\8-2-build-windows-amd64-cygwin\jdk8u202\12323\hotspot\src\share\vm\runtime\reflection.cpp, line 1092]
Event: 9.890 Thread 0x0000000003267000 Exception <a 'java/io/FileNotFoundException'> (0x0000000772378d58) thrown at [C:\re\workspace\8-2-build-windows-amd64-cygwin\jdk8u202\12323\hotspot\src\share\vm\prims\jni.cpp, line 710]
Event: 9.907 Thread 0x0000000003267000 Exception <a 'java/io/FileNotFoundException'> (0x0000000772572b28) thrown at [C:\re\workspace\8-2-build-windows-amd64-cygwin\jdk8u202\12323\hotspot\src\share\vm\prims\jni.cpp, line 710]
Event: 10.037 Thread 0x0000000025d32800 Exception <a 'java/io/FileNotFoundException'> (0x000000076c5dc860) thrown at [C:\re\workspace\8-2-build-windows-amd64-cygwin\jdk8u202\12323\hotspot\src\share\vm\prims\jni.cpp, line 710]
Event: 10.037 Thread 0x0000000025d32800 Exception <a 'java/lang/NullPointerException'> (0x000000076c5dce98) thrown at [C:\re\workspace\8-2-build-windows-amd64-cygwin\jdk8u202\12323\hotspot\src\share\vm\interpreter\linkResolver.cpp, line 1185]

Events (10 events):
Event: 19.408 Thread 0x000000001f60c000 Thread exited: 0x000000001f60c000
Event: 19.408 Thread 0x000000001f610800 Thread exited: 0x000000001f610800
Event: 19.408 Thread 0x000000001f612000 Thread exited: 0x000000001f612000
Event: 19.414 Executing VM operation: RevokeBias
Event: 19.414 Executing VM operation: RevokeBias done
Event: 19.414 Thread 0x0000000025d31000 Thread exited: 0x0000000025d31000
Event: 19.424 Thread 0x0000000025d3e000 Thread exited: 0x0000000025d3e000
Event: 19.502 Thread 0x0000000025d32000 Thread exited: 0x0000000025d32000
Event: 19.532 Thread 0x0000000025d3b000 Thread exited: 0x0000000025d3b000
Event: 19.540 Executing VM operation: Exit


Dynamic libraries:
0x00007ff6d58b0000 - 0x00007ff6d58e7000 	C:\Program Files\Java\jdk1.8.0_202\bin\javaw.exe
0x00007ffa06390000 - 0x00007ffa06585000 	C:\Windows\SYSTEM32\ntdll.dll
0x00007ffa05850000 - 0x00007ffa0590e000 	C:\Windows\System32\KERNEL32.DLL
0x00007ffa03c70000 - 0x00007ffa03f38000 	C:\Windows\System32\KERNELBASE.dll
0x00007ffa05bb0000 - 0x00007ffa05c5e000 	C:\Windows\System32\ADVAPI32.dll
0x00007ffa05910000 - 0x00007ffa059ae000 	C:\Windows\System32\msvcrt.dll
0x00007ffa05b10000 - 0x00007ffa05bac000 	C:\Windows\System32\sechost.dll
0x00007ffa05300000 - 0x00007ffa05425000 	C:\Windows\System32\RPCRT4.dll
0x00007ffa061a0000 - 0x00007ffa06341000 	C:\Windows\System32\USER32.dll
0x00007ffa03aa0000 - 0x00007ffa03ac2000 	C:\Windows\System32\win32u.dll
0x00007ffa05a10000 - 0x00007ffa05a3b000 	C:\Windows\System32\GDI32.dll
0x00007ffa040a0000 - 0x00007ffa041ad000 	C:\Windows\System32\gdi32full.dll
0x00007ffa03ad0000 - 0x00007ffa03b6d000 	C:\Windows\System32\msvcp_win.dll
0x00007ffa03b70000 - 0x00007ffa03c70000 	C:\Windows\System32\ucrtbase.dll
0x00007ff9ed220000 - 0x00007ff9ed4ba000 	C:\Windows\WinSxS\amd64_microsoft.windows.common-controls_6595b64144ccf1df_6.0.19041.1110_none_60b5254171f9507e\COMCTL32.dll
0x00007ffa05490000 - 0x00007ffa054c0000 	C:\Windows\System32\IMM32.DLL
0x0000000075670000 - 0x0000000075742000 	C:\Program Files\Java\jdk1.8.0_202\jre\bin\msvcr100.dll
0x0000000074dc0000 - 0x0000000075665000 	C:\Program Files\Java\jdk1.8.0_202\jre\bin\server\jvm.dll
0x00007ffa05570000 - 0x00007ffa05578000 	C:\Windows\System32\PSAPI.DLL
0x00007ff9e5de0000 - 0x00007ff9e5de9000 	C:\Windows\SYSTEM32\WSOCK32.dll
0x00007ff9d6890000 - 0x00007ff9d68b7000 	C:\Windows\SYSTEM32\WINMM.dll
0x00007ff9f71b0000 - 0x00007ff9f71ba000 	C:\Windows\SYSTEM32\VERSION.dll
0x00007ffa05c60000 - 0x00007ffa05ccb000 	C:\Windows\System32\WS2_32.dll
0x00007ff9fb400000 - 0x00007ff9fb40f000 	C:\Program Files\Java\jdk1.8.0_202\jre\bin\verify.dll
0x00007ff9f9a90000 - 0x00007ff9f9ab9000 	C:\Program Files\Java\jdk1.8.0_202\jre\bin\java.dll
0x00007ff9f9760000 - 0x00007ff9f97ad000 	D:\datas\huachuan\eclipse\plugins\org.zeroturnaround.eclipse.embedder_2021.4.0.RELEASE\jrebel\lib\jrebel64.dll
0x00007ffa04580000 - 0x00007ffa04cc4000 	C:\Windows\System32\SHELL32.dll
0x00007ffa03460000 - 0x00007ffa0346c000 	C:\Windows\SYSTEM32\CRYPTBASE.DLL
0x00007ffa054c0000 - 0x00007ffa0556d000 	C:\Windows\System32\shcore.dll
0x00007ffa05e40000 - 0x00007ffa06195000 	C:\Windows\System32\combase.dll
0x00007ff9f9a70000 - 0x00007ff9f9a86000 	C:\Program Files\Java\jdk1.8.0_202\jre\bin\zip.dll
0x00007ffa01b70000 - 0x00007ffa02305000 	C:\Windows\SYSTEM32\windows.storage.dll
0x00007ffa034f0000 - 0x00007ffa0351e000 	C:\Windows\SYSTEM32\Wldp.dll
0x00007ffa057f0000 - 0x00007ffa05845000 	C:\Windows\System32\shlwapi.dll
0x00007ffa039e0000 - 0x00007ffa039ff000 	C:\Windows\SYSTEM32\profapi.dll
0x00007ff9f9d50000 - 0x00007ff9f9d5d000 	C:\Program Files\Java\jdk1.8.0_202\jre\bin\management.dll
0x00007ff9f9a50000 - 0x00007ff9f9a6a000 	C:\Program Files\Java\jdk1.8.0_202\jre\bin\net.dll
0x00007ff9f2630000 - 0x00007ff9f281b000 	C:\Windows\SYSTEM32\urlmon.dll
0x00007ff9f4050000 - 0x00007ff9f4300000 	C:\Windows\SYSTEM32\iertutil.dll
0x00007ff9f2600000 - 0x00007ff9f2628000 	C:\Windows\SYSTEM32\srvcli.dll
0x00007ffa02f30000 - 0x00007ffa02f3c000 	C:\Windows\SYSTEM32\netutils.dll
0x00007ffa03250000 - 0x00007ffa032ba000 	C:\Windows\system32\mswsock.dll
0x00007ff9f9730000 - 0x00007ff9f9742000 	C:\Program Files\Java\jdk1.8.0_202\jre\bin\nio.dll
0x00007ff9f96b0000 - 0x00007ff9f96d4000 	C:\Program Files\Java\jdk1.8.0_202\jre\bin\sunec.dll
0x00007ff9f99b0000 - 0x00007ff9f99bb000 	C:\Program Files\Java\jdk1.8.0_202\jre\bin\sunmscapi.dll
0x00007ffa03f40000 - 0x00007ffa04096000 	C:\Windows\System32\CRYPT32.dll
0x00007ff9f9700000 - 0x00007ff9f971b000 	C:\Users\Lenovo\.jrebel\jrebel-temp\ver-e8f91f94\IdeaWin64.dll
0x00007ffa03440000 - 0x00007ffa03458000 	C:\Windows\SYSTEM32\CRYPTSP.dll
0x00007ffa02b60000 - 0x00007ffa02b94000 	C:\Windows\system32\rsaenh.dll
0x00007ffa04310000 - 0x00007ffa04337000 	C:\Windows\System32\bcrypt.dll
0x00007ffa03960000 - 0x00007ffa0398e000 	C:\Windows\SYSTEM32\USERENV.dll
0x00007ffa04340000 - 0x00007ffa043c2000 	C:\Windows\System32\bcryptprimitives.dll
0x00007ffa02ef0000 - 0x00007ffa02f2b000 	C:\Windows\SYSTEM32\IPHLPAPI.DLL
0x00007ffa05e30000 - 0x00007ffa05e38000 	C:\Windows\System32\NSI.dll
0x00007ff9f71e0000 - 0x00007ff9f71f7000 	C:\Windows\SYSTEM32\dhcpcsvc6.DLL
0x00007ff9f71c0000 - 0x00007ff9f71dd000 	C:\Windows\SYSTEM32\dhcpcsvc.DLL
0x00007ffa02f40000 - 0x00007ffa0300b000 	C:\Windows\SYSTEM32\DNSAPI.dll
0x00007ff9c5c60000 - 0x00007ff9c5c77000 	C:\Windows\system32\napinsp.dll
0x00007ff9c5c00000 - 0x00007ff9c5c1b000 	C:\Windows\system32\pnrpnsp.dll
0x00007ff9d74a0000 - 0x00007ff9d74b5000 	C:\Windows\system32\wshbth.dll
0x00007ff9fb330000 - 0x00007ff9fb34d000 	C:\Windows\system32\NLAapi.dll
0x00007ff9c5be0000 - 0x00007ff9c5bf2000 	C:\Windows\System32\winrnr.dll
0x00007ff9f9b00000 - 0x00007ff9f9b0a000 	C:\Windows\System32\rasadhlp.dll
0x00007ff9f4c80000 - 0x00007ff9f4cff000 	C:\Windows\System32\fwpuclnt.dll
0x000000006b600000 - 0x000000006b640000 	C:\Users\Lenovo\AppData\Local\Temp\javacpp297270500546000\libusb-1.0.dll
0x0000000074da0000 - 0x0000000074db5000 	C:\Users\Lenovo\AppData\Local\Temp\javacpp297270500546000\libusb0.dll
0x00007ffa04cd0000 - 0x00007ffa05142000 	C:\Windows\System32\SETUPAPI.dll
0x00007ffa04210000 - 0x00007ffa0425e000 	C:\Windows\System32\cfgmgr32.dll
0x00007ff9f95d0000 - 0x00007ff9f9604000 	C:\Users\Lenovo\AppData\Local\Temp\javacpp297270500546000\freenect.dll
0x00007ff9f9650000 - 0x00007ff9f9669000 	C:\Users\Lenovo\AppData\Local\Temp\javacpp297270500546000\pthreadVC2.dll
0x00007ff9f9100000 - 0x00007ff9f922a000 	C:\Users\Lenovo\AppData\Local\Temp\javacpp297270500546000\ole32.dll
0x00007ff9e5ba0000 - 0x00007ff9e5c6d000 	C:\Users\Lenovo\AppData\Local\Temp\javacpp297270500546000\oleaut32.dll
0x00007ff9d92f0000 - 0x00007ff9d93df000 	C:\Users\Lenovo\AppData\Local\Temp\javacpp297270500546000\msvcr120.dll
0x00007ff9da6a0000 - 0x00007ff9da746000 	C:\Users\Lenovo\AppData\Local\Temp\javacpp297270500546000\msvcp120.dll
0x00007ff9bd470000 - 0x00007ff9bd6e9000 	C:\Users\Lenovo\AppData\Local\Temp\javacpp297270500546000\opencv_core310.dll
0x00007ff9bd120000 - 0x00007ff9bd461000 	C:\Users\Lenovo\AppData\Local\Temp\javacpp297270500546000\opencv_imgproc310.dll
0x00007ff9c1440000 - 0x00007ff9c1638000 	C:\Users\Lenovo\AppData\Local\Temp\javacpp297270500546000\jniopencv_core.dll
0x00007ff9d9cc0000 - 0x00007ff9d9d66000 	C:\Users\Lenovo\AppData\Local\Temp\javacpp297270500546000\jniopencv_imgproc.dll
0x00007ff9bce50000 - 0x00007ff9bd118000 	C:\Users\Lenovo\AppData\Local\Temp\javacpp297270500546000\opencv_imgcodecs310.dll
0x00007ff9f90e0000 - 0x00007ff9f90fc000 	C:\Users\Lenovo\AppData\Local\Temp\javacpp297270500546000\jniopencv_imgcodecs.dll
0x00007ff9da3f0000 - 0x00007ff9da443000 	C:\Users\Lenovo\AppData\Local\Temp\javacpp297270500546000\opencv_videoio310.dll
0x00007ff9f8fe0000 - 0x00007ff9f900b000 	C:\Windows\SYSTEM32\MSVFW32.dll
0x00007ff9ec000000 - 0x00007ff9ec021000 	C:\Windows\SYSTEM32\AVIFIL32.dll
0x00007ff9f90c0000 - 0x00007ff9f90d9000 	C:\Windows\SYSTEM32\AVICAP32.dll
0x00007ff9fb480000 - 0x00007ff9fb49e000 	C:\Windows\SYSTEM32\MSACM32.dll
0x00007ff9e7230000 - 0x00007ff9e7256000 	C:\Windows\SYSTEM32\winmmbase.dll
0x00007ff9f7250000 - 0x00007ff9f7267000 	C:\Users\Lenovo\AppData\Local\Temp\javacpp297270500546000\jniopencv_videoio.dll
0x00007ff9eb700000 - 0x00007ff9eb72c000 	C:\Users\Lenovo\AppData\Local\Temp\javacpp297270500546000\opencv_highgui310.dll
0x00007ffa05d50000 - 0x00007ffa05e2a000 	C:\Windows\System32\COMDLG32.dll
0x00007ff9d9c60000 - 0x00007ff9d9c95000 	C:\Users\Lenovo\AppData\Local\Temp\javacpp297270500546000\jniopencv_highgui.dll
0x00007ffa02320000 - 0x00007ffa02332000 	C:\Windows\SYSTEM32\kernel.appcore.dll
0x00007ff9fd3b0000 - 0x00007ff9fd44e000 	C:\Windows\system32\uxtheme.dll
0x00007ffa05a40000 - 0x00007ffa05ae9000 	C:\Windows\System32\clbcatq.dll
0x00007ff9ebc30000 - 0x00007ff9ebc4d000 	C:\Windows\System32\devenum.dll
0x00007ffa02790000 - 0x00007ffa027c3000 	C:\Windows\SYSTEM32\ntmarta.dll
0x00007ffa03840000 - 0x00007ffa03874000 	C:\Windows\SYSTEM32\DEVOBJ.dll
0x00007ffa041b0000 - 0x00007ffa04210000 	C:\Windows\System32\WINTRUST.dll
0x00007ffa03680000 - 0x00007ffa03692000 	C:\Windows\SYSTEM32\MSASN1.dll
0x00007ff9fb680000 - 0x00007ff9fb68b000 	C:\Windows\SYSTEM32\msdmo.dll
0x00007ff9d9c20000 - 0x00007ff9d9c56000 	C:\Windows\System32\qcap.dll
0x00007ff9bcc80000 - 0x00007ff9bce50000 	C:\Windows\System32\quartz.dll
0x00007ffa043d0000 - 0x00007ffa044e5000 	C:\Windows\System32\MSCTF.dll
0x00007ff9d92a0000 - 0x00007ff9d92ed000 	C:\Windows\System32\mfksproxy.dll
0x00007ff9e5b80000 - 0x00007ff9e5b9d000 	C:\Windows\System32\ATL.DLL
0x00007ff9f93a0000 - 0x00007ff9f955c000 	C:\Windows\System32\MFPlat.DLL
0x00007ff9f9b30000 - 0x00007ff9f9b66000 	C:\Windows\System32\RTWorkQ.DLL
0x00007ff9a7fb0000 - 0x00007ff9a8441000 	C:\Windows\System32\MFCORE.dll
0x00007ffa03060000 - 0x00007ffa030ab000 	C:\Windows\SYSTEM32\powrprof.dll
0x00007ff9f9d00000 - 0x00007ff9f9d09000 	C:\Windows\System32\ksuser.dll
0x00007ffa02ed0000 - 0x00007ffa02ee2000 	C:\Windows\SYSTEM32\UMPDC.dll
0x00007ff9d9230000 - 0x00007ff9d92a0000 	C:\Windows\System32\FrameServerClient.dll
0x00007ff9f9de0000 - 0x00007ff9f9e47000 	C:\Windows\System32\MFSENSORGROUP.dll
0x00007ff9faa40000 - 0x00007ff9faa4a000 	C:\Windows\System32\AVRT.dll
0x00007ff9f9640000 - 0x00007ff9f964d000 	C:\Windows\System32\vidcap.ax
0x00007ff9da670000 - 0x00007ff9da697000 	C:\Windows\System32\kswdmcap.ax
0x00007ff9bf550000 - 0x00007ff9bf6bc000 	C:\Windows\System32\MFC42.dll
0x00007ff9bcb70000 - 0x00007ff9bcc7a000 	C:\Windows\System32\MFReadWrite.dll
0x00007ff9d85a0000 - 0x00007ff9d8648000 	C:\Windows\System32\qedit.dll
0x00007ff9cdc80000 - 0x00007ff9cde29000 	C:\Windows\WinSxS\amd64_microsoft.windows.gdiplus_6595b64144ccf1df_1.1.19041.1466_none_91a4907ccc87e3b8\gdiplus.dll
0x00007ff9a7c60000 - 0x00007ff9a7d5b000 	C:\Windows\System32\DDRAW.dll
0x00007ffa02390000 - 0x00007ffa02484000 	C:\Windows\System32\dxgi.dll
0x00007ff9f95c0000 - 0x00007ff9f95c9000 	C:\Windows\System32\DCIMAN32.dll
0x00007ff9f7270000 - 0x00007ff9f72ab000 	C:\Windows\SYSTEM32\dxcore.dll
0x00007ff9d6240000 - 0x00007ff9d62ed000 	C:\Users\Lenovo\AppData\Local\Temp\javacpp297270500546000\avutil-55.dll
0x00007ff9a7ac0000 - 0x00007ff9a7c59000 	C:\Program Files\Java\jdk1.8.0_202\jre\bin\awt.dll
0x00007ff9fd1e0000 - 0x00007ff9fd270000 	C:\Windows\SYSTEM32\apphelp.dll
0x00007ffa00e10000 - 0x00007ffa00e3f000 	C:\Windows\system32\DWMAPI.DLL
0x00007ff9d7730000 - 0x00007ff9d7855000 	C:\Windows\system32\opengl32.dll

VM Arguments:
jvm_args: -Drebel.base=C:\Users\Lenovo\.jrebel -Drebel.env.ide.plugin.version=2021.4.0 -Drebel.env.ide.version=4.7.2 -Drebel.env.ide.product=Eclipse -Drebel.env.ide=eclipse -Drebel.notification.url=http://localhost:55247 -Drebel.workspace.path=D:\WorkSpace\HC -Drebel.properties=C:\Users\Lenovo\.jrebel\jrebel.properties -agentpath:D:\datas\huachuan\eclipse\plugins\org.zeroturnaround.eclipse.embedder_2021.4.0.RELEASE\jrebel\lib\jrebel64.dll -Dfile.encoding=UTF-8 
java_command: com.km.voide.VoidUtil
java_class_path (initial): C:\Program Files\Java\jdk1.8.0_202\jre\lib\resources.jar;C:\Program Files\Java\jdk1.8.0_202\jre\lib\rt.jar;C:\Program Files\Java\jdk1.8.0_202\jre\lib\jsse.jar;C:\Program Files\Java\jdk1.8.0_202\jre\lib\jce.jar;C:\Program Files\Java\jdk1.8.0_202\jre\lib\charsets.jar;C:\Program Files\Java\jdk1.8.0_202\jre\lib\jfr.jar;C:\Program Files\Java\jdk1.8.0_202\jre\lib\ext\access-bridge-64.jar;C:\Program Files\Java\jdk1.8.0_202\jre\lib\ext\cldrdata.jar;C:\Program Files\Java\jdk1.8.0_202\jre\lib\ext\dnsns.jar;C:\Program Files\Java\jdk1.8.0_202\jre\lib\ext\jaccess.jar;C:\Program Files\Java\jdk1.8.0_202\jre\lib\ext\jfxrt.jar;C:\Program Files\Java\jdk1.8.0_202\jre\lib\ext\localedata.jar;C:\Program Files\Java\jdk1.8.0_202\jre\lib\ext\nashorn.jar;C:\Program Files\Java\jdk1.8.0_202\jre\lib\ext\sunec.jar;C:\Program Files\Java\jdk1.8.0_202\jre\lib\ext\sunjce_provider.jar;C:\Program Files\Java\jdk1.8.0_202\jre\lib\ext\sunmscapi.jar;C:\Program Files\Java\jdk1.8.0_202\jre\lib\ext\sunpkcs11.jar;C:\Program Files\Java\jdk1.8.0_202\jre\lib\ext\zipfs.jar;D:\WorkSpace\HC\spring5gxl\build\classes;D:\sworf\apache-tomcat-8.5.73\lib\annotations-api.jar;D:\sworf\apache-tomcat-8.5.73\lib\catalina-ant.jar;D:\sworf\apache-tomcat-8.5.73\lib\catalina-ha.jar;D:\sworf\apache-tomcat-8.5.73\lib\catalina-storeconfig.jar;D:\sworf\apache-tomcat-8.5.73\lib\catalina-tribes.jar;D:\sworf\apache-tomcat-8.5.73\lib\catalina.jar;D:\sworf\apache-tomcat-8.5.73\lib\ecj-4.6.3.jar;D:\sworf\apache-tomcat-8.5.73\lib\el-api.jar;D:\sworf\apache-tomcat-8.5.73\lib\jasper-el.jar;D:\sworf\apache-tomcat-8.5.73\lib\jasper.jar;D:\sworf\apache-tomcat-8.5.73\lib\jaspic-api.jar;D:\sworf\apache-tomcat-8.5.73\lib\jsp-api.jar;D:\sworf\apache-tomcat-8.5.73\lib\servlet-api.jar;D:\sworf\apache-tomcat-8.5.73\lib\tomcat-api.jar;D:\sworf\apache-tomcat-8.5.73\lib\tomcat-coyote.jar;D:\sworf\apache-tomcat-8.5.73\lib\tomcat-dbcp.jar;D:\sworf\apache-tomcat-8.5.73\lib\tomcat-i18n-de.jar;D:\sworf\apache-tomcat-8.5.73\lib\tomc
Launcher Type: SUN_STANDARD

Environment Variables:
PATH=C:/Program Files/Java/jre1.8.0_202/bin/server;C:/Program Files/Java/jre1.8.0_202/bin;C:/Program Files/Java/jre1.8.0_202/lib/amd64;C:\Program Files (x86)\Common Files\Oracle\Java\javapath;C:\Windows\system32;C:\Windows;C:\Windows\System32\Wbem;C:\Windows\System32\WindowsPowerShell\v1.0\;C:\Windows\System32\OpenSSH\;C:\Program Files (x86)\MySQL\MySQL Server 5.5\bin;C:\Users\Lenovo\AppData\Local\Microsoft\WindowsApps;;D:\datas\Microsoft VS Code\bin;D:\datas\huachuan\eclipse;
USERNAME=Lenovo
OS=Windows_NT
PROCESSOR_IDENTIFIER=Intel64 Family 6 Model 140 Stepping 1, GenuineIntel



---------------  S Y S T E M  ---------------

OS: Windows 10.0 , 64 bit Build 19041 (10.0.19041.1466)

CPU:total 8 (initial active 8) (4 cores per cpu, 2 threads per core) family 6 model 140 stepping 1, cmov, cx8, fxsr, mmx, sse, sse2, sse3, ssse3, sse4.1, sse4.2, popcnt, avx, avx2, aes, clmul, erms, 3dnowpref, lzcnt, ht, tsc, tscinvbit, bmi1, bmi2, adx

Memory: 4k page, physical 16468084k(5777344k free), swap 24594548k(9665660k free)

vm_info: Java HotSpot(TM) 64-Bit Server VM (25.202-b08) for windows-amd64 JRE (1.8.0_202-b08), built on Dec 15 2018 19:54:30 by "java_re" with MS VC++ 10.0 (VS2010)

time: Mon Jan 24 10:58:30 2022
timezone: ÖĐąú±ę×ĽĘ±Ľä
elapsed time: 20 seconds (0d 0h 0m 20s)

