#
# A fatal error has been detected by the Java Runtime Environment:
#
#  Internal Error (0xc000000d), pid=21100, tid=0x0000000000000d08
#
# JRE version: Java(TM) SE Runtime Environment (8.0_202-b08) (build 1.8.0_202-b08)
# Java VM: Java HotSpot(TM) 64-Bit Server VM (25.202-b08 mixed mode windows-amd64 compressed oops)
# Problematic frame:
# C  [ntdll.dll+0x112174]
#
# Failed to write core dump. Minidumps are not enabled by default on client versions of Windows
#
# If you would like to submit a bug report, please visit:
#   http://bugreport.java.com/bugreport/crash.jsp
#

---------------  T H R E A D  ---------------

Current thread (0x000000001d462800):  VMThread [stack: 0x000000001e2c0000,0x000000001e3c0000] [id=3336]

siginfo: ExceptionCode=0xc000000d

Registers:
RAX=0x0000000000000000, RBX=0x0000000000000000, RCX=0x0000000000000000, RDX=0x0000000000000000
RSP=0x000000001e3be280, RBP=0x0000000000000003, RSI=0x000000000000104c, RDI=0x000000002a4b2f20
R8 =0x0000000000000000, R9 =0x0000000000000000, R10=0x0000000000000000, R11=0x0000000000000000
R12=0x000000000000104c, R13=0x00007ff9d7f0e540, R14=0x0000000000000000, R15=0x000000000000104c
RIP=0x00007ffa064a2174, EFLAGS=0x0000000000000206

Top of Stack: (sp=0x000000001e3be280)
0x000000001e3be280:   0000000000000057 0000000000000000
0x000000001e3be290:   000000000000104c 0000000000ad0000
0x000000001e3be2a0:   00000000c000000d 0000000000000000
0x000000001e3be2b0:   00007ffa064a2174 0000000000000000
0x000000001e3be2c0:   0000000000000000 0000000000000000
0x000000001e3be2d0:   0000000000000000 0000000000000000
0x000000001e3be2e0:   0000000000000000 0000000000000000
0x000000001e3be2f0:   0000000000000000 0000000000000000
0x000000001e3be300:   0000000000000000 0000000000000000
0x000000001e3be310:   0000000000000000 0000000000000000
0x000000001e3be320:   0000000000000000 0000000000000000
0x000000001e3be330:   0000000000000000 00007ffa063e07b0
0x000000001e3be340:   000097d875384a3f 00007ffa063b47b1
0x000000001e3be350:   0000000000500000 00007ffa0643c44f
0x000000001e3be360:   0000000000000001 00007ff9f9b3949b
0x000000001e3be370:   00007ff9d7f0e540 000000000000104c 

Instructions: (pc=0x00007ffa064a2174)
0x00007ffa064a2154:   1c f9 ff c7 44 24 20 0d 00 00 c0 b9 57 00 00 00
0x00007ffa064a2164:   e8 07 e6 f3 ff 90 48 8d 4c 24 20 e8 ac ee f3 ff
0x00007ffa064a2174:   eb 00 48 8b 8c 24 c0 00 00 00 48 33 cc e8 aa a0
0x00007ffa064a2184:   f7 ff 48 81 c4 d8 00 00 00 c3 cc 40 55 48 83 ec 


Register to memory mapping:

RAX=0x0000000000000000 is an unknown value
RBX=0x0000000000000000 is an unknown value
RCX=0x0000000000000000 is an unknown value
RDX=0x0000000000000000 is an unknown value
RSP=0x000000001e3be280 is an unknown value
RBP=0x0000000000000003 is an unknown value
RSI=0x000000000000104c is an unknown value
RDI=0x000000002a4b2f20 is an unknown value
R8 =0x0000000000000000 is an unknown value
R9 =0x0000000000000000 is an unknown value
R10=0x0000000000000000 is an unknown value
R11=0x0000000000000000 is an unknown value
R12=0x000000000000104c is an unknown value
R13=0x00007ff9d7f0e540 is an unknown value
R14=0x0000000000000000 is an unknown value
R15=0x000000000000104c is an unknown value


Stack: [0x000000001e2c0000,0x000000001e3c0000],  sp=0x000000001e3be280,  free space=1016k
Native frames: (J=compiled Java code, j=interpreted, Vv=VM code, C=native code)
C  [ntdll.dll+0x112174]
C  [ntdll.dll+0xac44f]
C  [ntdll.dll+0x11d95]
C  [RTWorkQ.DLL+0x7123]
C  [RTWorkQ.DLL+0x6fd5]
C  [RTWorkQ.DLL+0x6e8e]
C  [FrameServerClient.dll+0x407bc]
C  [FrameServerClient.dll+0x27c42]
C  [FrameServerClient.dll+0x40ca5]
C  [RTWorkQ.DLL+0x16713]
C  [RTWorkQ.DLL+0x8169]
C  [RTWorkQ.DLL+0xcf03]
C  [RTWorkQ.DLL+0xce3a]
C  [FrameServerClient.dll+0x40869]
C  [FrameServerClient.dll+0x27500]
C  [FrameServerClient.dll+0x24057]
C  [FrameServerClient.dll+0x1f3a4]
C  [FrameServerClient.dll+0x16a79]
C  [FrameServerClient.dll+0x11313]
C  [FrameServerClient.dll+0xc95e]
C  [FrameServerClient.dll+0x86f2]
C  [MFCORE.dll+0x2d6540]
C  [MFCORE.dll+0x2d20af]
C  [MFCORE.dll+0x2d5b29]
C  [MFReadWrite.dll+0xec05]
C  [MFReadWrite.dll+0x25bef]
C  [ATL.DLL+0x3411]
C  [mfksproxy.dll+0x13815]
C  [mfksproxy.dll+0x149a4]
C  [ATL.DLL+0x3411]
C  [mfksproxy.dll+0x2160]
C  [mfksproxy.dll+0x1ee4]
C  [mfksproxy.dll+0x3326b]
C  [opencv_videoio310.dll+0x222b3]
C  [opencv_videoio310.dll+0x2182f]
C  [opencv_videoio310.dll+0x2d6e0]
C  [opencv_videoio310.dll+0x296a0]
C  [opencv_videoio310.dll+0x29922]
C  [ntdll.dll+0x19a1d]
C  [ntdll.dll+0x5db91]
C  [ntdll.dll+0x5da2d]
C  [KERNEL32.DLL+0x1e0ab]
C  [msvcr100.dll+0x20ccd]
V  [jvm.dll+0x214045]
V  [jvm.dll+0x24d5d7]
V  [jvm.dll+0x24c876]
V  [jvm.dll+0x24cd11]
V  [jvm.dll+0x24cf2e]
V  [jvm.dll+0x29fc6a]
C  [msvcr100.dll+0x21d9f]
C  [msvcr100.dll+0x21e3b]
C  [KERNEL32.DLL+0x17034]
C  [ntdll.dll+0x52651]

VM_Operation (0x000000002e6cd1d0): Exit, mode: safepoint, requested by thread 0x0000000025244800


---------------  P R O C E S S  ---------------

Java Threads: ( => current thread )
  0x0000000025244800 JavaThread "AWT-EventQueue-0" [_thread_blocked, id=22500, stack(0x000000002e5d0000,0x000000002e6d0000)]
  0x0000000025243000 JavaThread "AWT-Shutdown" [_thread_blocked, id=25164, stack(0x000000002d9e0000,0x000000002dae0000)]
  0x0000000025241000 JavaThread "Java2D Disposer" daemon [_thread_blocked, id=24020, stack(0x000000002d8e0000,0x000000002d9e0000)]
  0x000000002523f800 JavaThread "rebel-change-detector-thread" daemon [_thread_blocked, id=8792, stack(0x00000000261e0000,0x00000000262e0000)]
  0x000000002523c800 JavaThread "rebel-debugger-thread" daemon [_thread_blocked, id=20868, stack(0x00000000260e0000,0x00000000261e0000)]
  0x0000000025241800 JavaThread "rebel-debugger-attach-notifier" daemon [_thread_blocked, id=24364, stack(0x0000000025fe0000,0x00000000260e0000)]
  0x0000000025240000 JavaThread "rebel-heartbeat-thread" daemon [_thread_blocked, id=21104, stack(0x0000000025ee0000,0x0000000025fe0000)]
  0x000000002523e800 JavaThread "rebel-redeploy-thread" daemon [_thread_blocked, id=21608, stack(0x0000000025de0000,0x0000000025ee0000)]
  0x000000002010e000 JavaThread "rebel-leaseManager-1" daemon [_thread_blocked, id=3136, stack(0x00000000219e0000,0x0000000021ae0000)]
  0x000000002010b000 JavaThread "rebel-messaging-executor-42" daemon [_thread_blocked, id=12988, stack(0x00000000218e0000,0x00000000219e0000)]
  0x000000002010e800 JavaThread "rebel-IDENotificationsImpl-PostCycle" daemon [_thread_blocked, id=11188, stack(0x000000001fa20000,0x000000001fb20000)]
  0x0000000020110000 JavaThread "rebel-weak-reaper" daemon [_thread_blocked, id=11988, stack(0x000000001f920000,0x000000001fa20000)]
  0x000000002010d000 JavaThread "rebel-cache-writer" daemon [_thread_blocked, id=14464, stack(0x000000001f620000,0x000000001f720000)]
  0x0000000020109800 JavaThread "rebel-CacheKeepAlive" daemon [_thread_blocked, id=25956, stack(0x00000000211f0000,0x00000000212f0000)]
  0x000000001ef82000 JavaThread "rebel-logger" daemon [_thread_blocked, id=28660, stack(0x0000000020ef0000,0x0000000020ff0000)]
  0x000000001eb6e800 JavaThread "Service Thread" daemon [_thread_blocked, id=7044, stack(0x000000001f420000,0x000000001f520000)]
  0x000000001eb13000 JavaThread "C1 CompilerThread3" daemon [_thread_blocked, id=27120, stack(0x000000001f320000,0x000000001f420000)]
  0x000000001eb10000 JavaThread "C2 CompilerThread2" daemon [_thread_blocked, id=12992, stack(0x000000001f220000,0x000000001f320000)]
  0x000000001eb0e000 JavaThread "C2 CompilerThread1" daemon [_thread_blocked, id=27720, stack(0x000000001f120000,0x000000001f220000)]
  0x000000001eb22800 JavaThread "C2 CompilerThread0" daemon [_thread_blocked, id=24232, stack(0x000000001f020000,0x000000001f120000)]
  0x000000001d4f3000 JavaThread "Attach Listener" daemon [_thread_blocked, id=26616, stack(0x000000001e720000,0x000000001e820000)]
  0x000000001c20e800 JavaThread "Signal Dispatcher" daemon [_thread_blocked, id=23988, stack(0x000000001e620000,0x000000001e720000)]
  0x000000001c1fb800 JavaThread "Finalizer" daemon [_thread_blocked, id=24128, stack(0x000000001e4c0000,0x000000001e5c0000)]
  0x000000001c1f5000 JavaThread "Reference Handler" daemon [_thread_blocked, id=9468, stack(0x000000001e3c0000,0x000000001e4c0000)]
  0x00000000028a7000 JavaThread "main" [_thread_blocked, id=25004, stack(0x0000000002740000,0x0000000002840000)]

Other Threads:
=>0x000000001d462800 VMThread [stack: 0x000000001e2c0000,0x000000001e3c0000] [id=3336]

VM state:at safepoint (shutting down)

VM Mutex/Monitor currently owned by a thread:  ([mutex/lock_event])
[0x00000000028a4520] Threads_lock - owner thread: 0x000000001d462800

heap address: 0x00000006c4a00000, size: 4022 MB, Compressed Oops mode: Zero based, Oop shift amount: 3
Narrow klass base: 0x0000000000000000, Narrow klass shift: 3
Compressed class space size: 1073741824 Address: 0x00000007c0000000

Heap:
 PSYoungGen      total 139776K, used 75799K [0x000000076c380000, 0x0000000775680000, 0x00000007c0000000)
  eden space 129024K, 58% used [0x000000076c380000,0x0000000770d85d18,0x0000000774180000)
  from space 10752K, 0% used [0x0000000774c00000,0x0000000774c00000,0x0000000775680000)
  to   space 10752K, 0% used [0x0000000774180000,0x0000000774180000,0x0000000774c00000)
 ParOldGen       total 129536K, used 13935K [0x00000006c4a00000, 0x00000006cc880000, 0x000000076c380000)
  object space 129536K, 10% used [0x00000006c4a00000,0x00000006c579be18,0x00000006cc880000)
 Metaspace       used 33576K, capacity 34644K, committed 35200K, reserved 1079296K
  class space    used 4070K, capacity 4362K, committed 4480K, reserved 1048576K

Card table byte_map: [0x0000000011d60000,0x0000000012540000] byte_map_base: 0x000000000e73b000

Marking Bits: (ParMarkBitMap*) 0x00000000755e5ce0
 Begin Bits: [0x0000000013280000, 0x0000000017158000)
 End Bits:   [0x0000000017158000, 0x000000001b030000)

Polling page: 0x0000000000a60000

CodeCache: size=245760Kb used=11576Kb max_used=11595Kb free=234183Kb
 bounds [0x00000000029a0000, 0x0000000003500000, 0x00000000119a0000]
 total_blobs=4094 nmethods=3435 adapters=571
 compilation: enabled

Compilation events (10 events):
Event: 6.950 Thread 0x000000001eb13000 nmethod 3439 0x00000000034d87d0 code [0x00000000034d8940, 0x00000000034d8b70]
Event: 6.950 Thread 0x000000001eb13000 3440       3       java.text.DateFormatSymbols::_jr$ip$zoneStrings (9 bytes)
Event: 6.950 Thread 0x000000001eb13000 nmethod 3440 0x00000000034d8350 code [0x00000000034d84c0, 0x00000000034d8710]
Event: 6.950 Thread 0x000000001eb13000 3441       3       java.text.DateFormatSymbols::_jr$ig$localPatternChars (8 bytes)
Event: 6.950 Thread 0x000000001eb13000 nmethod 3441 0x00000000034d7ed0 code [0x00000000034d8040, 0x00000000034d8270]
Event: 6.950 Thread 0x000000001eb13000 3442       3       java.text.DateFormatSymbols::_jr$ip$cachedHashCode (9 bytes)
Event: 6.950 Thread 0x000000001eb13000 nmethod 3442 0x00000000034f46d0 code [0x00000000034f4840, 0x00000000034f4a70]
Event: 6.950 Thread 0x000000001eb13000 3434       3       java.util.GregorianCalendar::_jr$ip$calsys (9 bytes)
Event: 6.950 Thread 0x000000001eb13000 nmethod 3434 0x00000000034f4b50 code [0x00000000034f4cc0, 0x00000000034f4f10]
Event: 6.978 Thread 0x000000001eb10000 nmethod 3431 0x00000000034f9c10 code [0x00000000034f9de0, 0x00000000034fbd28]

GC Heap History (6 events):
Event: 0.467 GC heap before
{Heap before GC invocations=1 (full 0):
 PSYoungGen      total 75264K, used 64512K [0x000000076c380000, 0x0000000771780000, 0x00000007c0000000)
  eden space 64512K, 100% used [0x000000076c380000,0x0000000770280000,0x0000000770280000)
  from space 10752K, 0% used [0x0000000770d00000,0x0000000770d00000,0x0000000771780000)
  to   space 10752K, 0% used [0x0000000770280000,0x0000000770280000,0x0000000770d00000)
 ParOldGen       total 172032K, used 0K [0x00000006c4a00000, 0x00000006cf200000, 0x000000076c380000)
  object space 172032K, 0% used [0x00000006c4a00000,0x00000006c4a00000,0x00000006cf200000)
 Metaspace       used 13189K, capacity 14070K, committed 14208K, reserved 1060864K
  class space    used 1631K, capacity 1906K, committed 1920K, reserved 1048576K
Event: 0.474 GC heap after
Heap after GC invocations=1 (full 0):
 PSYoungGen      total 75264K, used 10410K [0x000000076c380000, 0x0000000775680000, 0x00000007c0000000)
  eden space 64512K, 0% used [0x000000076c380000,0x000000076c380000,0x0000000770280000)
  from space 10752K, 96% used [0x0000000770280000,0x0000000770caab68,0x0000000770d00000)
  to   space 10752K, 0% used [0x0000000774c00000,0x0000000774c00000,0x0000000775680000)
 ParOldGen       total 172032K, used 16K [0x00000006c4a00000, 0x00000006cf200000, 0x000000076c380000)
  object space 172032K, 0% used [0x00000006c4a00000,0x00000006c4a04000,0x00000006cf200000)
 Metaspace       used 13189K, capacity 14070K, committed 14208K, reserved 1060864K
  class space    used 1631K, capacity 1906K, committed 1920K, reserved 1048576K
}
Event: 1.085 GC heap before
{Heap before GC invocations=2 (full 0):
 PSYoungGen      total 75264K, used 71148K [0x000000076c380000, 0x0000000775680000, 0x00000007c0000000)
  eden space 64512K, 94% used [0x000000076c380000,0x000000076fed0528,0x0000000770280000)
  from space 10752K, 96% used [0x0000000770280000,0x0000000770caab68,0x0000000770d00000)
  to   space 10752K, 0% used [0x0000000774c00000,0x0000000774c00000,0x0000000775680000)
 ParOldGen       total 172032K, used 16K [0x00000006c4a00000, 0x00000006cf200000, 0x000000076c380000)
  object space 172032K, 0% used [0x00000006c4a00000,0x00000006c4a04000,0x00000006cf200000)
 Metaspace       used 20129K, capacity 21140K, committed 21296K, reserved 1067008K
  class space    used 2571K, capacity 2869K, committed 2944K, reserved 1048576K
Event: 1.093 GC heap after
Heap after GC invocations=2 (full 0):
 PSYoungGen      total 139776K, used 10724K [0x000000076c380000, 0x0000000775680000, 0x00000007c0000000)
  eden space 129024K, 0% used [0x000000076c380000,0x000000076c380000,0x0000000774180000)
  from space 10752K, 99% used [0x0000000774c00000,0x0000000775679300,0x0000000775680000)
  to   space 10752K, 0% used [0x0000000774180000,0x0000000774180000,0x0000000774c00000)
 ParOldGen       total 172032K, used 3494K [0x00000006c4a00000, 0x00000006cf200000, 0x000000076c380000)
  object space 172032K, 2% used [0x00000006c4a00000,0x00000006c4d69ba0,0x00000006cf200000)
 Metaspace       used 20129K, capacity 21140K, committed 21296K, reserved 1067008K
  class space    used 2571K, capacity 2869K, committed 2944K, reserved 1048576K
}
Event: 1.093 GC heap before
{Heap before GC invocations=3 (full 1):
 PSYoungGen      total 139776K, used 10724K [0x000000076c380000, 0x0000000775680000, 0x00000007c0000000)
  eden space 129024K, 0% used [0x000000076c380000,0x000000076c380000,0x0000000774180000)
  from space 10752K, 99% used [0x0000000774c00000,0x0000000775679300,0x0000000775680000)
  to   space 10752K, 0% used [0x0000000774180000,0x0000000774180000,0x0000000774c00000)
 ParOldGen       total 172032K, used 3494K [0x00000006c4a00000, 0x00000006cf200000, 0x000000076c380000)
  object space 172032K, 2% used [0x00000006c4a00000,0x00000006c4d69ba0,0x00000006cf200000)
 Metaspace       used 20129K, capacity 21140K, committed 21296K, reserved 1067008K
  class space    used 2571K, capacity 2869K, committed 2944K, reserved 1048576K
Event: 1.130 GC heap after
Heap after GC invocations=3 (full 1):
 PSYoungGen      total 139776K, used 0K [0x000000076c380000, 0x0000000775680000, 0x00000007c0000000)
  eden space 129024K, 0% used [0x000000076c380000,0x000000076c380000,0x0000000774180000)
  from space 10752K, 0% used [0x0000000774c00000,0x0000000774c00000,0x0000000775680000)
  to   space 10752K, 0% used [0x0000000774180000,0x0000000774180000,0x0000000774c00000)
 ParOldGen       total 129536K, used 13935K [0x00000006c4a00000, 0x00000006cc880000, 0x000000076c380000)
  object space 129536K, 10% used [0x00000006c4a00000,0x00000006c579be18,0x00000006cc880000)
 Metaspace       used 20128K, capacity 21138K, committed 21296K, reserved 1067008K
  class space    used 2571K, capacity 2868K, committed 2944K, reserved 1048576K
}

Deoptimization events (10 events):
Event: 1.236 Thread 0x00000000028a7000 Uncommon trap: reason=unstable_if action=reinterpret pc=0x00000000031d96a0 method=java.util.HashMap.putVal(ILjava/lang/Object;Ljava/lang/Object;ZZ)Ljava/lang/Object; @ 97
Event: 1.239 Thread 0x00000000028a7000 Uncommon trap: reason=bimorphic action=maybe_recompile pc=0x0000000003058d10 method=com.zeroturnaround.javarebel.gpy.get(Ljava/lang/Object;)Ljava/lang/Object; @ 23
Event: 1.240 Thread 0x00000000028a7000 Uncommon trap: reason=unstable_if action=reinterpret pc=0x0000000002e6cdb0 method=java.util.regex.Pattern$BmpCharProperty.match(Ljava/util/regex/Matcher;ILjava/lang/CharSequence;)Z @ 38
Event: 1.278 Thread 0x00000000028a7000 Uncommon trap: reason=unstable_if action=reinterpret pc=0x000000000305fa34 method=java.io.WinNTFileSystem.isLetter(C)Z @ 3
Event: 1.371 Thread 0x000000001ef82000 Uncommon trap: reason=unstable_if action=reinterpret pc=0x0000000002ee6de8 method=sun.nio.cs.UTF_8$Encoder.encodeArrayLoop(Ljava/nio/CharBuffer;Ljava/nio/ByteBuffer;)Ljava/nio/charset/CoderResult; @ 87
Event: 2.362 Thread 0x0000000025241000 Uncommon trap: reason=unstable_if action=reinterpret pc=0x000000000333b768 method=java.util.HashMap$HashIterator.<init>(Ljava/util/HashMap;)V @ 45
Event: 2.362 Thread 0x0000000025241000 Uncommon trap: reason=unstable_if action=reinterpret pc=0x0000000003391844 method=java.util.HashMap$HashIterator.<init>(Ljava/util/HashMap;)V @ 45
Event: 2.362 Thread 0x0000000025241000 Uncommon trap: reason=unstable_if action=reinterpret pc=0x000000000331d624 method=java.util.HashMap$HashIterator.<init>(Ljava/util/HashMap;)V @ 45
Event: 2.666 Thread 0x00000000028a7000 Uncommon trap: reason=unstable_if action=reinterpret pc=0x0000000003046b18 method=com.zeroturnaround.javarebel.fnc.<init>([BIZ)V @ 354
Event: 2.722 Thread 0x00000000028a7000 Uncommon trap: reason=class_check action=maybe_recompile pc=0x0000000003378a90 method=java.io.FilterInputStream.read([BII)I @ 11

Classes redefined (8 events):
Event: 0.519 Thread 0x000000001d462800 redefined class name=com.zeroturnaround.jrebelbase.facade.ba, count=1
Event: 0.521 Thread 0x000000001d462800 redefined class name=com.zeroturnaround.jrebelbase.facade.au, count=1
Event: 0.524 Thread 0x000000001d462800 redefined class name=com.zeroturnaround.jrebelbase.facade.a, count=1
Event: 0.527 Thread 0x000000001d462800 redefined class name=com.zeroturnaround.jrebelbase.d, count=1
Event: 0.528 Thread 0x000000001d462800 redefined class name=com.zeroturnaround.jrebelbase.facade.f, count=1
Event: 0.530 Thread 0x000000001d462800 redefined class name=com.zeroturnaround.jrebelbase.facade.e, count=1
Event: 0.531 Thread 0x000000001d462800 redefined class name=com.zeroturnaround.jrebelbase.facade.g, count=1
Event: 0.532 Thread 0x000000001d462800 redefined class name=com.zeroturnaround.jrebelbase.facade.ad, count=1

Internal exceptions (10 events):
Event: 0.848 Thread 0x000000002010e800 Exception <a 'java/lang/NoSuchFieldError': method resolution failed> (0x000000076d448628) thrown at [C:\re\workspace\8-2-build-windows-amd64-cygwin\jdk8u202\12323\hotspot\src\share\vm\prims\methodHandles.cpp, line 1167]
Event: 0.849 Thread 0x000000002010e800 Exception <a 'java/lang/NoSuchFieldError': method resolution failed> (0x000000076d455d48) thrown at [C:\re\workspace\8-2-build-windows-amd64-cygwin\jdk8u202\12323\hotspot\src\share\vm\prims\methodHandles.cpp, line 1167]
Event: 1.055 Thread 0x00000000028a7000 Exception <a 'java/lang/ClassNotFoundException': java/lang/J9VMInternals> (0x000000076f894f58) thrown at [C:\re\workspace\8-2-build-windows-amd64-cygwin\jdk8u202\12323\hotspot\src\share\vm\classfile\systemDictionary.cpp, line 210]
Event: 1.194 Thread 0x00000000028a7000 Implicit null exception at 0x0000000002d97896 to 0x0000000002d97bf1
Event: 1.210 Thread 0x000000002523b800 Implicit null exception at 0x0000000002d99f96 to 0x0000000002d9a305
Event: 1.253 Thread 0x000000002523b800 Exception <a 'java/io/FileNotFoundException'> (0x000000076dbf1fe8) thrown at [C:\re\workspace\8-2-build-windows-amd64-cygwin\jdk8u202\12323\hotspot\src\share\vm\prims\jni.cpp, line 710]
Event: 2.666 Thread 0x00000000028a7000 Exception <a 'java/io/FileNotFoundException'> (0x000000076fabe5e8) thrown at [C:\re\workspace\8-2-build-windows-amd64-cygwin\jdk8u202\12323\hotspot\src\share\vm\prims\jni.cpp, line 710]
Event: 2.686 Thread 0x00000000028a7000 Exception <a 'java/io/FileNotFoundException'> (0x000000076fd77ee8) thrown at [C:\re\workspace\8-2-build-windows-amd64-cygwin\jdk8u202\12323\hotspot\src\share\vm\prims\jni.cpp, line 710]
Event: 2.753 Thread 0x0000000025244800 Exception <a 'java/io/FileNotFoundException'> (0x0000000770461d78) thrown at [C:\re\workspace\8-2-build-windows-amd64-cygwin\jdk8u202\12323\hotspot\src\share\vm\prims\jni.cpp, line 710]
Event: 2.753 Thread 0x0000000025244800 Exception <a 'java/lang/NullPointerException'> (0x00000007704623b0) thrown at [C:\re\workspace\8-2-build-windows-amd64-cygwin\jdk8u202\12323\hotspot\src\share\vm\interpreter\linkResolver.cpp, line 1185]

Events (10 events):
Event: 6.903 Thread 0x000000002010a000 DEOPT PACKING pc=0x0000000002bda7ac sp=0x00000000218df150
Event: 6.903 Thread 0x000000002010c800 Thread exited: 0x000000002010c800
Event: 6.903 Thread 0x000000002010a000 DEOPT UNPACKING pc=0x00000000029e7890 sp=0x00000000218deee8 mode 0
Event: 6.903 Thread 0x000000002010a000 Thread exited: 0x000000002010a000
Event: 6.904 Thread 0x000000002010f800 Thread exited: 0x000000002010f800
Event: 6.906 Thread 0x000000002523d000 Thread exited: 0x000000002523d000
Event: 6.922 Thread 0x0000000025245800 Thread exited: 0x0000000025245800
Event: 6.941 Thread 0x0000000025244000 Thread exited: 0x0000000025244000
Event: 6.999 Thread 0x000000002523e000 Thread exited: 0x000000002523e000
Event: 7.003 Executing VM operation: Exit


Dynamic libraries:
0x00007ff6d58b0000 - 0x00007ff6d58e7000 	C:\Program Files\Java\jdk1.8.0_202\bin\javaw.exe
0x00007ffa06390000 - 0x00007ffa06585000 	C:\Windows\SYSTEM32\ntdll.dll
0x00007ffa05850000 - 0x00007ffa0590e000 	C:\Windows\System32\KERNEL32.DLL
0x00007ffa03c70000 - 0x00007ffa03f38000 	C:\Windows\System32\KERNELBASE.dll
0x00007ffa05bb0000 - 0x00007ffa05c5e000 	C:\Windows\System32\ADVAPI32.dll
0x00007ffa05910000 - 0x00007ffa059ae000 	C:\Windows\System32\msvcrt.dll
0x00007ffa05b10000 - 0x00007ffa05bac000 	C:\Windows\System32\sechost.dll
0x00007ffa05300000 - 0x00007ffa05425000 	C:\Windows\System32\RPCRT4.dll
0x00007ffa061a0000 - 0x00007ffa06341000 	C:\Windows\System32\USER32.dll
0x00007ffa03aa0000 - 0x00007ffa03ac2000 	C:\Windows\System32\win32u.dll
0x00007ffa05a10000 - 0x00007ffa05a3b000 	C:\Windows\System32\GDI32.dll
0x00007ffa040a0000 - 0x00007ffa041ad000 	C:\Windows\System32\gdi32full.dll
0x00007ffa03ad0000 - 0x00007ffa03b6d000 	C:\Windows\System32\msvcp_win.dll
0x00007ffa03b70000 - 0x00007ffa03c70000 	C:\Windows\System32\ucrtbase.dll
0x00007ff9ed220000 - 0x00007ff9ed4ba000 	C:\Windows\WinSxS\amd64_microsoft.windows.common-controls_6595b64144ccf1df_6.0.19041.1110_none_60b5254171f9507e\COMCTL32.dll
0x00007ffa05490000 - 0x00007ffa054c0000 	C:\Windows\System32\IMM32.DLL
0x0000000075670000 - 0x0000000075742000 	C:\Program Files\Java\jdk1.8.0_202\jre\bin\msvcr100.dll
0x0000000074dc0000 - 0x0000000075665000 	C:\Program Files\Java\jdk1.8.0_202\jre\bin\server\jvm.dll
0x00007ffa05570000 - 0x00007ffa05578000 	C:\Windows\System32\PSAPI.DLL
0x00007ff9d6890000 - 0x00007ff9d68b7000 	C:\Windows\SYSTEM32\WINMM.dll
0x00007ff9e5de0000 - 0x00007ff9e5de9000 	C:\Windows\SYSTEM32\WSOCK32.dll
0x00007ff9f71b0000 - 0x00007ff9f71ba000 	C:\Windows\SYSTEM32\VERSION.dll
0x00007ffa05c60000 - 0x00007ffa05ccb000 	C:\Windows\System32\WS2_32.dll
0x00007ff9f7260000 - 0x00007ff9f726f000 	C:\Program Files\Java\jdk1.8.0_202\jre\bin\verify.dll
0x00007ff9f7230000 - 0x00007ff9f7259000 	C:\Program Files\Java\jdk1.8.0_202\jre\bin\java.dll
0x00007ff9da6c0000 - 0x00007ff9da70d000 	D:\datas\huachuan\eclipse\plugins\org.zeroturnaround.eclipse.embedder_2021.4.0.RELEASE\jrebel\lib\jrebel64.dll
0x00007ffa04580000 - 0x00007ffa04cc4000 	C:\Windows\System32\SHELL32.dll
0x00007ffa03460000 - 0x00007ffa0346c000 	C:\Windows\SYSTEM32\CRYPTBASE.DLL
0x00007ffa054c0000 - 0x00007ffa0556d000 	C:\Windows\System32\shcore.dll
0x00007ffa05e40000 - 0x00007ffa06195000 	C:\Windows\System32\combase.dll
0x00007ff9ebc30000 - 0x00007ff9ebc46000 	C:\Program Files\Java\jdk1.8.0_202\jre\bin\zip.dll
0x00007ffa01b70000 - 0x00007ffa02305000 	C:\Windows\SYSTEM32\windows.storage.dll
0x00007ffa034f0000 - 0x00007ffa0351e000 	C:\Windows\SYSTEM32\Wldp.dll
0x00007ffa057f0000 - 0x00007ffa05845000 	C:\Windows\System32\shlwapi.dll
0x00007ffa039e0000 - 0x00007ffa039ff000 	C:\Windows\SYSTEM32\profapi.dll
0x00007ff9f7200000 - 0x00007ff9f720d000 	C:\Program Files\Java\jdk1.8.0_202\jre\bin\management.dll
0x00007ff9eb710000 - 0x00007ff9eb72a000 	C:\Program Files\Java\jdk1.8.0_202\jre\bin\net.dll
0x00007ff9f2630000 - 0x00007ff9f281b000 	C:\Windows\SYSTEM32\urlmon.dll
0x00007ff9f4050000 - 0x00007ff9f4300000 	C:\Windows\SYSTEM32\iertutil.dll
0x00007ff9f2600000 - 0x00007ff9f2628000 	C:\Windows\SYSTEM32\srvcli.dll
0x00007ffa02f30000 - 0x00007ffa02f3c000 	C:\Windows\SYSTEM32\netutils.dll
0x00007ffa03250000 - 0x00007ffa032ba000 	C:\Windows\system32\mswsock.dll
0x00007ff9dbbc0000 - 0x00007ff9dbbd2000 	C:\Program Files\Java\jdk1.8.0_202\jre\bin\nio.dll
0x00007ff9da690000 - 0x00007ff9da6b4000 	C:\Program Files\Java\jdk1.8.0_202\jre\bin\sunec.dll
0x00007ff9eb700000 - 0x00007ff9eb70b000 	C:\Program Files\Java\jdk1.8.0_202\jre\bin\sunmscapi.dll
0x00007ffa03f40000 - 0x00007ffa04096000 	C:\Windows\System32\CRYPT32.dll
0x00007ff9da670000 - 0x00007ff9da68b000 	C:\Users\Lenovo\.jrebel\jrebel-temp\ver-e8f91f94\IdeaWin64.dll
0x00007ffa03440000 - 0x00007ffa03458000 	C:\Windows\SYSTEM32\CRYPTSP.dll
0x00007ffa02b60000 - 0x00007ffa02b94000 	C:\Windows\system32\rsaenh.dll
0x00007ffa04310000 - 0x00007ffa04337000 	C:\Windows\System32\bcrypt.dll
0x00007ffa03960000 - 0x00007ffa0398e000 	C:\Windows\SYSTEM32\USERENV.dll
0x00007ffa04340000 - 0x00007ffa043c2000 	C:\Windows\System32\bcryptprimitives.dll
0x00007ffa02ef0000 - 0x00007ffa02f2b000 	C:\Windows\SYSTEM32\IPHLPAPI.DLL
0x00007ffa05e30000 - 0x00007ffa05e38000 	C:\Windows\System32\NSI.dll
0x00007ff9f71e0000 - 0x00007ff9f71f7000 	C:\Windows\SYSTEM32\dhcpcsvc6.DLL
0x00007ff9f71c0000 - 0x00007ff9f71dd000 	C:\Windows\SYSTEM32\dhcpcsvc.DLL
0x00007ffa02f40000 - 0x00007ffa0300b000 	C:\Windows\SYSTEM32\DNSAPI.dll
0x00007ff9c5c60000 - 0x00007ff9c5c77000 	C:\Windows\system32\napinsp.dll
0x00007ff9c5c00000 - 0x00007ff9c5c1b000 	C:\Windows\system32\pnrpnsp.dll
0x00007ff9d74a0000 - 0x00007ff9d74b5000 	C:\Windows\system32\wshbth.dll
0x00007ff9fb330000 - 0x00007ff9fb34d000 	C:\Windows\system32\NLAapi.dll
0x00007ff9c5be0000 - 0x00007ff9c5bf2000 	C:\Windows\System32\winrnr.dll
0x00007ff9f9b00000 - 0x00007ff9f9b0a000 	C:\Windows\System32\rasadhlp.dll
0x00007ff9f4c80000 - 0x00007ff9f4cff000 	C:\Windows\System32\fwpuclnt.dll
0x00007ff9d92c0000 - 0x00007ff9d93af000 	C:\Users\Lenovo\AppData\Local\Temp\javacpp162731425025100\msvcr120.dll
0x00007ff9d9210000 - 0x00007ff9d92b6000 	C:\Users\Lenovo\AppData\Local\Temp\javacpp162731425025100\msvcp120.dll
0x00007ff9c13c0000 - 0x00007ff9c1639000 	C:\Users\Lenovo\AppData\Local\Temp\javacpp162731425025100\opencv_core310.dll
0x00007ff9c0560000 - 0x00007ff9c08a1000 	C:\Users\Lenovo\AppData\Local\Temp\javacpp162731425025100\opencv_imgproc310.dll
0x00007ff9c01a0000 - 0x00007ff9c0398000 	C:\Users\Lenovo\AppData\Local\Temp\javacpp162731425025100\jniopencv_core.dll
0x00007ff9d9c90000 - 0x00007ff9d9d36000 	C:\Users\Lenovo\AppData\Local\Temp\javacpp162731425025100\jniopencv_imgproc.dll
0x00007ff9bfed0000 - 0x00007ff9c0198000 	C:\Users\Lenovo\AppData\Local\Temp\javacpp162731425025100\opencv_imgcodecs310.dll
0x00007ff9da650000 - 0x00007ff9da66c000 	C:\Users\Lenovo\AppData\Local\Temp\javacpp162731425025100\jniopencv_imgcodecs.dll
0x00007ff9d9bf0000 - 0x00007ff9d9c43000 	C:\Users\Lenovo\AppData\Local\Temp\javacpp162731425025100\opencv_videoio310.dll
0x00007ffa056b0000 - 0x00007ffa057da000 	C:\Windows\System32\ole32.dll
0x00007ffa05580000 - 0x00007ffa0564d000 	C:\Windows\System32\OLEAUT32.dll
0x00007ff9d9a00000 - 0x00007ff9d9a2b000 	C:\Windows\SYSTEM32\MSVFW32.dll
0x00007ff9d9120000 - 0x00007ff9d9141000 	C:\Windows\SYSTEM32\AVIFIL32.dll
0x00007ff9da430000 - 0x00007ff9da449000 	C:\Windows\SYSTEM32\AVICAP32.dll
0x00007ff9fb480000 - 0x00007ff9fb49e000 	C:\Windows\SYSTEM32\MSACM32.dll
0x00007ff9e7230000 - 0x00007ff9e7256000 	C:\Windows\SYSTEM32\winmmbase.dll
0x00007ff9da3f0000 - 0x00007ff9da407000 	C:\Users\Lenovo\AppData\Local\Temp\javacpp162731425025100\jniopencv_videoio.dll
0x00007ffa02320000 - 0x00007ffa02332000 	C:\Windows\SYSTEM32\kernel.appcore.dll
0x00007ff9fd3b0000 - 0x00007ff9fd44e000 	C:\Windows\system32\uxtheme.dll
0x00007ffa05a40000 - 0x00007ffa05ae9000 	C:\Windows\System32\clbcatq.dll
0x00007ff9d8570000 - 0x00007ff9d858d000 	C:\Windows\System32\devenum.dll
0x00007ffa04210000 - 0x00007ffa0425e000 	C:\Windows\System32\CFGMGR32.dll
0x00007ffa04cd0000 - 0x00007ffa05142000 	C:\Windows\System32\setupapi.dll
0x00007ffa02790000 - 0x00007ffa027c3000 	C:\Windows\SYSTEM32\ntmarta.dll
0x00007ffa03840000 - 0x00007ffa03874000 	C:\Windows\SYSTEM32\DEVOBJ.dll
0x00007ffa041b0000 - 0x00007ffa04210000 	C:\Windows\System32\WINTRUST.dll
0x00007ffa03680000 - 0x00007ffa03692000 	C:\Windows\SYSTEM32\MSASN1.dll
0x00007ff9fb680000 - 0x00007ff9fb68b000 	C:\Windows\SYSTEM32\msdmo.dll
0x00007ff9d8530000 - 0x00007ff9d8566000 	C:\Windows\System32\qcap.dll
0x00007ff9bfd00000 - 0x00007ff9bfed0000 	C:\Windows\System32\quartz.dll
0x00007ffa043d0000 - 0x00007ffa044e5000 	C:\Windows\System32\MSCTF.dll
0x00007ff9d8180000 - 0x00007ff9d81cd000 	C:\Windows\System32\mfksproxy.dll
0x00007ff9d8160000 - 0x00007ff9d817d000 	C:\Windows\System32\ATL.DLL
0x00007ff9f93a0000 - 0x00007ff9f955c000 	C:\Windows\System32\MFPlat.DLL
0x00007ff9f9b30000 - 0x00007ff9f9b66000 	C:\Windows\System32\RTWorkQ.DLL
0x00007ff9bf860000 - 0x00007ff9bfcf1000 	C:\Windows\System32\MFCORE.dll
0x00007ff9f9d00000 - 0x00007ff9f9d09000 	C:\Windows\System32\ksuser.dll
0x00007ffa03060000 - 0x00007ffa030ab000 	C:\Windows\SYSTEM32\powrprof.dll
0x00007ffa02ed0000 - 0x00007ffa02ee2000 	C:\Windows\SYSTEM32\UMPDC.dll
0x00007ff9d7eb0000 - 0x00007ff9d7f20000 	C:\Windows\System32\FrameServerClient.dll
0x00007ff9f9de0000 - 0x00007ff9f9e47000 	C:\Windows\System32\MFSENSORGROUP.dll
0x00007ff9faa40000 - 0x00007ff9faa4a000 	C:\Windows\System32\AVRT.dll
0x00007ff9e6510000 - 0x00007ff9e651d000 	C:\Windows\System32\vidcap.ax
0x00007ff9d8060000 - 0x00007ff9d8087000 	C:\Windows\System32\kswdmcap.ax
0x00007ff9a5020000 - 0x00007ff9a518c000 	C:\Windows\System32\MFC42.dll
0x00007ff9be860000 - 0x00007ff9be96a000 	C:\Windows\System32\MFReadWrite.dll
0x00007ff9bc2a0000 - 0x00007ff9bc348000 	C:\Windows\System32\qedit.dll
0x00007ffa05d50000 - 0x00007ffa05e2a000 	C:\Windows\System32\COMDLG32.dll
0x00007ff9cdc80000 - 0x00007ff9cde29000 	C:\Windows\WinSxS\amd64_microsoft.windows.gdiplus_6595b64144ccf1df_1.1.19041.1466_none_91a4907ccc87e3b8\gdiplus.dll
0x00007ff9bc1a0000 - 0x00007ff9bc29b000 	C:\Windows\System32\DDRAW.dll
0x00007ffa02390000 - 0x00007ffa02484000 	C:\Windows\System32\dxgi.dll
0x00007ff9e6320000 - 0x00007ff9e6329000 	C:\Windows\System32\DCIMAN32.dll
0x00007ff9f7270000 - 0x00007ff9f72ab000 	C:\Windows\SYSTEM32\dxcore.dll
0x00007ff9bc000000 - 0x00007ff9bc199000 	C:\Program Files\Java\jdk1.8.0_202\jre\bin\awt.dll
0x00007ff9fd1e0000 - 0x00007ff9fd270000 	C:\Windows\SYSTEM32\apphelp.dll
0x00007ffa00e10000 - 0x00007ffa00e3f000 	C:\Windows\system32\DWMAPI.DLL
0x00007ff9d7730000 - 0x00007ff9d7855000 	C:\Windows\system32\opengl32.dll
0x00007ff9d7700000 - 0x00007ff9d772c000 	C:\Windows\SYSTEM32\GLU32.dll
0x00007ff9d6620000 - 0x00007ff9d6667000 	C:\Program Files\Java\jdk1.8.0_202\jre\bin\fontmanager.dll
0x00007ff9f2af0000 - 0x00007ff9f2be9000 	C:\Windows\SYSTEM32\textinputframework.dll
0x00007ff9fc8c0000 - 0x00007ff9fcc1e000 	C:\Windows\System32\CoreUIComponents.dll
0x00007ff9fcfa0000 - 0x00007ff9fd092000 	C:\Windows\System32\CoreMessaging.dll
0x00007ff9fb8e0000 - 0x00007ff9fba34000 	C:\Windows\SYSTEM32\wintypes.dll
0x00007ffa01410000 - 0x00007ffa015f4000 	C:\Windows\SYSTEM32\dbghelp.dll

VM Arguments:
jvm_args: -Drebel.base=C:\Users\Lenovo\.jrebel -Drebel.env.ide.plugin.version=2021.4.0 -Drebel.env.ide.version=4.7.2 -Drebel.env.ide.product=Eclipse -Drebel.env.ide=eclipse -Drebel.notification.url=http://localhost:55247 -Drebel.workspace.path=D:\WorkSpace\HC -Drebel.properties=C:\Users\Lenovo\.jrebel\jrebel.properties -agentpath:D:\datas\huachuan\eclipse\plugins\org.zeroturnaround.eclipse.embedder_2021.4.0.RELEASE\jrebel\lib\jrebel64.dll -Dfile.encoding=UTF-8 
java_command: com.km.voide.AcgistVideo
java_class_path (initial): C:\Program Files\Java\jdk1.8.0_202\jre\lib\resources.jar;C:\Program Files\Java\jdk1.8.0_202\jre\lib\rt.jar;C:\Program Files\Java\jdk1.8.0_202\jre\lib\jsse.jar;C:\Program Files\Java\jdk1.8.0_202\jre\lib\jce.jar;C:\Program Files\Java\jdk1.8.0_202\jre\lib\charsets.jar;C:\Program Files\Java\jdk1.8.0_202\jre\lib\jfr.jar;C:\Program Files\Java\jdk1.8.0_202\jre\lib\ext\access-bridge-64.jar;C:\Program Files\Java\jdk1.8.0_202\jre\lib\ext\cldrdata.jar;C:\Program Files\Java\jdk1.8.0_202\jre\lib\ext\dnsns.jar;C:\Program Files\Java\jdk1.8.0_202\jre\lib\ext\jaccess.jar;C:\Program Files\Java\jdk1.8.0_202\jre\lib\ext\jfxrt.jar;C:\Program Files\Java\jdk1.8.0_202\jre\lib\ext\localedata.jar;C:\Program Files\Java\jdk1.8.0_202\jre\lib\ext\nashorn.jar;C:\Program Files\Java\jdk1.8.0_202\jre\lib\ext\sunec.jar;C:\Program Files\Java\jdk1.8.0_202\jre\lib\ext\sunjce_provider.jar;C:\Program Files\Java\jdk1.8.0_202\jre\lib\ext\sunmscapi.jar;C:\Program Files\Java\jdk1.8.0_202\jre\lib\ext\sunpkcs11.jar;C:\Program Files\Java\jdk1.8.0_202\jre\lib\ext\zipfs.jar;D:\WorkSpace\HC\spring5gxl\build\classes;D:\sworf\apache-tomcat-8.5.73\lib\annotations-api.jar;D:\sworf\apache-tomcat-8.5.73\lib\catalina-ant.jar;D:\sworf\apache-tomcat-8.5.73\lib\catalina-ha.jar;D:\sworf\apache-tomcat-8.5.73\lib\catalina-storeconfig.jar;D:\sworf\apache-tomcat-8.5.73\lib\catalina-tribes.jar;D:\sworf\apache-tomcat-8.5.73\lib\catalina.jar;D:\sworf\apache-tomcat-8.5.73\lib\ecj-4.6.3.jar;D:\sworf\apache-tomcat-8.5.73\lib\el-api.jar;D:\sworf\apache-tomcat-8.5.73\lib\jasper-el.jar;D:\sworf\apache-tomcat-8.5.73\lib\jasper.jar;D:\sworf\apache-tomcat-8.5.73\lib\jaspic-api.jar;D:\sworf\apache-tomcat-8.5.73\lib\jsp-api.jar;D:\sworf\apache-tomcat-8.5.73\lib\servlet-api.jar;D:\sworf\apache-tomcat-8.5.73\lib\tomcat-api.jar;D:\sworf\apache-tomcat-8.5.73\lib\tomcat-coyote.jar;D:\sworf\apache-tomcat-8.5.73\lib\tomcat-dbcp.jar;D:\sworf\apache-tomcat-8.5.73\lib\tomcat-i18n-de.jar;D:\sworf\apache-tomcat-8.5.73\lib\tomc
Launcher Type: SUN_STANDARD

Environment Variables:
PATH=C:/Program Files/Java/jre1.8.0_202/bin/server;C:/Program Files/Java/jre1.8.0_202/bin;C:/Program Files/Java/jre1.8.0_202/lib/amd64;C:\Program Files (x86)\Common Files\Oracle\Java\javapath;C:\Windows\system32;C:\Windows;C:\Windows\System32\Wbem;C:\Windows\System32\WindowsPowerShell\v1.0\;C:\Windows\System32\OpenSSH\;C:\Program Files (x86)\MySQL\MySQL Server 5.5\bin;C:\Users\Lenovo\AppData\Local\Microsoft\WindowsApps;;D:\datas\Microsoft VS Code\bin;D:\datas\huachuan\eclipse;
USERNAME=Lenovo
OS=Windows_NT
PROCESSOR_IDENTIFIER=Intel64 Family 6 Model 140 Stepping 1, GenuineIntel



---------------  S Y S T E M  ---------------

OS: Windows 10.0 , 64 bit Build 19041 (10.0.19041.1466)

CPU:total 8 (initial active 8) (4 cores per cpu, 2 threads per core) family 6 model 140 stepping 1, cmov, cx8, fxsr, mmx, sse, sse2, sse3, ssse3, sse4.1, sse4.2, popcnt, avx, avx2, aes, clmul, erms, 3dnowpref, lzcnt, ht, tsc, tscinvbit, bmi1, bmi2, adx

Memory: 4k page, physical 16468084k(2817448k free), swap 24594548k(6630052k free)

vm_info: Java HotSpot(TM) 64-Bit Server VM (25.202-b08) for windows-amd64 JRE (1.8.0_202-b08), built on Dec 15 2018 19:54:30 by "java_re" with MS VC++ 10.0 (VS2010)

time: Sat Jan 22 21:35:59 2022
timezone: ÖĐąú±ę×ĽĘ±Ľä
elapsed time: 8 seconds (0d 0h 0m 8s)

