#
# A fatal error has been detected by the Java Runtime Environment:
#
#  Internal Error (0xc000000d), pid=22412, tid=0x00000000000020ac
#
# JRE version: Java(TM) SE Runtime Environment (8.0_202-b08) (build 1.8.0_202-b08)
# Java VM: Java HotSpot(TM) 64-Bit Server VM (25.202-b08 mixed mode windows-amd64 compressed oops)
# Problematic frame:
# C  [ntdll.dll+0x112174]
#
# Failed to write core dump. Minidumps are not enabled by default on client versions of Windows
#
# If you would like to submit a bug report, please visit:
#   http://bugreport.java.com/bugreport/crash.jsp
#

---------------  T H R E A D  ---------------

Current thread (0x000000001c9e2000):  VMThread [stack: 0x000000001eab0000,0x000000001ebb0000] [id=8364]

siginfo: ExceptionCode=0xc000000d

Registers:
RAX=0x0000000000000000, RBX=0x0000000000000000, RCX=0x0000000000000000, RDX=0x0000000000000000
RSP=0x000000001ebae080, RBP=0x0000000000000003, RSI=0x0000000000001034, RDI=0x0000000028a74c30
R8 =0x0000000000000000, R9 =0x0000000000000000, R10=0x0000000000000000, R11=0x0000000000000000
R12=0x0000000000001034, R13=0x00007ff9d86ee540, R14=0x0000000000000000, R15=0x0000000000001034
RIP=0x00007ffa064a2174, EFLAGS=0x0000000000000206

Top of Stack: (sp=0x000000001ebae080)
0x000000001ebae080:   0000000000000057 0000000000000000
0x000000001ebae090:   0000000000001034 0000000001470000
0x000000001ebae0a0:   00000000c000000d 0000000000000000
0x000000001ebae0b0:   00007ffa064a2174 0000000000000000
0x000000001ebae0c0:   0000000000000000 0000000000000000
0x000000001ebae0d0:   0000000000000000 0000000000000000
0x000000001ebae0e0:   0000000000000000 0000000000000000
0x000000001ebae0f0:   0000000000000000 0000000000000000
0x000000001ebae100:   0000000000000000 0000000000000000
0x000000001ebae110:   0000000000000000 0000000000000000
0x000000001ebae120:   0000000000000000 0000000000000000
0x000000001ebae130:   0000000000000000 00007ffa063e07b0
0x000000001ebae140:   0000465402ed9769 00007ffa063b47b1
0x000000001ebae150:   0000000000dd0000 00007ffa0643c44f
0x000000001ebae160:   0000000000000001 00007ff9f9b3949b
0x000000001ebae170:   00007ff9d86ee540 0000000000001034 

Instructions: (pc=0x00007ffa064a2174)
0x00007ffa064a2154:   1c f9 ff c7 44 24 20 0d 00 00 c0 b9 57 00 00 00
0x00007ffa064a2164:   e8 07 e6 f3 ff 90 48 8d 4c 24 20 e8 ac ee f3 ff
0x00007ffa064a2174:   eb 00 48 8b 8c 24 c0 00 00 00 48 33 cc e8 aa a0
0x00007ffa064a2184:   f7 ff 48 81 c4 d8 00 00 00 c3 cc 40 55 48 83 ec 


Register to memory mapping:

RAX=0x0000000000000000 is an unknown value
RBX=0x0000000000000000 is an unknown value
RCX=0x0000000000000000 is an unknown value
RDX=0x0000000000000000 is an unknown value
RSP=0x000000001ebae080 is an unknown value
RBP=0x0000000000000003 is an unknown value
RSI=0x0000000000001034 is an unknown value
RDI=0x0000000028a74c30 is an unknown value
R8 =0x0000000000000000 is an unknown value
R9 =0x0000000000000000 is an unknown value
R10=0x0000000000000000 is an unknown value
R11=0x0000000000000000 is an unknown value
R12=0x0000000000001034 is an unknown value
R13=0x00007ff9d86ee540 is an unknown value
R14=0x0000000000000000 is an unknown value
R15=0x0000000000001034 is an unknown value


Stack: [0x000000001eab0000,0x000000001ebb0000],  sp=0x000000001ebae080,  free space=1016k
Native frames: (J=compiled Java code, j=interpreted, Vv=VM code, C=native code)
C  [ntdll.dll+0x112174]
C  [ntdll.dll+0xac44f]
C  [ntdll.dll+0x11d95]
C  [RTWorkQ.DLL+0x7123]
C  [RTWorkQ.DLL+0x6fd5]
C  [RTWorkQ.DLL+0x6e8e]
C  [FrameServerClient.dll+0x407bc]
C  [FrameServerClient.dll+0x27c42]
C  [FrameServerClient.dll+0x40ca5]
C  [RTWorkQ.DLL+0x16713]
C  [RTWorkQ.DLL+0x8169]
C  [RTWorkQ.DLL+0xcf03]
C  [RTWorkQ.DLL+0xce3a]
C  [FrameServerClient.dll+0x40869]
C  [FrameServerClient.dll+0x27500]
C  [FrameServerClient.dll+0x24057]
C  [FrameServerClient.dll+0x1f3a4]
C  [FrameServerClient.dll+0x16a79]
C  [FrameServerClient.dll+0x11313]
C  [FrameServerClient.dll+0xc95e]
C  [FrameServerClient.dll+0x86f2]
C  [MFCORE.dll+0x2d6540]
C  [MFCORE.dll+0x2d20af]
C  [MFCORE.dll+0x2d5b29]
C  [MFReadWrite.dll+0xec05]
C  [MFReadWrite.dll+0x25bef]
C  [ATL.DLL+0x3411]
C  [mfksproxy.dll+0x13815]
C  [mfksproxy.dll+0x149a4]
C  [ATL.DLL+0x3411]
C  [mfksproxy.dll+0x2160]
C  [mfksproxy.dll+0x1ee4]
C  [mfksproxy.dll+0x3326b]
C  [opencv_videoio310.dll+0x222b3]
C  [opencv_videoio310.dll+0x2182f]
C  [opencv_videoio310.dll+0x2d6e0]
C  [opencv_videoio310.dll+0x296a0]
C  [opencv_videoio310.dll+0x29922]
C  [ntdll.dll+0x19a1d]
C  [ntdll.dll+0x5db91]
C  [ntdll.dll+0x5da2d]
C  [KERNEL32.DLL+0x1e0ab]
C  [msvcr100.dll+0x20ccd]
V  [jvm.dll+0x214045]
V  [jvm.dll+0x24d5d7]
V  [jvm.dll+0x24c876]
V  [jvm.dll+0x24cd11]
V  [jvm.dll+0x24cf2e]
V  [jvm.dll+0x29fc6a]
C  [msvcr100.dll+0x21d9f]
C  [msvcr100.dll+0x21e3b]
C  [KERNEL32.DLL+0x17034]
C  [ntdll.dll+0x52651]

VM_Operation (0x000000002ef8ccb0): Exit, mode: safepoint, requested by thread 0x0000000025846800


---------------  P R O C E S S  ---------------

Java Threads: ( => current thread )
  0x0000000025846800 JavaThread "AWT-EventQueue-0" [_thread_blocked, id=26440, stack(0x000000002ee90000,0x000000002ef90000)]
  0x0000000025840000 JavaThread "AWT-Shutdown" [_thread_blocked, id=16332, stack(0x000000002e2a0000,0x000000002e3a0000)]
  0x0000000025843000 JavaThread "Java2D Disposer" daemon [_thread_blocked, id=26724, stack(0x000000002e1a0000,0x000000002e2a0000)]
  0x000000002583e800 JavaThread "rebel-change-detector-thread" daemon [_thread_blocked, id=26304, stack(0x00000000269b0000,0x0000000026ab0000)]
  0x0000000025843800 JavaThread "rebel-debugger-thread" daemon [_thread_blocked, id=2460, stack(0x00000000268b0000,0x00000000269b0000)]
  0x0000000025841800 JavaThread "rebel-debugger-attach-notifier" daemon [_thread_blocked, id=30224, stack(0x00000000267b0000,0x00000000268b0000)]
  0x000000002583f000 JavaThread "rebel-heartbeat-thread" daemon [_thread_blocked, id=23208, stack(0x00000000266b0000,0x00000000267b0000)]
  0x0000000025840800 JavaThread "rebel-redeploy-thread" daemon [_thread_blocked, id=6920, stack(0x00000000265b0000,0x00000000266b0000)]
  0x000000001f46e000 JavaThread "rebel-leaseManager-1" daemon [_thread_blocked, id=14796, stack(0x00000000220d0000,0x00000000221d0000)]
  0x000000001f46b000 JavaThread "rebel-messaging-executor-42" daemon [_thread_blocked, id=29340, stack(0x0000000020510000,0x0000000020610000)]
  0x000000001f472000 JavaThread "rebel-IDENotificationsImpl-PostCycle" daemon [_thread_blocked, id=24528, stack(0x0000000020210000,0x0000000020310000)]
  0x000000001f46d800 JavaThread "rebel-weak-reaper" daemon [_thread_blocked, id=32084, stack(0x0000000020110000,0x0000000020210000)]
  0x000000001f470800 JavaThread "rebel-cache-writer" daemon [_thread_blocked, id=29108, stack(0x000000001fe10000,0x000000001ff10000)]
  0x000000001f471000 JavaThread "rebel-CacheKeepAlive" daemon [_thread_blocked, id=27916, stack(0x00000000219e0000,0x0000000021ae0000)]
  0x000000001f46f000 JavaThread "rebel-logger" daemon [_thread_blocked, id=26780, stack(0x00000000216e0000,0x00000000217e0000)]
  0x000000001f358000 JavaThread "Service Thread" daemon [_thread_blocked, id=33604, stack(0x000000001fc10000,0x000000001fd10000)]
  0x000000001f345000 JavaThread "C1 CompilerThread3" daemon [_thread_blocked, id=18100, stack(0x000000001fb10000,0x000000001fc10000)]
  0x000000001f32b000 JavaThread "C2 CompilerThread2" daemon [_thread_blocked, id=18480, stack(0x000000001fa10000,0x000000001fb10000)]
  0x000000001f2da000 JavaThread "C2 CompilerThread1" daemon [_thread_blocked, id=28644, stack(0x000000001f910000,0x000000001fa10000)]
  0x000000001f32a800 JavaThread "C2 CompilerThread0" daemon [_thread_blocked, id=28920, stack(0x000000001f810000,0x000000001f910000)]
  0x000000001dce0000 JavaThread "Attach Listener" daemon [_thread_blocked, id=18200, stack(0x000000001ef10000,0x000000001f010000)]
  0x000000001dcdf000 JavaThread "Signal Dispatcher" daemon [_thread_blocked, id=30340, stack(0x000000001ee10000,0x000000001ef10000)]
  0x000000001c9e7800 JavaThread "Finalizer" daemon [_thread_blocked, id=2648, stack(0x000000001ecb0000,0x000000001edb0000)]
  0x000000001c9e6800 JavaThread "Reference Handler" daemon [_thread_blocked, id=29120, stack(0x000000001ebb0000,0x000000001ecb0000)]
  0x0000000003047000 JavaThread "main" [_thread_blocked, id=2548, stack(0x0000000002f40000,0x0000000003040000)]

Other Threads:
=>0x000000001c9e2000 VMThread [stack: 0x000000001eab0000,0x000000001ebb0000] [id=8364]

VM state:at safepoint (shutting down)

VM Mutex/Monitor currently owned by a thread:  ([mutex/lock_event])
[0x00000000030440a0] Threads_lock - owner thread: 0x000000001c9e2000

heap address: 0x00000006c4a00000, size: 4022 MB, Compressed Oops mode: Zero based, Oop shift amount: 3
Narrow klass base: 0x0000000000000000, Narrow klass shift: 3
Compressed class space size: 1073741824 Address: 0x00000007c0000000

Heap:
 PSYoungGen      total 139776K, used 16576K [0x000000076c380000, 0x0000000777500000, 0x00000007c0000000)
  eden space 129024K, 12% used [0x000000076c380000,0x000000076d3b02a8,0x0000000774180000)
  from space 10752K, 0% used [0x0000000774180000,0x0000000774180000,0x0000000774c00000)
  to   space 10752K, 0% used [0x0000000776a80000,0x0000000776a80000,0x0000000777500000)
 ParOldGen       total 212480K, used 18363K [0x00000006c4a00000, 0x00000006d1980000, 0x000000076c380000)
  object space 212480K, 8% used [0x00000006c4a00000,0x00000006c5beef88,0x00000006d1980000)
 Metaspace       used 34733K, capacity 35834K, committed 36224K, reserved 1081344K
  class space    used 4160K, capacity 4459K, committed 4480K, reserved 1048576K

Card table byte_map: [0x0000000012500000,0x0000000012ce0000] byte_map_base: 0x000000000eedb000

Marking Bits: (ParMarkBitMap*) 0x00000000755e5ce0
 Begin Bits: [0x0000000013a20000, 0x00000000178f8000)
 End Bits:   [0x00000000178f8000, 0x000000001b7d0000)

Polling page: 0x0000000000e80000

CodeCache: size=245760Kb used=9261Kb max_used=11755Kb free=236498Kb
 bounds [0x0000000003140000, 0x0000000003cd0000, 0x0000000012140000]
 total_blobs=3686 nmethods=3014 adapters=584
 compilation: enabled

Compilation events (10 events):
Event: 6.768 Thread 0x000000001f345000 nmethod 3653 0x00000000032e00d0 code [0x00000000032e0240, 0x00000000032e0470]
Event: 6.768 Thread 0x000000001f345000 3654       3       org.bytedeco.javacpp.Pointer::<init> (86 bytes)
Event: 6.768 Thread 0x000000001f345000 nmethod 3654 0x00000000032f1310 code [0x00000000032f14c0, 0x00000000032f1b50]
Event: 6.769 Thread 0x000000001f345000 3655       3       java.lang.Thread::_jr$ig$group (8 bytes)
Event: 6.770 Thread 0x000000001f345000 nmethod 3655 0x0000000003353810 code [0x0000000003353980, 0x0000000003353bb0]
Event: 6.770 Thread 0x000000001f345000 3656       3       java.util.concurrent.locks.AbstractQueuedSynchronizer$ConditionObject::checkInterruptWhileWaiting (27 bytes)
Event: 6.770 Thread 0x000000001f345000 nmethod 3656 0x00000000032e6710 code [0x00000000032e6920, 0x00000000032e7368]
Event: 6.795 Thread 0x000000001f32a800 nmethod 3642 0x0000000003294c10 code [0x0000000003294de0, 0x0000000003296d08]
Event: 6.830 Thread 0x000000001f345000 3657       1       sun.java2d.loops.RenderCache$Entry::getValue (5 bytes)
Event: 6.830 Thread 0x000000001f345000 nmethod 3657 0x000000000327a6d0 code [0x000000000327a820, 0x000000000327a930]

GC Heap History (10 events):
Event: 0.411 GC heap before
{Heap before GC invocations=1 (full 0):
 PSYoungGen      total 75264K, used 64512K [0x000000076c380000, 0x0000000771780000, 0x00000007c0000000)
  eden space 64512K, 100% used [0x000000076c380000,0x0000000770280000,0x0000000770280000)
  from space 10752K, 0% used [0x0000000770d00000,0x0000000770d00000,0x0000000771780000)
  to   space 10752K, 0% used [0x0000000770280000,0x0000000770280000,0x0000000770d00000)
 ParOldGen       total 172032K, used 0K [0x00000006c4a00000, 0x00000006cf200000, 0x000000076c380000)
  object space 172032K, 0% used [0x00000006c4a00000,0x00000006c4a00000,0x00000006cf200000)
 Metaspace       used 13202K, capacity 14102K, committed 14208K, reserved 1060864K
  class space    used 1629K, capacity 1874K, committed 1920K, reserved 1048576K
Event: 0.417 GC heap after
Heap after GC invocations=1 (full 0):
 PSYoungGen      total 75264K, used 10349K [0x000000076c380000, 0x0000000775680000, 0x00000007c0000000)
  eden space 64512K, 0% used [0x000000076c380000,0x000000076c380000,0x0000000770280000)
  from space 10752K, 96% used [0x0000000770280000,0x0000000770c9b7b8,0x0000000770d00000)
  to   space 10752K, 0% used [0x0000000774c00000,0x0000000774c00000,0x0000000775680000)
 ParOldGen       total 172032K, used 16K [0x00000006c4a00000, 0x00000006cf200000, 0x000000076c380000)
  object space 172032K, 0% used [0x00000006c4a00000,0x00000006c4a04000,0x00000006cf200000)
 Metaspace       used 13202K, capacity 14102K, committed 14208K, reserved 1060864K
  class space    used 1629K, capacity 1874K, committed 1920K, reserved 1048576K
}
Event: 1.014 GC heap before
{Heap before GC invocations=2 (full 0):
 PSYoungGen      total 75264K, used 72239K [0x000000076c380000, 0x0000000775680000, 0x00000007c0000000)
  eden space 64512K, 95% used [0x000000076c380000,0x000000076fff0630,0x0000000770280000)
  from space 10752K, 96% used [0x0000000770280000,0x0000000770c9b7b8,0x0000000770d00000)
  to   space 10752K, 0% used [0x0000000774c00000,0x0000000774c00000,0x0000000775680000)
 ParOldGen       total 172032K, used 16K [0x00000006c4a00000, 0x00000006cf200000, 0x000000076c380000)
  object space 172032K, 0% used [0x00000006c4a00000,0x00000006c4a04000,0x00000006cf200000)
 Metaspace       used 20126K, capacity 21140K, committed 21296K, reserved 1067008K
  class space    used 2568K, capacity 2869K, committed 2944K, reserved 1048576K
Event: 1.023 GC heap after
Heap after GC invocations=2 (full 0):
 PSYoungGen      total 139776K, used 10740K [0x000000076c380000, 0x0000000775680000, 0x00000007c0000000)
  eden space 129024K, 0% used [0x000000076c380000,0x000000076c380000,0x0000000774180000)
  from space 10752K, 99% used [0x0000000774c00000,0x000000077567d330,0x0000000775680000)
  to   space 10752K, 0% used [0x0000000774180000,0x0000000774180000,0x0000000774c00000)
 ParOldGen       total 172032K, used 3467K [0x00000006c4a00000, 0x00000006cf200000, 0x000000076c380000)
  object space 172032K, 2% used [0x00000006c4a00000,0x00000006c4d62d18,0x00000006cf200000)
 Metaspace       used 20126K, capacity 21140K, committed 21296K, reserved 1067008K
  class space    used 2568K, capacity 2869K, committed 2944K, reserved 1048576K
}
Event: 1.023 GC heap before
{Heap before GC invocations=3 (full 1):
 PSYoungGen      total 139776K, used 10740K [0x000000076c380000, 0x0000000775680000, 0x00000007c0000000)
  eden space 129024K, 0% used [0x000000076c380000,0x000000076c380000,0x0000000774180000)
  from space 10752K, 99% used [0x0000000774c00000,0x000000077567d330,0x0000000775680000)
  to   space 10752K, 0% used [0x0000000774180000,0x0000000774180000,0x0000000774c00000)
 ParOldGen       total 172032K, used 3467K [0x00000006c4a00000, 0x00000006cf200000, 0x000000076c380000)
  object space 172032K, 2% used [0x00000006c4a00000,0x00000006c4d62d18,0x00000006cf200000)
 Metaspace       used 20126K, capacity 21140K, committed 21296K, reserved 1067008K
  class space    used 2568K, capacity 2869K, committed 2944K, reserved 1048576K
Event: 1.056 GC heap after
Heap after GC invocations=3 (full 1):
 PSYoungGen      total 139776K, used 0K [0x000000076c380000, 0x0000000775680000, 0x00000007c0000000)
  eden space 129024K, 0% used [0x000000076c380000,0x000000076c380000,0x0000000774180000)
  from space 10752K, 0% used [0x0000000774c00000,0x0000000774c00000,0x0000000775680000)
  to   space 10752K, 0% used [0x0000000774180000,0x0000000774180000,0x0000000774c00000)
 ParOldGen       total 128000K, used 13954K [0x00000006c4a00000, 0x00000006cc700000, 0x000000076c380000)
  object space 128000K, 10% used [0x00000006c4a00000,0x00000006c57a08f0,0x00000006cc700000)
 Metaspace       used 20125K, capacity 21138K, committed 21296K, reserved 1067008K
  class space    used 2567K, capacity 2868K, committed 2944K, reserved 1048576K
}
Event: 2.868 GC heap before
{Heap before GC invocations=4 (full 1):
 PSYoungGen      total 139776K, used 74659K [0x000000076c380000, 0x0000000775680000, 0x00000007c0000000)
  eden space 129024K, 57% used [0x000000076c380000,0x0000000770c68c58,0x0000000774180000)
  from space 10752K, 0% used [0x0000000774c00000,0x0000000774c00000,0x0000000775680000)
  to   space 10752K, 0% used [0x0000000774180000,0x0000000774180000,0x0000000774c00000)
 ParOldGen       total 128000K, used 13954K [0x00000006c4a00000, 0x00000006cc700000, 0x000000076c380000)
  object space 128000K, 10% used [0x00000006c4a00000,0x00000006c57a08f0,0x00000006cc700000)
 Metaspace       used 34120K, capacity 35188K, committed 35456K, reserved 1081344K
  class space    used 4092K, capacity 4394K, committed 4480K, reserved 1048576K
Event: 2.873 GC heap after
Heap after GC invocations=4 (full 1):
 PSYoungGen      total 139776K, used 6722K [0x000000076c380000, 0x0000000777500000, 0x00000007c0000000)
  eden space 129024K, 0% used [0x000000076c380000,0x000000076c380000,0x0000000774180000)
  from space 10752K, 62% used [0x0000000774180000,0x0000000774810a78,0x0000000774c00000)
  to   space 10752K, 0% used [0x0000000776a80000,0x0000000776a80000,0x0000000777500000)
 ParOldGen       total 128000K, used 13962K [0x00000006c4a00000, 0x00000006cc700000, 0x000000076c380000)
  object space 128000K, 10% used [0x00000006c4a00000,0x00000006c57a28f0,0x00000006cc700000)
 Metaspace       used 34120K, capacity 35188K, committed 35456K, reserved 1081344K
  class space    used 4092K, capacity 4394K, committed 4480K, reserved 1048576K
}
Event: 2.873 GC heap before
{Heap before GC invocations=5 (full 2):
 PSYoungGen      total 139776K, used 6722K [0x000000076c380000, 0x0000000777500000, 0x00000007c0000000)
  eden space 129024K, 0% used [0x000000076c380000,0x000000076c380000,0x0000000774180000)
  from space 10752K, 62% used [0x0000000774180000,0x0000000774810a78,0x0000000774c00000)
  to   space 10752K, 0% used [0x0000000776a80000,0x0000000776a80000,0x0000000777500000)
 ParOldGen       total 128000K, used 13962K [0x00000006c4a00000, 0x00000006cc700000, 0x000000076c380000)
  object space 128000K, 10% used [0x00000006c4a00000,0x00000006c57a28f0,0x00000006cc700000)
 Metaspace       used 34120K, capacity 35188K, committed 35456K, reserved 1081344K
  class space    used 4092K, capacity 4394K, committed 4480K, reserved 1048576K
Event: 2.913 GC heap after
Heap after GC invocations=5 (full 2):
 PSYoungGen      total 139776K, used 0K [0x000000076c380000, 0x0000000777500000, 0x00000007c0000000)
  eden space 129024K, 0% used [0x000000076c380000,0x000000076c380000,0x0000000774180000)
  from space 10752K, 0% used [0x0000000774180000,0x0000000774180000,0x0000000774c00000)
  to   space 10752K, 0% used [0x0000000776a80000,0x0000000776a80000,0x0000000777500000)
 ParOldGen       total 212480K, used 18363K [0x00000006c4a00000, 0x00000006d1980000, 0x000000076c380000)
  object space 212480K, 8% used [0x00000006c4a00000,0x00000006c5beef88,0x00000006d1980000)
 Metaspace       used 34120K, capacity 35188K, committed 35456K, reserved 1081344K
  class space    used 4092K, capacity 4394K, committed 4480K, reserved 1048576K
}

Deoptimization events (10 events):
Event: 2.758 Thread 0x0000000003047000 Uncommon trap: reason=unstable_if action=reinterpret pc=0x00000000037c63d8 method=com.zeroturnaround.javarebel.fnc.<init>([BIZ)V @ 354
Event: 2.776 Thread 0x0000000003047000 Uncommon trap: reason=bimorphic action=maybe_recompile pc=0x0000000003605578 method=java.util.Hashtable.put(Ljava/lang/Object;Ljava/lang/Object;)Ljava/lang/Object; @ 37
Event: 2.788 Thread 0x0000000003047000 Uncommon trap: reason=bimorphic action=maybe_recompile pc=0x0000000003605578 method=java.util.Hashtable.put(Ljava/lang/Object;Ljava/lang/Object;)Ljava/lang/Object; @ 37
Event: 2.801 Thread 0x0000000003047000 Uncommon trap: reason=bimorphic action=maybe_recompile pc=0x0000000003605578 method=java.util.Hashtable.put(Ljava/lang/Object;Ljava/lang/Object;)Ljava/lang/Object; @ 37
Event: 2.804 Thread 0x0000000003047000 Uncommon trap: reason=bimorphic action=maybe_recompile pc=0x0000000003605578 method=java.util.Hashtable.put(Ljava/lang/Object;Ljava/lang/Object;)Ljava/lang/Object; @ 37
Event: 2.805 Thread 0x0000000003047000 Uncommon trap: reason=class_check action=maybe_recompile pc=0x0000000003b1fe10 method=java.io.FilterInputStream.read([BII)I @ 11
Event: 2.816 Thread 0x000000002583d000 Uncommon trap: reason=bimorphic action=maybe_recompile pc=0x00000000035a2b7c method=java.util.HashMap.putVal(ILjava/lang/Object;Ljava/lang/Object;ZZ)Ljava/lang/Object; @ 209
Event: 2.919 Thread 0x0000000025846800 Uncommon trap: reason=bimorphic action=maybe_recompile pc=0x00000000035fad44 method=java.util.Hashtable.addEntry(ILjava/lang/Object;Ljava/lang/Object;I)V @ 39
Event: 2.941 Thread 0x0000000003047000 Uncommon trap: reason=bimorphic action=maybe_recompile pc=0x00000000035fad44 method=java.util.Hashtable.addEntry(ILjava/lang/Object;Ljava/lang/Object;I)V @ 39
Event: 2.984 Thread 0x0000000003047000 Uncommon trap: reason=unstable_if action=reinterpret pc=0x0000000003cbf010 method=org.bytedeco.javacv.Java2DFrameConverter.flipCopyWithGamma(Ljava/nio/ByteBuffer;ILjava/nio/ByteBuffer;IZDZI)V @ 59

Classes redefined (8 events):
Event: 0.462 Thread 0x000000001c9e2000 redefined class name=com.zeroturnaround.jrebelbase.facade.ba, count=1
Event: 0.464 Thread 0x000000001c9e2000 redefined class name=com.zeroturnaround.jrebelbase.facade.au, count=1
Event: 0.466 Thread 0x000000001c9e2000 redefined class name=com.zeroturnaround.jrebelbase.facade.a, count=1
Event: 0.467 Thread 0x000000001c9e2000 redefined class name=com.zeroturnaround.jrebelbase.d, count=1
Event: 0.469 Thread 0x000000001c9e2000 redefined class name=com.zeroturnaround.jrebelbase.facade.f, count=1
Event: 0.470 Thread 0x000000001c9e2000 redefined class name=com.zeroturnaround.jrebelbase.facade.e, count=1
Event: 0.471 Thread 0x000000001c9e2000 redefined class name=com.zeroturnaround.jrebelbase.facade.g, count=1
Event: 0.471 Thread 0x000000001c9e2000 redefined class name=com.zeroturnaround.jrebelbase.facade.ad, count=1

Internal exceptions (10 events):
Event: 1.131 Thread 0x0000000003047000 Implicit null exception at 0x0000000003540016 to 0x0000000003540371
Event: 1.176 Thread 0x0000000025840000 Implicit null exception at 0x0000000003551756 to 0x0000000003551ac5
Event: 1.207 Thread 0x0000000025840000 Exception <a 'java/io/FileNotFoundException'> (0x000000076dbbe560) thrown at [C:\re\workspace\8-2-build-windows-amd64-cygwin\jdk8u202\12323\hotspot\src\share\vm\prims\jni.cpp, line 710]
Event: 2.682 Thread 0x0000000003047000 Exception <a 'java/lang/ClassNotFoundException'> (0x000000076fe63a18) thrown at [C:\re\workspace\8-2-build-windows-amd64-cygwin\jdk8u202\12323\hotspot\src\share\vm\prims\jni.cpp, line 710]
Event: 2.682 Thread 0x0000000003047000 Exception <a 'java/lang/ExceptionInInitializerError'> (0x000000076fe64c98) thrown at [C:\re\workspace\8-2-build-windows-amd64-cygwin\jdk8u202\12323\hotspot\src\share\vm\oops\instanceKlass.cpp, line 964]
Event: 2.683 Thread 0x0000000003047000 Exception <a 'java/lang/reflect/InvocationTargetException'> (0x000000076fe74cb0) thrown at [C:\re\workspace\8-2-build-windows-amd64-cygwin\jdk8u202\12323\hotspot\src\share\vm\runtime\reflection.cpp, line 1092]
Event: 2.758 Thread 0x0000000003047000 Exception <a 'java/io/FileNotFoundException'> (0x0000000770240478) thrown at [C:\re\workspace\8-2-build-windows-amd64-cygwin\jdk8u202\12323\hotspot\src\share\vm\prims\jni.cpp, line 710]
Event: 2.773 Thread 0x0000000003047000 Exception <a 'java/io/FileNotFoundException'> (0x000000077043b5a8) thrown at [C:\re\workspace\8-2-build-windows-amd64-cygwin\jdk8u202\12323\hotspot\src\share\vm\prims\jni.cpp, line 710]
Event: 2.837 Thread 0x0000000025846800 Exception <a 'java/io/FileNotFoundException'> (0x0000000770b8b6c8) thrown at [C:\re\workspace\8-2-build-windows-amd64-cygwin\jdk8u202\12323\hotspot\src\share\vm\prims\jni.cpp, line 710]
Event: 2.837 Thread 0x0000000025846800 Exception <a 'java/lang/NullPointerException'> (0x0000000770b8bd00) thrown at [C:\re\workspace\8-2-build-windows-amd64-cygwin\jdk8u202\12323\hotspot\src\share\vm\interpreter\linkResolver.cpp, line 1185]

Events (10 events):
Event: 6.752 Thread 0x000000002583d000 Thread exited: 0x000000002583d000
Event: 6.763 Thread 0x0000000025845000 Thread exited: 0x0000000025845000
Event: 6.769 Thread 0x000000001f46f800 DEOPT PACKING pc=0x0000000003381bec sp=0x00000000220cf4a0
Event: 6.769 Thread 0x000000001f46f800 DEOPT UNPACKING pc=0x0000000003187890 sp=0x00000000220cf238 mode 0
Event: 6.769 Thread 0x000000001f46c800 Thread exited: 0x000000001f46c800
Event: 6.769 Thread 0x000000001f46f800 Thread exited: 0x000000001f46f800
Event: 6.770 Thread 0x000000001f46b800 Thread exited: 0x000000001f46b800
Event: 6.839 Thread 0x0000000025844800 Thread exited: 0x0000000025844800
Event: 6.841 Thread 0x000000002584b000 Thread exited: 0x000000002584b000
Event: 6.846 Executing VM operation: Exit


Dynamic libraries:
0x00007ff6d58b0000 - 0x00007ff6d58e7000 	C:\Program Files\Java\jdk1.8.0_202\bin\javaw.exe
0x00007ffa06390000 - 0x00007ffa06585000 	C:\Windows\SYSTEM32\ntdll.dll
0x00007ffa05850000 - 0x00007ffa0590e000 	C:\Windows\System32\KERNEL32.DLL
0x00007ffa03c70000 - 0x00007ffa03f38000 	C:\Windows\System32\KERNELBASE.dll
0x00007ffa05bb0000 - 0x00007ffa05c5e000 	C:\Windows\System32\ADVAPI32.dll
0x00007ffa05910000 - 0x00007ffa059ae000 	C:\Windows\System32\msvcrt.dll
0x00007ffa05b10000 - 0x00007ffa05bac000 	C:\Windows\System32\sechost.dll
0x00007ffa05300000 - 0x00007ffa05425000 	C:\Windows\System32\RPCRT4.dll
0x00007ffa061a0000 - 0x00007ffa06341000 	C:\Windows\System32\USER32.dll
0x00007ffa03aa0000 - 0x00007ffa03ac2000 	C:\Windows\System32\win32u.dll
0x00007ffa05a10000 - 0x00007ffa05a3b000 	C:\Windows\System32\GDI32.dll
0x00007ffa040a0000 - 0x00007ffa041ad000 	C:\Windows\System32\gdi32full.dll
0x00007ffa03ad0000 - 0x00007ffa03b6d000 	C:\Windows\System32\msvcp_win.dll
0x00007ffa03b70000 - 0x00007ffa03c70000 	C:\Windows\System32\ucrtbase.dll
0x00007ff9ed220000 - 0x00007ff9ed4ba000 	C:\Windows\WinSxS\amd64_microsoft.windows.common-controls_6595b64144ccf1df_6.0.19041.1110_none_60b5254171f9507e\COMCTL32.dll
0x00007ffa05490000 - 0x00007ffa054c0000 	C:\Windows\System32\IMM32.DLL
0x0000000075670000 - 0x0000000075742000 	C:\Program Files\Java\jdk1.8.0_202\jre\bin\msvcr100.dll
0x0000000074dc0000 - 0x0000000075665000 	C:\Program Files\Java\jdk1.8.0_202\jre\bin\server\jvm.dll
0x00007ffa05570000 - 0x00007ffa05578000 	C:\Windows\System32\PSAPI.DLL
0x00007ff9f71b0000 - 0x00007ff9f71ba000 	C:\Windows\SYSTEM32\VERSION.dll
0x00007ff9e5de0000 - 0x00007ff9e5de9000 	C:\Windows\SYSTEM32\WSOCK32.dll
0x00007ff9d6890000 - 0x00007ff9d68b7000 	C:\Windows\SYSTEM32\WINMM.dll
0x00007ffa05c60000 - 0x00007ffa05ccb000 	C:\Windows\System32\WS2_32.dll
0x00007ff9f9d50000 - 0x00007ff9f9d5f000 	C:\Program Files\Java\jdk1.8.0_202\jre\bin\verify.dll
0x00007ff9f9ad0000 - 0x00007ff9f9af9000 	C:\Program Files\Java\jdk1.8.0_202\jre\bin\java.dll
0x00007ff9f9a50000 - 0x00007ff9f9a9d000 	D:\datas\huachuan\eclipse\plugins\org.zeroturnaround.eclipse.embedder_2021.4.0.RELEASE\jrebel\lib\jrebel64.dll
0x00007ffa04580000 - 0x00007ffa04cc4000 	C:\Windows\System32\SHELL32.dll
0x00007ffa03460000 - 0x00007ffa0346c000 	C:\Windows\SYSTEM32\CRYPTBASE.DLL
0x00007ffa054c0000 - 0x00007ffa0556d000 	C:\Windows\System32\shcore.dll
0x00007ffa05e40000 - 0x00007ffa06195000 	C:\Windows\System32\combase.dll
0x00007ff9f9730000 - 0x00007ff9f9746000 	C:\Program Files\Java\jdk1.8.0_202\jre\bin\zip.dll
0x00007ffa01b70000 - 0x00007ffa02305000 	C:\Windows\SYSTEM32\windows.storage.dll
0x00007ffa034f0000 - 0x00007ffa0351e000 	C:\Windows\SYSTEM32\Wldp.dll
0x00007ffa057f0000 - 0x00007ffa05845000 	C:\Windows\System32\shlwapi.dll
0x00007ffa039e0000 - 0x00007ffa039ff000 	C:\Windows\SYSTEM32\profapi.dll
0x00007ff9f9ac0000 - 0x00007ff9f9acd000 	C:\Program Files\Java\jdk1.8.0_202\jre\bin\management.dll
0x00007ff9f9700000 - 0x00007ff9f971a000 	C:\Program Files\Java\jdk1.8.0_202\jre\bin\net.dll
0x00007ff9f2630000 - 0x00007ff9f281b000 	C:\Windows\SYSTEM32\urlmon.dll
0x00007ff9f4050000 - 0x00007ff9f4300000 	C:\Windows\SYSTEM32\iertutil.dll
0x00007ff9f2600000 - 0x00007ff9f2628000 	C:\Windows\SYSTEM32\srvcli.dll
0x00007ffa02f30000 - 0x00007ffa02f3c000 	C:\Windows\SYSTEM32\netutils.dll
0x00007ffa03250000 - 0x00007ffa032ba000 	C:\Windows\system32\mswsock.dll
0x00007ff9f9610000 - 0x00007ff9f9622000 	C:\Program Files\Java\jdk1.8.0_202\jre\bin\nio.dll
0x00007ff9f95e0000 - 0x00007ff9f9604000 	C:\Program Files\Java\jdk1.8.0_202\jre\bin\sunec.dll
0x00007ff9f99b0000 - 0x00007ff9f99bb000 	C:\Program Files\Java\jdk1.8.0_202\jre\bin\sunmscapi.dll
0x00007ffa03f40000 - 0x00007ffa04096000 	C:\Windows\System32\CRYPT32.dll
0x00007ff9f95c0000 - 0x00007ff9f95db000 	C:\Users\Lenovo\.jrebel\jrebel-temp\ver-e8f91f94\IdeaWin64.dll
0x00007ffa03440000 - 0x00007ffa03458000 	C:\Windows\SYSTEM32\CRYPTSP.dll
0x00007ffa02b60000 - 0x00007ffa02b94000 	C:\Windows\system32\rsaenh.dll
0x00007ffa04310000 - 0x00007ffa04337000 	C:\Windows\System32\bcrypt.dll
0x00007ffa03960000 - 0x00007ffa0398e000 	C:\Windows\SYSTEM32\USERENV.dll
0x00007ffa04340000 - 0x00007ffa043c2000 	C:\Windows\System32\bcryptprimitives.dll
0x00007ffa02ef0000 - 0x00007ffa02f2b000 	C:\Windows\SYSTEM32\IPHLPAPI.DLL
0x00007ffa05e30000 - 0x00007ffa05e38000 	C:\Windows\System32\NSI.dll
0x00007ff9f71e0000 - 0x00007ff9f71f7000 	C:\Windows\SYSTEM32\dhcpcsvc6.DLL
0x00007ff9f71c0000 - 0x00007ff9f71dd000 	C:\Windows\SYSTEM32\dhcpcsvc.DLL
0x00007ffa02f40000 - 0x00007ffa0300b000 	C:\Windows\SYSTEM32\DNSAPI.dll
0x00007ff9c5c60000 - 0x00007ff9c5c77000 	C:\Windows\system32\napinsp.dll
0x00007ff9c5c00000 - 0x00007ff9c5c1b000 	C:\Windows\system32\pnrpnsp.dll
0x00007ff9d74a0000 - 0x00007ff9d74b5000 	C:\Windows\system32\wshbth.dll
0x00007ff9fb330000 - 0x00007ff9fb34d000 	C:\Windows\system32\NLAapi.dll
0x00007ff9c5be0000 - 0x00007ff9c5bf2000 	C:\Windows\System32\winrnr.dll
0x00007ff9f9b00000 - 0x00007ff9f9b0a000 	C:\Windows\System32\rasadhlp.dll
0x00007ff9f4c80000 - 0x00007ff9f4cff000 	C:\Windows\System32\fwpuclnt.dll
0x00007ff9da660000 - 0x00007ff9da74f000 	C:\Users\Lenovo\AppData\Local\Temp\javacpp304504398912700\msvcr120.dll
0x00007ff9d9cc0000 - 0x00007ff9d9d66000 	C:\Users\Lenovo\AppData\Local\Temp\javacpp304504398912700\msvcp120.dll
0x00007ff9bcf80000 - 0x00007ff9bd1f9000 	C:\Users\Lenovo\AppData\Local\Temp\javacpp304504398912700\opencv_core310.dll
0x00007ff9bcc30000 - 0x00007ff9bcf71000 	C:\Users\Lenovo\AppData\Local\Temp\javacpp304504398912700\opencv_imgproc310.dll
0x00007ff9a7f30000 - 0x00007ff9a8128000 	C:\Users\Lenovo\AppData\Local\Temp\javacpp304504398912700\jniopencv_core.dll
0x00007ff9d9240000 - 0x00007ff9d92e6000 	C:\Users\Lenovo\AppData\Local\Temp\javacpp304504398912700\jniopencv_imgproc.dll
0x00007ff9a7c60000 - 0x00007ff9a7f28000 	C:\Users\Lenovo\AppData\Local\Temp\javacpp304504398912700\opencv_imgcodecs310.dll
0x00007ff9f9120000 - 0x00007ff9f913c000 	C:\Users\Lenovo\AppData\Local\Temp\javacpp304504398912700\jniopencv_imgcodecs.dll
0x00007ff9e5bb0000 - 0x00007ff9e5c03000 	C:\Users\Lenovo\AppData\Local\Temp\javacpp304504398912700\opencv_videoio310.dll
0x00007ffa056b0000 - 0x00007ffa057da000 	C:\Windows\System32\ole32.dll
0x00007ffa05580000 - 0x00007ffa0564d000 	C:\Windows\System32\OLEAUT32.dll
0x00007ff9eb700000 - 0x00007ff9eb72b000 	C:\Windows\SYSTEM32\MSVFW32.dll
0x00007ff9e5b80000 - 0x00007ff9e5ba1000 	C:\Windows\SYSTEM32\AVIFIL32.dll
0x00007ff9dbde0000 - 0x00007ff9dbdf9000 	C:\Windows\SYSTEM32\AVICAP32.dll
0x00007ff9fb480000 - 0x00007ff9fb49e000 	C:\Windows\SYSTEM32\MSACM32.dll
0x00007ff9e7230000 - 0x00007ff9e7256000 	C:\Windows\SYSTEM32\winmmbase.dll
0x00007ff9dbbc0000 - 0x00007ff9dbbd7000 	C:\Users\Lenovo\AppData\Local\Temp\javacpp304504398912700\jniopencv_videoio.dll
0x00007ffa02320000 - 0x00007ffa02332000 	C:\Windows\SYSTEM32\kernel.appcore.dll
0x00007ff9fd3b0000 - 0x00007ff9fd44e000 	C:\Windows\system32\uxtheme.dll
0x00007ffa05a40000 - 0x00007ffa05ae9000 	C:\Windows\System32\clbcatq.dll
0x00007ff9da430000 - 0x00007ff9da44d000 	C:\Windows\System32\devenum.dll
0x00007ffa04210000 - 0x00007ffa0425e000 	C:\Windows\System32\CFGMGR32.dll
0x00007ffa04cd0000 - 0x00007ffa05142000 	C:\Windows\System32\setupapi.dll
0x00007ffa02790000 - 0x00007ffa027c3000 	C:\Windows\SYSTEM32\ntmarta.dll
0x00007ffa03840000 - 0x00007ffa03874000 	C:\Windows\SYSTEM32\DEVOBJ.dll
0x00007ffa041b0000 - 0x00007ffa04210000 	C:\Windows\System32\WINTRUST.dll
0x00007ffa03680000 - 0x00007ffa03692000 	C:\Windows\SYSTEM32\MSASN1.dll
0x00007ff9fb680000 - 0x00007ff9fb68b000 	C:\Windows\SYSTEM32\msdmo.dll
0x00007ff9da3f0000 - 0x00007ff9da426000 	C:\Windows\System32\qcap.dll
0x00007ff9a7a90000 - 0x00007ff9a7c60000 	C:\Windows\System32\quartz.dll
0x00007ffa043d0000 - 0x00007ffa044e5000 	C:\Windows\System32\MSCTF.dll
0x00007ff9d8700000 - 0x00007ff9d874d000 	C:\Windows\System32\mfksproxy.dll
0x00007ff9d9ca0000 - 0x00007ff9d9cbd000 	C:\Windows\System32\ATL.DLL
0x00007ff9f93a0000 - 0x00007ff9f955c000 	C:\Windows\System32\MFPlat.DLL
0x00007ff9f9b30000 - 0x00007ff9f9b66000 	C:\Windows\System32\RTWorkQ.DLL
0x00007ff9a75f0000 - 0x00007ff9a7a81000 	C:\Windows\System32\MFCORE.dll
0x00007ffa03060000 - 0x00007ffa030ab000 	C:\Windows\SYSTEM32\powrprof.dll
0x00007ff9f9d00000 - 0x00007ff9f9d09000 	C:\Windows\System32\ksuser.dll
0x00007ffa02ed0000 - 0x00007ffa02ee2000 	C:\Windows\SYSTEM32\UMPDC.dll
0x00007ff9d8690000 - 0x00007ff9d8700000 	C:\Windows\System32\FrameServerClient.dll
0x00007ff9f9de0000 - 0x00007ff9f9e47000 	C:\Windows\System32\MFSENSORGROUP.dll
0x00007ff9faa40000 - 0x00007ff9faa4a000 	C:\Windows\System32\AVRT.dll
0x00007ff9f95a0000 - 0x00007ff9f95ad000 	C:\Windows\System32\vidcap.ax
0x00007ff9d9a00000 - 0x00007ff9d9a27000 	C:\Windows\System32\kswdmcap.ax
0x00007ff9bf550000 - 0x00007ff9bf6bc000 	C:\Windows\System32\MFC42.dll
0x00007ff9bcb20000 - 0x00007ff9bcc2a000 	C:\Windows\System32\MFReadWrite.dll
0x00007ff9d6240000 - 0x00007ff9d62e8000 	C:\Windows\System32\qedit.dll
0x00007ffa05d50000 - 0x00007ffa05e2a000 	C:\Windows\System32\COMDLG32.dll
0x00007ff9cdc80000 - 0x00007ff9cde29000 	C:\Windows\WinSxS\amd64_microsoft.windows.gdiplus_6595b64144ccf1df_1.1.19041.1466_none_91a4907ccc87e3b8\gdiplus.dll
0x00007ff9a72a0000 - 0x00007ff9a739b000 	C:\Windows\System32\DDRAW.dll
0x00007ffa02390000 - 0x00007ffa02484000 	C:\Windows\System32\dxgi.dll
0x00007ff9f9110000 - 0x00007ff9f9119000 	C:\Windows\System32\DCIMAN32.dll
0x00007ff9f7270000 - 0x00007ff9f72ab000 	C:\Windows\SYSTEM32\dxcore.dll
0x00007ff9d3230000 - 0x00007ff9d32dd000 	C:\Users\Lenovo\AppData\Local\Temp\javacpp304504398912700\avutil-55.dll
0x00007ff9d9210000 - 0x00007ff9d923c000 	C:\Users\Lenovo\AppData\Local\Temp\javacpp304504398912700\opencv_highgui310.dll
0x00007ff9d8140000 - 0x00007ff9d8175000 	C:\Users\Lenovo\AppData\Local\Temp\javacpp304504398912700\jniopencv_highgui.dll
0x00007ff9a7100000 - 0x00007ff9a7299000 	C:\Program Files\Java\jdk1.8.0_202\jre\bin\awt.dll
0x00007ff9fd1e0000 - 0x00007ff9fd270000 	C:\Windows\SYSTEM32\apphelp.dll
0x00007ffa00e10000 - 0x00007ffa00e3f000 	C:\Windows\system32\DWMAPI.DLL
0x00007ff9d7730000 - 0x00007ff9d7855000 	C:\Windows\system32\opengl32.dll
0x00007ff9d7700000 - 0x00007ff9d772c000 	C:\Windows\SYSTEM32\GLU32.dll
0x00007ff9d5c10000 - 0x00007ff9d5c57000 	C:\Program Files\Java\jdk1.8.0_202\jre\bin\fontmanager.dll
0x00007ff9f2af0000 - 0x00007ff9f2be9000 	C:\Windows\SYSTEM32\textinputframework.dll
0x00007ff9fc8c0000 - 0x00007ff9fcc1e000 	C:\Windows\System32\CoreUIComponents.dll

VM Arguments:
jvm_args: -Drebel.base=C:\Users\Lenovo\.jrebel -Drebel.env.ide.plugin.version=2021.4.0 -Drebel.env.ide.version=4.7.2 -Drebel.env.ide.product=Eclipse -Drebel.env.ide=eclipse -Drebel.notification.url=http://localhost:55247 -Drebel.workspace.path=D:\WorkSpace\HC -Drebel.properties=C:\Users\Lenovo\.jrebel\jrebel.properties -agentpath:D:\datas\huachuan\eclipse\plugins\org.zeroturnaround.eclipse.embedder_2021.4.0.RELEASE\jrebel\lib\jrebel64.dll -Dfile.encoding=UTF-8 
java_command: com.km.voide.VoidUtil
java_class_path (initial): C:\Program Files\Java\jdk1.8.0_202\jre\lib\resources.jar;C:\Program Files\Java\jdk1.8.0_202\jre\lib\rt.jar;C:\Program Files\Java\jdk1.8.0_202\jre\lib\jsse.jar;C:\Program Files\Java\jdk1.8.0_202\jre\lib\jce.jar;C:\Program Files\Java\jdk1.8.0_202\jre\lib\charsets.jar;C:\Program Files\Java\jdk1.8.0_202\jre\lib\jfr.jar;C:\Program Files\Java\jdk1.8.0_202\jre\lib\ext\access-bridge-64.jar;C:\Program Files\Java\jdk1.8.0_202\jre\lib\ext\cldrdata.jar;C:\Program Files\Java\jdk1.8.0_202\jre\lib\ext\dnsns.jar;C:\Program Files\Java\jdk1.8.0_202\jre\lib\ext\jaccess.jar;C:\Program Files\Java\jdk1.8.0_202\jre\lib\ext\jfxrt.jar;C:\Program Files\Java\jdk1.8.0_202\jre\lib\ext\localedata.jar;C:\Program Files\Java\jdk1.8.0_202\jre\lib\ext\nashorn.jar;C:\Program Files\Java\jdk1.8.0_202\jre\lib\ext\sunec.jar;C:\Program Files\Java\jdk1.8.0_202\jre\lib\ext\sunjce_provider.jar;C:\Program Files\Java\jdk1.8.0_202\jre\lib\ext\sunmscapi.jar;C:\Program Files\Java\jdk1.8.0_202\jre\lib\ext\sunpkcs11.jar;C:\Program Files\Java\jdk1.8.0_202\jre\lib\ext\zipfs.jar;D:\WorkSpace\HC\spring5gxl\build\classes;D:\sworf\apache-tomcat-8.5.73\lib\annotations-api.jar;D:\sworf\apache-tomcat-8.5.73\lib\catalina-ant.jar;D:\sworf\apache-tomcat-8.5.73\lib\catalina-ha.jar;D:\sworf\apache-tomcat-8.5.73\lib\catalina-storeconfig.jar;D:\sworf\apache-tomcat-8.5.73\lib\catalina-tribes.jar;D:\sworf\apache-tomcat-8.5.73\lib\catalina.jar;D:\sworf\apache-tomcat-8.5.73\lib\ecj-4.6.3.jar;D:\sworf\apache-tomcat-8.5.73\lib\el-api.jar;D:\sworf\apache-tomcat-8.5.73\lib\jasper-el.jar;D:\sworf\apache-tomcat-8.5.73\lib\jasper.jar;D:\sworf\apache-tomcat-8.5.73\lib\jaspic-api.jar;D:\sworf\apache-tomcat-8.5.73\lib\jsp-api.jar;D:\sworf\apache-tomcat-8.5.73\lib\servlet-api.jar;D:\sworf\apache-tomcat-8.5.73\lib\tomcat-api.jar;D:\sworf\apache-tomcat-8.5.73\lib\tomcat-coyote.jar;D:\sworf\apache-tomcat-8.5.73\lib\tomcat-dbcp.jar;D:\sworf\apache-tomcat-8.5.73\lib\tomcat-i18n-de.jar;D:\sworf\apache-tomcat-8.5.73\lib\tomc
Launcher Type: SUN_STANDARD

Environment Variables:
PATH=C:/Program Files/Java/jre1.8.0_202/bin/server;C:/Program Files/Java/jre1.8.0_202/bin;C:/Program Files/Java/jre1.8.0_202/lib/amd64;C:\Program Files (x86)\Common Files\Oracle\Java\javapath;C:\Windows\system32;C:\Windows;C:\Windows\System32\Wbem;C:\Windows\System32\WindowsPowerShell\v1.0\;C:\Windows\System32\OpenSSH\;C:\Program Files (x86)\MySQL\MySQL Server 5.5\bin;C:\Users\Lenovo\AppData\Local\Microsoft\WindowsApps;;D:\datas\Microsoft VS Code\bin;D:\datas\huachuan\eclipse;
USERNAME=Lenovo
OS=Windows_NT
PROCESSOR_IDENTIFIER=Intel64 Family 6 Model 140 Stepping 1, GenuineIntel



---------------  S Y S T E M  ---------------

OS: Windows 10.0 , 64 bit Build 19041 (10.0.19041.1466)

CPU:total 8 (initial active 8) (4 cores per cpu, 2 threads per core) family 6 model 140 stepping 1, cmov, cx8, fxsr, mmx, sse, sse2, sse3, ssse3, sse4.1, sse4.2, popcnt, avx, avx2, aes, clmul, erms, 3dnowpref, lzcnt, ht, tsc, tscinvbit, bmi1, bmi2, adx

Memory: 4k page, physical 16468084k(5013068k free), swap 24594548k(8989700k free)

vm_info: Java HotSpot(TM) 64-Bit Server VM (25.202-b08) for windows-amd64 JRE (1.8.0_202-b08), built on Dec 15 2018 19:54:30 by "java_re" with MS VC++ 10.0 (VS2010)

time: Mon Jan 24 12:58:50 2022
timezone: ÖĐąú±ę×ĽĘ±Ľä
elapsed time: 7 seconds (0d 0h 0m 7s)

